2026-01-04 10:07:20 - Eminder - INFO - log:98 - (1, 'Emil Sjökvist', 'emil.sjoekvist@gmail.com', '+46736487806', 1, None)
2026-01-04 10:07:20 - Eminder - INFO - log:98 - (3, 'emil.sjokvist@gmail.com', 'emil.sjokvist@gmail.com', '123', 1, None)
2026-01-04 10:07:20 - Eminder - INFO - log:98 - (5, 'emilthemaster@hotmail.com', 'emilthemaster@hotmail.com', '123455', 1, None)
2026-01-04 10:08:46 - Eminder - INFO - log:98 - (1, 'Emil Sjökvist', 'emil.sjoekvist@gmail.com', '+46736487806', 1, None)
2026-01-04 10:08:46 - Eminder - INFO - log:98 - (3, 'emil.sjokvist@gmail.com', 'emil.sjokvist@gmail.com', '123', 1, None)
2026-01-04 10:08:46 - Eminder - INFO - log:98 - (5, 'emilthemaster@hotmail.com', 'emilthemaster@hotmail.com', '123455', 1, None)
2026-01-04 10:08:50 - Eminder - INFO - log:98 - E-mail with Id: 19b8844357771758 has been sent to emil.sjokvist@gmail.com.
2026-01-04 10:08:50 - Eminder - INFO - log:98 - Operation time: 2.04s. Start time: 2026-01-04 10:08:48.328972. Finish time 2026-01-04 10:08:50.373457.
2026-01-04 10:17:11 - Eminder - INFO - log:98 - (1, 'Emil Sjökvist', 'emil.sjoekvist@gmail.com', '+46736487806', 1, None)
2026-01-04 10:17:11 - Eminder - INFO - log:98 - (3, 'emil.sjokvist@gmail.com', 'emil.sjokvist@gmail.com', '123', 1, None)
2026-01-04 10:17:11 - Eminder - INFO - log:98 - (5, 'emilthemaster@hotmail.com', 'emilthemaster@hotmail.com', '123455', 1, None)
2026-01-04 10:25:36 - Eminder - INFO - log:98 - (1, 'Emil Sjökvist', 'emil.sjoekvist@gmail.com', '+46736487806', 1, None)
2026-01-04 10:25:36 - Eminder - INFO - log:98 - (3, 'emil.sjokvist@gmail.com', 'emil.sjokvist@gmail.com', '123', 1, None)
2026-01-04 10:25:36 - Eminder - INFO - log:98 - (5, 'emilthemaster@hotmail.com', 'emilthemaster@hotmail.com', '123455', 1, None)
2026-01-04 10:25:42 - Eminder - INFO - log:98 - (1, 'Emil Sjökvist', 'emil.sjoekvist@gmail.com', '+46736487806', 1, None)
2026-01-04 10:25:42 - Eminder - INFO - log:98 - (3, 'emil.sjokvist@gmail.com', 'emil.sjokvist@gmail.com', '123', 1, None)
2026-01-04 10:25:42 - Eminder - INFO - log:98 - (5, 'emilthemaster@hotmail.com', 'emilthemaster@hotmail.com', '123455', 1, None)
2026-01-04 10:25:42 - Eminder - INFO - log:98 - (1, 'Emil Sjökvist', 'emil.sjoekvist@gmail.com', '+46736487806', 1, None)
2026-01-04 10:25:42 - Eminder - INFO - log:98 - (3, 'emil.sjokvist@gmail.com', 'emil.sjokvist@gmail.com', '123', 1, None)
2026-01-04 10:25:42 - Eminder - INFO - log:98 - (5, 'emilthemaster@hotmail.com', 'emilthemaster@hotmail.com', '123455', 1, None)
2026-01-04 10:25:43 - Eminder - INFO - log:98 - (1, 'Emil Sjökvist', 'emil.sjoekvist@gmail.com', '+46736487806', 1, None)
2026-01-04 10:25:43 - Eminder - INFO - log:98 - (3, 'emil.sjokvist@gmail.com', 'emil.sjokvist@gmail.com', '123', 1, None)
2026-01-04 10:25:43 - Eminder - INFO - log:98 - (5, 'emilthemaster@hotmail.com', 'emilthemaster@hotmail.com', '123455', 1, None)
2026-01-04 10:25:43 - Eminder - INFO - log:98 - (1, 'Emil Sjökvist', 'emil.sjoekvist@gmail.com', '+46736487806', 1, None)
2026-01-04 10:25:43 - Eminder - INFO - log:98 - (3, 'emil.sjokvist@gmail.com', 'emil.sjokvist@gmail.com', '123', 1, None)
2026-01-04 10:25:43 - Eminder - INFO - log:98 - (5, 'emilthemaster@hotmail.com', 'emilthemaster@hotmail.com', '123455', 1, None)
2026-01-04 10:25:43 - Eminder - INFO - log:98 - (1, 'Emil Sjökvist', 'emil.sjoekvist@gmail.com', '+46736487806', 1, None)
2026-01-04 10:25:43 - Eminder - INFO - log:98 - (3, 'emil.sjokvist@gmail.com', 'emil.sjokvist@gmail.com', '123', 1, None)
2026-01-04 10:25:43 - Eminder - INFO - log:98 - (5, 'emilthemaster@hotmail.com', 'emilthemaster@hotmail.com', '123455', 1, None)
2026-01-04 10:25:43 - Eminder - INFO - log:98 - (1, 'Emil Sjökvist', 'emil.sjoekvist@gmail.com', '+46736487806', 1, None)
2026-01-04 10:25:43 - Eminder - INFO - log:98 - (3, 'emil.sjokvist@gmail.com', 'emil.sjokvist@gmail.com', '123', 1, None)
2026-01-04 10:25:43 - Eminder - INFO - log:98 - (5, 'emilthemaster@hotmail.com', 'emilthemaster@hotmail.com', '123455', 1, None)
2026-01-04 10:28:31 - Eminder - INFO - log:98 - (1, 'Emil Sjökvist', 'emil.sjoekvist@gmail.com', '+46736487806', 1, None)
2026-01-04 10:28:31 - Eminder - INFO - log:98 - (3, 'emil.sjokvist@gmail.com', 'emil.sjokvist@gmail.com', '123', 1, None)
2026-01-04 10:28:31 - Eminder - INFO - log:98 - (5, 'emilthemaster@hotmail.com', 'emilthemaster@hotmail.com', '123455', 1, None)
2026-01-04 10:46:10 - Eminder - INFO - log:98 - (1, 'Emil Sjökvist', 'emil.sjoekvist@gmail.com', '+46736487806', 1, None)
2026-01-04 10:46:10 - Eminder - INFO - log:98 - (3, 'emil.sjokvist@gmail.com', 'emil.sjokvist@gmail.com', '123', 1, None)
2026-01-04 10:46:10 - Eminder - INFO - log:98 - (5, 'emilthemaster@hotmail.com', 'emilthemaster@hotmail.com', '123455', 1, None)
2026-01-04 11:22:52 - Eminder - INFO - log:98 - 1062 (23000): Duplicate entry 'emil.sjoekvist@gmail.com' for key 'recipients.Email_UNIQUE'
2026-01-04 11:26:28 - Eminder - ERROR - error:138 - 'method' object is not iterable
2026-01-04 11:28:04 - Eminder - ERROR - error:138 - 1062 (23000): Duplicate entry 'emil.sjoekvist@gmail.com' for key 'recipients.Email_UNIQUE'
2026-01-04 16:07:43 - Eminder - ERROR - error:138 - 1062 (23000): Duplicate entry 'emil.sjoekvist@gmail.com' for key 'recipients.Email_UNIQUE'
2026-01-04 16:08:39 - Eminder - ERROR - error:138 - 2055: Cursor is not connected
2026-01-04 16:37:14 - Eminder - ERROR - error:138 - 1062 (23000): Duplicate entry '123' for key 'recipients.Phone_UNIQUE'
2026-01-04 16:38:50 - Eminder - ERROR - error:138 - 1062 (23000): Duplicate entry '123' for key 'recipients.Phone_UNIQUE'
2026-01-04 16:39:44 - Eminder - ERROR - error:138 - 1062 (23000): Duplicate entry '123' for key 'recipients.Phone_UNIQUE'
2026-01-04 16:59:10 - Eminder - ERROR - error:138 - 2055: Cursor is not connected
2026-01-04 17:07:00 - Eminder - ERROR - error:138 - 1062 (23000): Duplicate entry 'e@e.com' for key 'recipients.Email_UNIQUE'
2026-01-04 17:32:57 - Eminder - ERROR - error:138 - 1062 (23000): Duplicate entry '' for key 'recipients.Phone_UNIQUE'
2026-01-04 17:35:55 - Eminder - INFO - log:98 - New record was inserted into the Recipients table with Id: 37, name: e, email: e@emil.com.
2026-01-04 17:48:05 - Eminder - ERROR - error:138 - 1054 (42S22): Unknown column 'Id' in 'where clause'
2026-01-04 17:48:37 - Eminder - INFO - log:98 - Record with id 37 was deleted from the Recipients table!
2026-01-04 17:48:44 - Eminder - INFO - log:98 - Record with id 34 was deleted from the Recipients table!
2026-01-04 17:48:56 - Eminder - INFO - log:98 - New record was inserted into the Recipients table with Id: 38, name: e@e.com, email: emil@emil.com.
2026-01-04 18:05:09 - Eminder - INFO - log:98 - Listing records in Task table:
2026-01-04 18:05:37 - Eminder - INFO - log:98 - Listing records in Task table:
2026-01-04 18:09:00 - Eminder - INFO - log:98 - 1064 (42000): You have an error in your SQL syntax; check the manual that corresponds to your MySQL server version for the right syntax to use near 'WHERE Active = 1' at line 1
2026-01-04 18:09:30 - Eminder - INFO - log:98 - 1064 (42000): You have an error in your SQL syntax; check the manual that corresponds to your MySQL server version for the right syntax to use near 'WHERE Active = "1"' at line 1
2026-01-04 18:09:48 - Eminder - INFO - log:98 - 1064 (42000): You have an error in your SQL syntax; check the manual that corresponds to your MySQL server version for the right syntax to use near 'WHERE Active = "1"' at line 1
2026-01-04 18:54:23 - Eminder - INFO - log:98 - TaskId 72 has been saved! Message: Hejsan här kommer jag. Schedule: {"type": "once", "time": "2026-01-06", "timezone": "CET"}.
2026-01-04 18:56:29 - Eminder - ERROR - error:138 - name 'cursor' is not defined
2026-01-04 18:57:01 - Eminder - INFO - log:98 - TaskId 73 has been saved! Message: hopa. Schedule: {"type": "once", "time": "2026-01-06", "timezone": "CET"}.
2026-01-04 18:57:42 - Eminder - INFO - log:98 - TaskId 74 has been saved! Message: 43fdsfksd. Schedule: {"type": "daily", "time": "20:10", "timezone": "CET"}.
2026-01-04 18:57:59 - Eminder - INFO - log:98 - New record was inserted into the Recipients table with Id: 39, name: Emil, email: e@dmilm.com.
2026-01-04 19:02:10 - Eminder - INFO - log:98 - TaskId 75 has been saved! Message: Woopa. Schedule: {"type": "interval", "interval": "2", "time": "10:00", "timezone": "CET"}.
2026-01-04 19:02:27 - Eminder - INFO - log:98 - New record was inserted into the Recipients table with Id: 40, name: Emilfmds, email: sdfk@fdsf.com.
2026-01-04 19:05:11 - Eminder - INFO - log:98 - TaskId 76 has been saved! Message: fdsfs. Schedule: {"type": "daily", "time": "10:00", "timezone": "CET"}.
2026-01-04 19:06:19 - Eminder - INFO - log:98 - TaskId 77 has been saved! Message: dsfpsdfsf. Schedule: {"type": "daily", "time": "10:00", "timezone": "CET"}.
2026-01-04 19:06:32 - Eminder - INFO - log:98 - New record was inserted into the Recipients table with Id: 41, name: Emil, email: dsfdf@fsdgfd.com.
2026-01-04 19:09:44 - Eminder - INFO - log:98 - TaskId 78 has been saved! Message: fdsgdfgdf. Schedule: {"type": "daily", "time": "10:00", "timezone": "CET"}.
2026-01-04 19:10:31 - Eminder - INFO - log:98 - TaskId 79 has been saved! Message: gdfsgsdfg. Schedule: {"type": "daily", "time": "10:00", "timezone": "CET"}.
2026-01-04 19:12:11 - Eminder - INFO - log:98 - TaskId 80 has been saved! Message: sdfdfsdf. Schedule: {"type": "daily", "time": "12:12", "timezone": "CET"}.
2026-01-04 19:13:07 - Eminder - INFO - log:98 - TaskId 81 has been saved! Message: gsdfgfsdg. Schedule: {"type": "daily", "time": "10:10", "timezone": "CET"}.
2026-01-04 19:13:40 - Eminder - INFO - log:98 - TaskId 82 has been saved! Message: dfgdfsgsd. Schedule: {"type": "daily", "time": "10:10", "timezone": "CET"}.
2026-01-04 19:16:42 - Eminder - INFO - log:98 - TaskId 83 has been saved! Message: grsegfdsg. Schedule: {"type": "daily", "time": "10:10", "timezone": "CET"}.
2026-01-04 19:16:53 - Eminder - INFO - log:98 - New record was inserted into the Recipients table with Id: 42, name: Emil, email: emildaiofj@fsdlifjs.com.
2026-01-04 19:18:50 - Eminder - INFO - log:98 - TaskId 84 has been saved! Message: fdgdfg. Schedule: {"type": "daily", "time": "12:12", "timezone": "CET"}.
2026-01-04 19:18:59 - Eminder - INFO - log:98 - New record was inserted into the Recipients table with Id: 43, name: EMkldsfm, email: dsfgfd@fgdsg.com.
2026-01-04 19:21:23 - Eminder - INFO - log:98 - TaskId 85 has been saved! Message: fgdgs. Schedule: {"type": "daily", "time": "10:10", "timezone": "CET"}.
2026-01-04 19:21:31 - Eminder - INFO - log:98 - New record was inserted into the Recipients table with Id: 44, name: fdkgdfg, email: dsfsd@fdsfd.com.
2026-01-04 19:21:31 - Eminder - INFO - log:98 - TaskId 44 has been connected with Recipient fdkgdfg, dsfsd@fdsfd.com.
2026-01-04 19:21:55 - Eminder - INFO - log:98 - TaskId 86 has been saved! Message: dfgölkdfgs. Schedule: {"type": "daily", "time": "10:10", "timezone": "CET"}.
2026-01-04 19:31:35 - Eminder - INFO - log:98 - TaskId 87 has been saved! Message: gfdgdf. Schedule: {"type": "daily", "time": "10:10", "timezone": "CET"}.
2026-01-04 19:50:39 - Eminder - INFO - log:98 - TaskId 88 has been saved! Message: fsdgfsg. Schedule: {"type": "daily", "time": "10:10", "timezone": "CET"}.
2026-01-04 19:52:06 - Eminder - INFO - log:98 - TaskId 89 has been saved! Message: fdfdg. Schedule: {}.
2026-01-04 19:52:22 - Eminder - ERROR - error:138 - name 'cursor' is not defined
2026-01-04 19:55:49 - Eminder - INFO - log:98 - TaskId 90 has been saved! Message: fdsgfdf. Schedule: {"type": "daily", "time": "10:10", "timezone": "CET"}.
2026-01-04 19:56:04 - Eminder - ERROR - error:138 - name 'cursor' is not defined
2026-01-04 20:16:00 - Eminder - INFO - log:98 - TaskId 91 has been saved! Message: dgfsg. Schedule: {"type": "weekly", "days": "mon, fri,wed", "time": "10:10", "timezone": "CET"}.
2026-01-04 20:16:32 - Eminder - INFO - log:98 - TaskId 92 has been saved! Message: Då. Schedule: {"type": "weekly", "days": "fri, sat, kuken", "time": "00:01", "timezone": "CET"}.
2026-01-04 20:27:58 - Eminder - INFO - log:98 - TaskId 93 has been saved! Message: fdsfksdf. Schedule: {"type": "weekly", "days": "mon,kuken,tue", "time": "10:11", "timezone": "CET"}.
2026-01-04 20:30:37 - Eminder - INFO - log:98 - TaskId 94 has been saved! Message: JSIojfsdf. Schedule: {"type": "weekly", "days": "fri, wed,tue, sun", "time": "10:24", "timezone": "CET"}.
2026-01-04 20:30:58 - Eminder - ERROR - error:138 - name 'cursor' is not defined
2026-01-04 20:34:08 - Eminder - INFO - log:98 - TaskId 95 has been saved! Message: LKJLKjsf. Schedule: {"type": "weekly", "days": "mon,fri,wed,sun", "time": "10:34", "timezone": "CET"}.
2026-01-04 20:44:50 - Eminder - INFO - log:98 - TaskId 96 has been saved! Message: sdzfa. Schedule: {"type": "daily", "time": "", "timezone": "CET"}.
2026-01-04 21:18:53 - Eminder - INFO - log:98 - TaskId 97 has been saved! Message: Offer breastmilk or formula upon waking. For a 7-month-old weighing 10 kg, aim for about 180-240 ml (6-8 oz) of breastmilk or formula to start the day, as milk remains the primary source of nutrition.. Schedule: {"time": "07:00", "type": "daily", "timezone": "CET"}.
2026-01-04 21:18:53 - Eminder - INFO - log:98 - TaskId 98 has been saved! Message: Approximately 1-1.5 hours after the morning milk feed, offer breakfast. This can include 2-4 tablespoons of iron-fortified baby cereal mixed with breastmilk, formula, or water, along with 2-3 tablespoons of pureed fruit (e.g., banana, pear, peach). Offer a few sips of water from a sippy cup.. Schedule: {"time": "08:30", "type": "daily", "timezone": "CET"}.
2026-01-04 21:18:53 - Eminder - INFO - log:98 - TaskId 99 has been saved! Message: Offer breastmilk or formula as a snack. Your 7-month-old may take another 150-210 ml (5-7 oz) to stay hydrated and nourished between solid meals.. Schedule: {"time": "11:00", "type": "daily", "timezone": "CET"}.
2026-01-04 21:18:53 - Eminder - INFO - log:98 - TaskId 100 has been saved! Message: For lunch, offer 2-4 tablespoons of pureed or well-mashed vegetables (e.g., sweet potato, carrot, peas, green beans) and 2-3 tablespoons of pureed protein (e.g., chicken, beef, turkey, fish, lentils, beans, or tofu). Ensure all foods are smooth and free of lumps to prevent choking. Offer water in a sippy cup.. Schedule: {"time": "13:00", "type": "daily", "timezone": "CET"}.
2026-01-04 21:18:53 - Eminder - INFO - log:98 - TaskId 101 has been saved! Message: Provide another breastmilk or formula feed in the afternoon. Around 150-210 ml (5-7 oz) is typical for this age, providing essential nutrients and hydration.. Schedule: {"time": "16:00", "type": "daily", "timezone": "CET"}.
2026-01-04 21:18:53 - Eminder - INFO - log:98 - TaskId 102 has been saved! Message: Offer a lighter solid meal for dinner, focusing on 2-4 tablespoons of pureed fruit or vegetables, or a small portion of iron-fortified cereal. Avoid overly heavy or new foods close to bedtime. Offer water in a sippy cup.. Schedule: {"time": "17:30", "type": "daily", "timezone": "CET"}.
2026-01-04 21:18:53 - Eminder - INFO - log:98 - TaskId 103 has been saved! Message: Offer a final breastmilk or formula feed before bed. This helps ensure your baby is full and settled for sleep, typically around 180-240 ml (6-8 oz).. Schedule: {"time": "19:30", "type": "daily", "timezone": "CET"}.
2026-01-04 21:19:08 - Eminder - ERROR - error:138 - name 'cursor' is not defined
2026-01-04 21:23:36 - Eminder - INFO - log:98 - TaskId 104 has been saved! Message: Då. Schedule: {"type": "daily", "time": "10:10", "timezone": "CET"}.
2026-01-04 21:23:41 - Eminder - ERROR - error:138 - name 'cursor' is not defined
2026-01-04 21:30:32 - Eminder - ERROR - error:138 - name 'cursor' is not defined
2026-01-04 21:42:38 - Eminder - INFO - log:98 - TaskId 105 has been saved! Message: SAn. Schedule: {"type": "daily", "time": "10:10", "timezone": "CET"}.
2026-01-04 21:42:44 - Eminder - INFO - log:98 - TaskId 105 has been connected to RecipientId 1.
2026-01-04 21:42:59 - Eminder - ERROR - error:138 - 1062 (23000): Duplicate entry '105-1' for key 'taskrecipients.PRIMARY'
2026-01-04 21:43:30 - Eminder - ERROR - error:138 - 1062 (23000): Duplicate entry '105-1' for key 'taskrecipients.PRIMARY'
2026-01-04 21:43:47 - Eminder - INFO - log:98 - TaskId 106 has been saved! Message: DA. Schedule: {"type": "daily", "time": "10:10", "timezone": "CET"}.
2026-01-04 21:44:59 - Eminder - INFO - log:98 - TaskId 105 has been connected to RecipientId 3.
2026-01-04 21:45:18 - Eminder - INFO - log:98 - TaskId 107 has been saved! Message: San. Schedule: {"type": "weekly", "days": "thu,mon,wed", "time": "10:10", "timezone": "CET"}.
2026-01-04 21:45:29 - Eminder - INFO - log:98 - TaskId 107 has been connected to RecipientId 3.
2026-01-04 21:50:12 - Eminder - INFO - log:98 - TaskId 108 has been saved! Message: Hej. Schedule: {"type": "daily", "time": "10:15", "timezone": "CET"}.
2026-01-04 21:50:24 - Eminder - INFO - log:98 - TaskId 108 has been connected to RecipientId 1.
2026-01-04 22:10:51 - Eminder - INFO - log:98 - TaskId 109 has been saved! Message: fsdjlkfj. Schedule: {"type": "daily", "time": "10:12", "timezone": "CET"}.
2026-01-04 22:15:35 - Eminder - INFO - log:98 - E-mail with Id: 19b8add9037938cf has been sent to emil.sjokvist@gmail.com.
2026-01-04 22:15:35 - Eminder - INFO - log:98 - Operation time: 1.75s. Start time: 2026-01-04 22:15:33.782288. Finish time 2026-01-04 22:15:35.529085.
2026-01-04 22:17:38 - Eminder - INFO - log:98 - E-mail with Id: 19b8adf6e38dee5d has been sent to emil.sjokvist@gmail.com.
2026-01-04 22:17:38 - Eminder - INFO - log:98 - Operation time: 1.61s. Start time: 2026-01-04 22:17:36.686888. Finish time 2026-01-04 22:17:38.293179.
2026-01-04 22:17:38 - Eminder - ERROR - error:138 - Schedulerservice stopped with following: 2055: Cursor is not connected
2026-01-04 22:20:19 - Eminder - INFO - log:98 - E-mail with Id: 19b8ae1e45268d4e has been sent to emil.sjokvist@gmail.com.
2026-01-04 22:20:19 - Eminder - INFO - log:98 - Operation time: 1.72s. Start time: 2026-01-04 22:20:17.991155. Finish time 2026-01-04 22:20:19.709533.
2026-01-04 22:20:19 - Eminder - INFO - log:98 - Last triggered updated to 2026-01-04 22:20:17.982835 On TaskId 25.
2026-01-04 22:20:20 - Eminder - INFO - log:98 - E-mail with Id: 19b8ae1ebf67bd64 has been sent to emil.sjokvist@gmail.com.
2026-01-04 22:20:20 - Eminder - INFO - log:98 - Operation time: 0.99s. Start time: 2026-01-04 22:20:19.752141. Finish time 2026-01-04 22:20:20.744724.
2026-01-04 22:20:20 - Eminder - INFO - log:98 - Last triggered updated to 2026-01-04 22:20:17.982835 On TaskId 35.
2026-01-04 22:20:21 - Eminder - INFO - log:98 - E-mail with Id: 19b8ae1ef3dd7b9c has been sent to emil.sjoekvist@gmail.com.
2026-01-04 22:20:21 - Eminder - INFO - log:98 - Operation time: 0.99s. Start time: 2026-01-04 22:20:20.784391. Finish time 2026-01-04 22:20:21.777961.
2026-01-04 22:20:21 - Eminder - INFO - log:98 - Last triggered updated to 2026-01-04 22:20:17.982835 On TaskId 58.
2026-01-04 22:20:22 - Eminder - INFO - log:98 - E-mail with Id: 19b8ae1f35c23c06 has been sent to emil.sjoekvist@gmail.com.
2026-01-04 22:20:22 - Eminder - INFO - log:98 - Operation time: 1.05s. Start time: 2026-01-04 22:20:21.796314. Finish time 2026-01-04 22:20:22.849029.
2026-01-04 22:20:22 - Eminder - INFO - log:98 - Last triggered updated to 2026-01-04 22:20:17.982835 On TaskId 59.
2026-01-04 22:20:23 - Eminder - INFO - log:98 - E-mail with Id: 19b8ae1f6c6a68f3 has been sent to emil.sjoekvist@gmail.com.
2026-01-04 22:20:23 - Eminder - INFO - log:98 - Operation time: 1.07s. Start time: 2026-01-04 22:20:22.877896. Finish time 2026-01-04 22:20:23.951867.
2026-01-04 22:20:23 - Eminder - INFO - log:98 - Last triggered updated to 2026-01-04 22:20:17.982835 On TaskId 60.
2026-01-04 22:20:24 - Eminder - INFO - log:98 - E-mail with Id: 19b8ae1fa57109f4 has been sent to emil.sjoekvist@gmail.com.
2026-01-04 22:20:25 - Eminder - INFO - log:98 - Operation time: 1.01s. Start time: 2026-01-04 22:20:23.980522. Finish time 2026-01-04 22:20:24.992693.
2026-01-04 22:20:25 - Eminder - INFO - log:98 - Last triggered updated to 2026-01-04 22:20:17.982835 On TaskId 64.
2026-01-04 22:20:26 - Eminder - INFO - log:98 - E-mail with Id: 19b8ae1ff155b123 has been sent to emil.sjoekvist@gmail.com.
2026-01-04 22:20:26 - Eminder - INFO - log:98 - Operation time: 1.11s. Start time: 2026-01-04 22:20:25.023536. Finish time 2026-01-04 22:20:26.130754.
2026-01-04 22:20:26 - Eminder - INFO - log:98 - Last triggered updated to 2026-01-04 22:20:17.982835 On TaskId 68.
2026-01-04 22:20:27 - Eminder - INFO - log:98 - E-mail with Id: 19b8ae202013f62e has been sent to emildaiofj@fsdlifjs.com.
2026-01-04 22:20:27 - Eminder - INFO - log:98 - Operation time: 0.98s. Start time: 2026-01-04 22:20:26.154764. Finish time 2026-01-04 22:20:27.137089.
2026-01-04 22:20:27 - Eminder - INFO - log:98 - Last triggered updated to 2026-01-04 22:20:17.982835 On TaskId 83.
2026-01-04 22:20:28 - Eminder - INFO - log:98 - E-mail with Id: 19b8ae2076a1fcb5 has been sent to dsfgfd@fgdsg.com.
2026-01-04 22:20:28 - Eminder - INFO - log:98 - Operation time: 1.00s. Start time: 2026-01-04 22:20:27.165428. Finish time 2026-01-04 22:20:28.164044.
2026-01-04 22:20:28 - Eminder - INFO - log:98 - Last triggered updated to 2026-01-04 22:20:17.982835 On TaskId 84.
2026-01-04 22:20:29 - Eminder - INFO - log:98 - E-mail with Id: 19b8ae20aaad76c9 has been sent to dsfsd@fdsfd.com.
2026-01-04 22:20:29 - Eminder - INFO - log:98 - Operation time: 1.12s. Start time: 2026-01-04 22:20:28.183176. Finish time 2026-01-04 22:20:29.298642.
2026-01-04 22:20:29 - Eminder - INFO - log:98 - Last triggered updated to 2026-01-04 22:20:17.982835 On TaskId 85.
2026-01-04 22:20:30 - Eminder - INFO - log:98 - E-mail with Id: 19b8ae20fd3b0262 has been sent to emil.sjoekvist@gmail.com.
2026-01-04 22:20:30 - Eminder - INFO - log:98 - Operation time: 1.06s. Start time: 2026-01-04 22:20:29.317963. Finish time 2026-01-04 22:20:30.382673.
2026-01-04 22:20:30 - Eminder - INFO - log:98 - Last triggered updated to 2026-01-04 22:20:17.982835 On TaskId 105.
2026-01-04 22:20:31 - Eminder - INFO - log:98 - E-mail with Id: 19b8ae212a232d1c has been sent to emil.sjokvist@gmail.com.
2026-01-04 22:20:31 - Eminder - INFO - log:98 - Operation time: 1.00s. Start time: 2026-01-04 22:20:30.405066. Finish time 2026-01-04 22:20:31.403752.
2026-01-04 22:20:31 - Eminder - INFO - log:98 - Last triggered updated to 2026-01-04 22:20:17.982835 On TaskId 105.
2026-01-04 22:20:32 - Eminder - INFO - log:98 - E-mail with Id: 19b8ae2172448c96 has been sent to emil.sjoekvist@gmail.com.
2026-01-04 22:20:32 - Eminder - INFO - log:98 - Operation time: 1.03s. Start time: 2026-01-04 22:20:31.420522. Finish time 2026-01-04 22:20:32.449794.
2026-01-04 22:20:32 - Eminder - INFO - log:98 - Last triggered updated to 2026-01-04 22:20:17.982835 On TaskId 108.
2026-01-04 22:32:53 - Eminder - INFO - log:98 - TaskId 110 has been saved! Message: Offer a full feed of breast milk or formula. At 7 months and 10kg, your baby still relies on milk as a primary source of nutrition and hydration, especially after a long night's sleep.. Schedule: {"time": "07:00", "type": "daily", "timezone": "CET"}.
2026-01-04 22:32:53 - Eminder - INFO - log:98 - TaskId 111 has been saved! Message: Offer iron-fortified baby cereal mixed with breast milk/formula or pureed fruit (e.g., banana, pear). Start with 2-4 tablespoons of solids, followed by breast milk or formula. Introducing iron-rich foods is crucial at this stage to support your baby's development as their iron stores from birth begin to deplete.. Schedule: {"time": "08:00", "type": "daily", "timezone": "CET"}.
2026-01-04 22:32:53 - Eminder - INFO - log:98 - TaskId 112 has been saved! Message: Provide a breast milk or formula feed. This feed helps maintain hydration and provides essential nutrients between solid meals, ensuring continuous energy for your active 7-month-old.. Schedule: {"time": "11:00", "type": "daily", "timezone": "CET"}.
2026-01-04 22:32:53 - Eminder - INFO - log:98 - TaskId 113 has been saved! Message: Offer pureed or well-mashed vegetables (e.g., sweet potato, carrot, broccoli) mixed with a source of protein like pureed chicken, beef, or lentils. Start with 2-4 tablespoons of solids and gradually increase as tolerated. Follow with breast milk or formula. This meal introduces a wider range of nutrients and helps develop chewing and swallowing skills.. Schedule: {"time": "12:30", "type": "daily", "timezone": "CET"}.
2026-01-04 22:32:53 - Eminder - INFO - log:98 - TaskId 114 has been saved! Message: Give a breast milk or formula feed. This feed is important to satisfy hunger and thirst before the next solid meal, providing a comfortable bridge through the afternoon.. Schedule: {"time": "15:30", "type": "daily", "timezone": "CET"}.
2026-01-04 22:32:53 - Eminder - INFO - log:98 - TaskId 115 has been saved! Message: Offer pureed or mashed vegetables, or a small portion of full-fat plain yogurt with fruit puree. Start with 2-4 tablespoons and increase gradually. Follow with breast milk or formula. This meal should be lighter and easy to digest before bedtime, helping your baby feel full and settled.. Schedule: {"time": "17:30", "type": "daily", "timezone": "CET"}.
2026-01-04 22:32:53 - Eminder - INFO - log:98 - TaskId 116 has been saved! Message: Provide a final breast milk or formula feed before bedtime. This feed is crucial for providing satiety throughout the night and ensuring your baby receives adequate calories and fluids for growth and development. Adjust the quantity based on your baby's hunger cues.. Schedule: {"time": "19:30", "type": "daily", "timezone": "CET"}.
2026-01-04 22:33:32 - Eminder - INFO - log:98 - TaskId 110 has been connected to RecipientId 1.
2026-01-04 22:33:32 - Eminder - INFO - log:98 - TaskId 111 has been connected to RecipientId 1.
2026-01-04 22:33:32 - Eminder - INFO - log:98 - TaskId 112 has been connected to RecipientId 1.
2026-01-04 22:33:32 - Eminder - INFO - log:98 - TaskId 113 has been connected to RecipientId 1.
2026-01-04 22:33:32 - Eminder - INFO - log:98 - TaskId 114 has been connected to RecipientId 1.
2026-01-04 22:33:32 - Eminder - INFO - log:98 - TaskId 115 has been connected to RecipientId 1.
2026-01-04 22:33:32 - Eminder - INFO - log:98 - TaskId 116 has been connected to RecipientId 1.
2026-01-04 22:36:13 - Eminder - INFO - log:98 - Removed Taskid 116 from DB.
2026-01-04 22:36:19 - Eminder - INFO - log:98 - Removed Taskid 115 from DB.
2026-01-04 22:36:24 - Eminder - INFO - log:98 - Removed Taskid 114 from DB.
2026-01-04 22:36:27 - Eminder - INFO - log:98 - Removed Taskid 113 from DB.
2026-01-04 22:36:32 - Eminder - INFO - log:98 - Removed Taskid 112 from DB.
2026-01-04 22:36:37 - Eminder - INFO - log:98 - Removed Taskid 111 from DB.
2026-01-04 22:39:28 - Eminder - INFO - log:98 - E-mail with Id: 19b8af36d8ac46ce has been sent to emil.sjoekvist@gmail.com.
2026-01-04 22:39:28 - Eminder - INFO - log:98 - Operation time: 1.78s. Start time: 2026-01-04 22:39:26.724527. Finish time 2026-01-04 22:39:28.506260.
2026-01-04 22:39:28 - Eminder - INFO - log:98 - Last triggered updated to 2026-01-04 22:39:26.664783 On TaskId 110.
2026-01-04 22:47:41 - Eminder - INFO - log:98 - TaskId 117 has been saved!
 Subject: Morning Meditation. 
Message: Dedicate 10-15 minutes each morning to meditation. This practice helps to set a positive tone for the day, improve focus, and reduce stress before daily demands begin. Find a quiet spot, sit comfortably, and focus on your breath.. 
Schedule: {"time": "07:00", "type": "daily", "timezone": "CET"}.
2026-01-04 22:47:41 - Eminder - INFO - log:98 - TaskId 118 has been saved!
 Subject: Midday Mindful Pause. 
Message: Take 5 minutes around midday to pause and practice mindfulness. This can be done at your desk, during a break, or while walking. It helps to reset, reduce mental fatigue, and bring awareness back to the present moment, increasing productivity and calm for the afternoon.. 
Schedule: {"time": "13:00", "type": "daily", "timezone": "CET"}.
2026-01-04 22:47:41 - Eminder - INFO - log:98 - TaskId 119 has been saved!
 Subject: Weekend Deep Meditation. 
Message: Commit to a longer meditation session (20-30 minutes) once a week, preferably on a weekend when you have more time. This allows for deeper exploration of your practice, cultivating greater insight and sustained peace, and reinforcing the benefits of daily shorter sessions.. 
Schedule: {"time": "10:00", "type": "weekly", "days": "sun", "timezone": "CET"}.
2026-01-04 22:47:41 - Eminder - INFO - log:98 - TaskId 120 has been saved!
 Subject: Evening Wind-Down Meditation. 
Message: Practice a short 5-10 minute meditation before bed. This helps to calm the mind, release the day's tensions, and prepare your body for restful sleep. Focus on relaxing each part of your body and letting go of any thoughts or worries.. 
Schedule: {"time": "22:00", "type": "daily", "timezone": "CET"}.
2026-01-04 22:49:59 - Eminder - INFO - log:98 - TaskId 121 has been saved!
 Subject: Daily Morning Meditation. 
Message: Dedicate 10-15 minutes each morning to meditation. This will help you start your day with a calm and focused mind, reduce stress, and improve overall mental well-being. Find a quiet space, sit comfortably, and focus on your breath. Consistency is key, so even a short session daily is more beneficial than longer, infrequent ones.. 
Schedule: {"time": "07:00", "type": "daily", "timezone": "CET"}.
2026-01-04 22:49:59 - Eminder - INFO - log:98 - TaskId 122 has been saved!
 Subject: Mid-day Mindful Pause. 
Message: Take 5 minutes during your lunch break or a natural pause in your day to practice a short mindfulness exercise. This can be a body scan, focusing on sensations, or a few deep breaths. It helps to re-center, release tension accumulated during the morning, and regain focus for the rest of your day.. 
Schedule: {"time": "13:00", "type": "daily", "timezone": "CET"}.
2026-01-04 22:49:59 - Eminder - INFO - log:98 - TaskId 123 has been saved!
 Subject: Evening Wind-down Meditation. 
Message: Before bed, dedicate 10 minutes to a gentle, reflective meditation. This can help process the day's events, release any lingering stress, and prepare your mind and body for restful sleep. Focus on gratitude or simply observe your thoughts without judgment.. 
Schedule: {"time": "21:30", "type": "daily", "timezone": "CET"}.
2026-01-04 22:49:59 - Eminder - INFO - log:98 - TaskId 124 has been saved!
 Subject: Weekly Extended Practice. 
Message: Once a week, perhaps on a Sunday, commit to a longer meditation session of 20-30 minutes. This allows for deeper exploration and cultivation of mindfulness. You might want to try a guided meditation series or a silent sitting practice to deepen your understanding and experience.. 
Schedule: {"time": "10:00", "type": "weekly", "days": "sun", "timezone": "CET"}.
2026-01-04 22:50:18 - Eminder - INFO - log:98 - TaskId 121 has been connected to RecipientId 1.
2026-01-04 22:50:18 - Eminder - INFO - log:98 - TaskId 122 has been connected to RecipientId 1.
2026-01-04 22:50:18 - Eminder - INFO - log:98 - TaskId 123 has been connected to RecipientId 1.
2026-01-04 22:50:18 - Eminder - INFO - log:98 - TaskId 124 has been connected to RecipientId 1.
2026-01-04 22:51:03 - Eminder - INFO - log:98 - E-mail with Id: 19b8afe0842388e4 has been sent to emil.sjoekvist@gmail.com.
2026-01-04 22:51:03 - Eminder - INFO - log:98 - Operation time: 1.79s. Start time: 2026-01-04 22:51:02.036528. Finish time 2026-01-04 22:51:03.826084.
2026-01-04 22:51:03 - Eminder - INFO - log:98 - Last triggered updated to 2026-01-04 22:51:01.978935 On TaskId 121.
2026-01-04 22:51:04 - Eminder - INFO - log:98 - E-mail with Id: 19b8afe0eb0379c4 has been sent to emil.sjoekvist@gmail.com.
2026-01-04 22:51:04 - Eminder - INFO - log:98 - Operation time: 1.09s. Start time: 2026-01-04 22:51:03.850842. Finish time 2026-01-04 22:51:04.944927.
2026-01-04 22:51:04 - Eminder - INFO - log:98 - Last triggered updated to 2026-01-04 22:51:01.978935 On TaskId 122.
2026-01-04 22:51:06 - Eminder - INFO - log:98 - E-mail with Id: 19b8afe12e5f9e7f has been sent to emil.sjoekvist@gmail.com.
2026-01-04 22:51:06 - Eminder - INFO - log:98 - Operation time: 1.16s. Start time: 2026-01-04 22:51:04.969597. Finish time 2026-01-04 22:51:06.126363.
2026-01-04 22:51:06 - Eminder - INFO - log:98 - Last triggered updated to 2026-01-04 22:51:01.978935 On TaskId 123.
2026-01-04 22:51:07 - Eminder - INFO - log:98 - E-mail with Id: 19b8afe16fc4147f has been sent to emil.sjoekvist@gmail.com.
2026-01-04 22:51:07 - Eminder - INFO - log:98 - Operation time: 0.99s. Start time: 2026-01-04 22:51:06.154772. Finish time 2026-01-04 22:51:07.147868.
2026-01-04 22:51:07 - Eminder - INFO - log:98 - Last triggered updated to 2026-01-04 22:51:01.978935 On TaskId 124.
2026-01-04 23:04:32 - Eminder - INFO - log:98 - TaskId 125 has been saved!
 Subject: Execute Covert Benevolence Protocol. 
Message: At 22:00 every Tuesday and Friday, identify a minor inconvenience for a friend or family member (e.g., an uncharged phone, a missing snack, a loose screw). Secretly rectify the situation, leaving behind a tiny, ambiguous 'calling card' like a misplaced sock or a single paperclip. This maintains the 'bad boy' mystique while secretly being helpful, thus fulfilling the 'very good bad boy' creed.. 
Schedule: {"time": "22:00", "type": "weekly", "days": "tue,fri", "timezone": "CET"}.
2026-01-04 23:04:32 - Eminder - INFO - log:98 - TaskId 126 has been saved!
 Subject: Refine Signature Smirk. 
Message: Daily at 10:00, spend 5 minutes in front of a mirror practicing your most charmingly mischievous smirk. Focus on the subtle arch of the eyebrow and the hint of a knowing smile. This is crucial for maintaining your 'bad boy' credibility while ensuring you're perceived as 'very good' at it.. 
Schedule: {"time": "10:00", "type": "daily", "timezone": "CET"}.
2026-01-04 23:04:32 - Eminder - INFO - log:98 - TaskId 127 has been saved!
 Subject: Random Act of Controlled Chaos. 
Message: Every 7 days, pick a random day and at 17:00, perform a small, unexpected act that slightly disrupts the norm but ultimately brings a smile. For example, discreetly swap two common items (salt and pepper shakers), or leave a silly, anonymous drawing somewhere unexpected. The key is to be just 'bad' enough to be noticed, but 'good' enough to be endearing.. 
Schedule: {"time": "17:00", "type": "interval", "interval": "7", "timezone": "CET"}.
2026-01-04 23:04:49 - Eminder - INFO - log:98 - TaskId 125 has been connected to RecipientId 1.
2026-01-04 23:04:49 - Eminder - INFO - log:98 - TaskId 126 has been connected to RecipientId 1.
2026-01-04 23:04:49 - Eminder - INFO - log:98 - TaskId 127 has been connected to RecipientId 1.
2026-01-04 23:05:54 - Eminder - INFO - log:98 - E-mail with Id: 19b8b0b9e591d04b has been sent to emil.sjoekvist@gmail.com.
2026-01-04 23:05:54 - Eminder - INFO - log:98 - Operation time: 1.58s. Start time: 2026-01-04 23:05:52.426440. Finish time 2026-01-04 23:05:54.007284.
2026-01-04 23:05:54 - Eminder - INFO - log:98 - Last triggered updated to 2026-01-04 23:05:52.360905 On TaskId 126.
