2025-12-30 18:25:53 - Eminder - INFO - log:98 - Listing records in Task table:
2025-12-30 18:25:53 - Eminder - INFO - log:98 - (6, 'Triggas kl 15:02', 0, 0, '{"time": "2025-12-08 15:02", "type": "once", "timezone": "Europe/Stockholm"}', 1, 3, '0', datetime.datetime(2025, 12, 8, 15, 2), datetime.datetime(2025, 12, 8, 15, 1, 30))
2025-12-30 18:25:53 - Eminder - INFO - log:98 - (7, 'Weeeeeeeee', 0, 0, '{"time": "2025-12-08 15:24", "type": "once", "timezone": "Europe/Stockholm"}', 1, 3, '0', datetime.datetime(2025, 12, 8, 15, 24, 1), datetime.datetime(2025, 12, 8, 15, 23, 29))
2025-12-30 18:25:53 - Eminder - INFO - log:98 - (8, 'Halloooooooooooooo', 1, 1, '{"time": "16:15", "type": "daily", "timezone": "Europe/Stockholm"}', 1, 3, 'Ludvika', datetime.datetime(2025, 12, 8, 16, 19, 21), datetime.datetime(2025, 12, 8, 16, 14, 21))
2025-12-30 18:25:53 - Eminder - INFO - log:98 - (9, 'rfkdlösflkdsf', 0, 0, '{"time": "16:20", "type": "daily", "timezone": "Europe/Stockholm"}', 1, 3, '0', datetime.datetime(2025, 12, 8, 16, 20, 4), datetime.datetime(2025, 12, 8, 16, 20, 1))
2025-12-30 18:25:53 - Eminder - INFO - log:98 - (10, 'WOoooooooooooooo', 0, 0, '{"time": "17:56", "type": "daily", "timezone": "Europe/Stockholm"}', 1, 3, '0', datetime.datetime(2025, 12, 8, 19, 12, 59), datetime.datetime(2025, 12, 8, 17, 55, 12))
2025-12-30 18:25:53 - Eminder - INFO - log:98 - (11, 'AYrjisaorjsakrj', 0, 0, '{"days": "mon, wed, fri", "time": "12:00", "type": "weekly", "timezone": "Europe/Stockholm"}', 1, 3, '0', datetime.datetime(2025, 12, 8, 19, 23, 1), datetime.datetime(2025, 12, 8, 18, 22, 40))
2025-12-30 18:25:53 - Eminder - INFO - log:98 - (12, 'Jidsfjoeiwjroiriefwk', 0, 0, '{"time": "19:30", "type": "interval", "interval": "2", "timezone": "Europe/Stockholm"}', 1, 3, '0', datetime.datetime(2025, 12, 8, 19, 20, 14), datetime.datetime(2025, 12, 8, 19, 19, 23))
2025-12-30 18:25:53 - Eminder - INFO - log:98 - (13, 'ek32rep32orkew', 0, 0, '{"days": "tue", "time": "11:00", "type": "weekly", "timezone": "Europe/Stockholm"}', 1, 3, '0', datetime.datetime(2025, 12, 9, 15, 9, 18), datetime.datetime(2025, 12, 8, 19, 23, 24))
2025-12-30 18:25:53 - Eminder - INFO - log:98 - (14, 'er2rk34fkpfkpdkf', 0, 0, '{"time": "19:42", "type": "interval", "interval": "0", "timezone": "Europe/Stockholm"}', 1, 3, '0', datetime.datetime(2025, 12, 9, 9, 22, 30), datetime.datetime(2025, 12, 8, 19, 41, 4))
2025-12-30 18:25:53 - Eminder - INFO - log:98 - (15, 'fdsfdsfdsf', 0, 0, '{"time": "19:58", "type": "interval", "interval": "0", "timezone": "Europe/Stockholm"}', 1, 3, '0', datetime.datetime(2025, 12, 9, 9, 22, 30), datetime.datetime(2025, 12, 8, 19, 57, 35))
2025-12-30 18:25:53 - Eminder - INFO - log:98 - (16, 'dfwdfe2fewf', 0, 0, '{"days": "mon", "time": "20:30", "type": "weekly", "timezone": "Europe/Stockholm"}', 1, 3, '0', datetime.datetime(2025, 12, 8, 20, 30, 3), datetime.datetime(2025, 12, 8, 20, 7, 10))
2025-12-30 18:25:53 - Eminder - INFO - log:98 - (17, 'kdosfkpdfkopdskf', 0, 0, '{"days": "mon, wed, fri", "time": "20:38", "type": "weekly", "timezone": "Europe/Stockholm"}', 1, 3, '0', datetime.datetime(2025, 12, 8, 20, 38, 8), datetime.datetime(2025, 12, 8, 20, 37, 25))
2025-12-30 18:25:53 - Eminder - INFO - log:98 - (18, 'fdpfk3porkop34kr3e', 0, 0, '{"time": "20:41", "type": "interval", "interval": "0", "timezone": "Europe/Stockholm"}', 1, 3, '0', datetime.datetime(2025, 12, 9, 9, 22, 30), datetime.datetime(2025, 12, 8, 20, 39, 55))
2025-12-30 18:25:53 - Eminder - INFO - log:98 - (19, 'Fipfkpdsofkpds', 0, 0, '{"time": "10:00", "type": "daily", "timezone": "CET"}', 1, 1, '0', None, datetime.datetime(2025, 12, 9, 18, 48, 14))
2025-12-30 18:25:53 - Eminder - INFO - log:98 - (20, 'epofdkefkpewrw', 0, 0, '{"time": "10:00", "type": "interval", "interval": "1", "timezone": "CET"}', 1, 1, '0', None, datetime.datetime(2025, 12, 9, 18, 48, 55))
2025-12-30 18:25:53 - Eminder - INFO - log:98 - (21, 'mfpdofsfd', 0, 0, '{"days": "mon", "time": "11:11", "type": "weekly", "timezone": "CET"}', 1, 1, '0', None, datetime.datetime(2025, 12, 9, 18, 50, 5))
2025-12-30 18:25:53 - Eminder - INFO - log:98 - (22, 'rwefdsfdsf', 0, 0, '{"days": "wed", "time": "15:00", "type": "weekly", "timezone": "CET"}', 1, 1, '0', datetime.datetime(2025, 12, 10, 15, 0, 1), datetime.datetime(2025, 12, 9, 18, 51, 5))
2025-12-30 18:25:53 - Eminder - INFO - log:98 - (23, 'fdsfewfew', 0, 0, '{"time": "11:11", "type": "daily", "timezone": "CET"}', 1, 1, '0', None, datetime.datetime(2025, 12, 9, 18, 59, 48))
2025-12-30 18:25:53 - Eminder - INFO - log:98 - (24, 'dsffopewkrfew', 0, 0, '{"time": "10:00", "type": "daily", "timezone": "CET"}', 1, 1, '0', None, datetime.datetime(2025, 12, 9, 19, 25, 13))
2025-12-30 18:25:53 - Eminder - INFO - log:98 - (25, 'fdospfkdsokgffoepw', 0, 0, '{"time": "13:00", "type": "daily", "timezone": "CET"}', 1, 1, '0', datetime.datetime(2025, 12, 10, 13, 0, 10), datetime.datetime(2025, 12, 9, 19, 26, 54))
2025-12-30 18:25:53 - Eminder - INFO - log:98 - (26, 'Första skarpa mailet som skickas ut om det fungerar!!', 0, 0, '{"time": "2025-12-09 19:51", "type": "once", "timezone": "CET"}', 1, 1, '0', datetime.datetime(2025, 12, 9, 19, 51, 4), datetime.datetime(2025, 12, 9, 19, 50, 16))
2025-12-30 18:25:53 - Eminder - INFO - log:98 - (27, 'Vi tester att skicka till två mottagare!!', 0, 0, '{"time": "2025-12-09 19:57", "type": "once", "timezone": "CET"}', 1, 1, '0', datetime.datetime(2025, 12, 9, 19, 57, 5), datetime.datetime(2025, 12, 9, 19, 54, 54))
2025-12-30 18:25:53 - Eminder - INFO - log:98 - (28, 'Asakfopdskfpdskfpoekr', 0, 0, '{"days": "tue", "time": "21:18", "type": "weekly", "timezone": "CET"}', 1, 1, '0', datetime.datetime(2025, 12, 9, 21, 18, 35), datetime.datetime(2025, 12, 9, 21, 16, 44))
2025-12-30 18:25:53 - Eminder - INFO - log:98 - (29, 'PKpskofkpsfkod', 0, 0, '{"days": "09", "time": "21:24", "type": "monthly", "timezone": "CET"}', 1, 1, '0', datetime.datetime(2025, 12, 9, 21, 52, 29), datetime.datetime(2025, 12, 9, 21, 23, 18))
2025-12-30 18:25:53 - Eminder - INFO - log:98 - (30, 'rewpik43iomroi43r34r', 0, 0, '{"days": "9", "time": "21:47", "type": "monthly", "timezone": "CET"}', 1, 1, '0', datetime.datetime(2025, 12, 9, 21, 52, 29), datetime.datetime(2025, 12, 9, 21, 45, 15))
2025-12-30 18:25:53 - Eminder - INFO - log:98 - (31, 'Nu skickar vi ett mail va hehe', 0, 0, '{"days": "tue", "time": "21:55", "type": "weekly", "timezone": "CET"}', 1, 1, '0', datetime.datetime(2025, 12, 9, 21, 55, 11), datetime.datetime(2025, 12, 9, 21, 54, 5))
2025-12-30 18:25:53 - Eminder - INFO - log:98 - (32, 'EEPokwpfkoewpwekfopwkepf', 0, 0, '{"time": "2025-12-09 22:04", "type": "once", "timezone": "CET"}', 1, 1, '0', None, datetime.datetime(2025, 12, 9, 22, 2, 52))
2025-12-30 18:25:53 - Eminder - INFO - log:98 - (33, 'fkdsfldkfgd', 0, 0, '{"time": "2025-12-09 22:08", "type": "once", "timezone": "CET"}', 1, 1, '0', None, datetime.datetime(2025, 12, 9, 22, 6, 13))
2025-12-30 18:25:53 - Eminder - INFO - log:98 - (34, 'dsfidsgregfd', 0, 0, '{"time": "2025-12-09 22:09", "type": "once", "timezone": "CET"}', 1, 1, '0', datetime.datetime(2025, 12, 9, 22, 9, 11), datetime.datetime(2025, 12, 9, 22, 7, 53))
2025-12-30 18:25:53 - Eminder - INFO - log:98 - (35, 'Nu är klockan 07:48!! Fan!', 0, 0, '{"time": "07:48", "type": "daily", "timezone": "CET"}', 1, 1, '0', datetime.datetime(2025, 12, 12, 9, 54, 29), datetime.datetime(2025, 12, 10, 7, 47, 6))
2025-12-30 18:25:53 - Eminder - INFO - log:98 - (36, 'Bara skickar massa skit!!', 0, 0, '{"days": "10", "time": "08:19", "type": "monthly", "timezone": "CET"}', 1, 1, '0', datetime.datetime(2025, 12, 10, 8, 19, 9), datetime.datetime(2025, 12, 10, 8, 18, 13))
2025-12-30 18:25:53 - Eminder - INFO - log:98 - (37, 'dfgre4ergfd', 0, 0, '{"time": "08:22", "type": "interval", "interval": "1", "timezone": "CET"}', 1, 1, '0', None, datetime.datetime(2025, 12, 10, 8, 20, 24))
2025-12-30 18:25:53 - Eminder - INFO - log:98 - (38, 'fdsopfkopefkoekf', 0, 0, '{"time": "16:57", "type": "daily", "timezone": "CET"}', 1, 1, '0', None, datetime.datetime(2025, 12, 10, 16, 55, 25))
2025-12-30 18:25:53 - Eminder - INFO - log:98 - (39, 'fdfopdfkopdkf', 0, 0, '{"time": "2025-12-10 16:58", "type": "once", "timezone": "CET"}', 1, 1, '0', datetime.datetime(2025, 12, 10, 16, 58, 8), datetime.datetime(2025, 12, 10, 16, 56, 20))
2025-12-30 18:25:53 - Eminder - INFO - log:98 - (40, 'Sending random e-mail on Thursdays 05:56!', 0, 0, '{"days": "thu", "time": "05:56", "type": "weekly", "timezone": "CET"}', 1, 1, '0', None, datetime.datetime(2025, 12, 11, 5, 54, 38))
2025-12-30 18:25:53 - Eminder - INFO - log:98 - (41, 'Sending random mail at 05:58!!', 0, 0, '{"days": "thu", "time": "05:58", "type": "weekly", "timezone": "CET"}', 1, 1, '0', datetime.datetime(2025, 12, 11, 5, 58, 12), datetime.datetime(2025, 12, 11, 5, 56, 44))
2025-12-30 18:25:53 - Eminder - INFO - log:98 - (42, 'dfsdfsdf3f32f23', 0, 0, '{"time": "2025-12-11 06:39", "type": "once", "timezone": "CET"}', 1, 1, '0', datetime.datetime(2025, 12, 11, 6, 40, 23), datetime.datetime(2025, 12, 11, 6, 38, 33))
2025-12-30 18:25:53 - Eminder - INFO - log:98 - (43, 'Hej!', 0, 0, '{"time": "2025-12-11 06:48", "type": "once", "timezone": "CET"}', 1, 1, '0', datetime.datetime(2025, 12, 11, 6, 48, 8), datetime.datetime(2025, 12, 11, 6, 48, 2))
2025-12-30 18:25:53 - Eminder - INFO - log:98 - (44, 'Sending one mail every 11th of the month.', 0, 0, '{"days": "11", "time": "06:54", "type": "monthly", "timezone": "CET"}', 1, 1, '0', datetime.datetime(2025, 12, 11, 6, 54, 5), datetime.datetime(2025, 12, 11, 6, 53, 38))
2025-12-30 18:25:53 - Eminder - INFO - log:98 - (45, 'Hej här är meddelande om kommer 11:22 på fredagar', 0, 0, '{"days": "fri", "time": "11:22", "type": "weekly", "timezone": "CET"}', 1, 1, '0', datetime.datetime(2025, 12, 12, 11, 22, 14), datetime.datetime(2025, 12, 12, 11, 20, 24))
2025-12-30 18:52:52 - Eminder - ERROR - error:138 - Python type dict cannot be converted
2025-12-30 18:58:36 - Eminder - ERROR - error:138 - Python type dict cannot be converted
2025-12-30 19:13:02 - Eminder - ERROR - error:138 - Python type dict cannot be converted
2025-12-30 19:14:33 - Eminder - ERROR - error:138 - 1366 (HY000): Incorrect integer value: 'email' for column 'Channel' at row 1
2025-12-30 19:15:05 - Eminder - INFO - log:98 - TaskId 46 has been saved! Message: Take your German Shepherd for their evening walk. This walk is important for their evening routine and final potty break before bedtime. Bring a leash and waste bags.. Schedule: {'time': '19:00', 'type': 'daily'}.
2025-12-30 19:17:05 - Eminder - INFO - log:98 - TaskId 47 has been saved! Message: Take your German Shepherd for their daily walk. Ensure they get sufficient exercise and have ample time for potty breaks. Remember to bring the leash, waste bags, and a water bottle for them.. Schedule: {'time': '08:00', 'type': 'daily'}.
2025-12-30 19:18:14 - Eminder - INFO - log:98 - TaskId 48 has been saved! Message: Take your German Shepherd for their evening walk. This walk is important for their evening routine and final potty break before bedtime. Bring a leash and waste bags.. Schedule: {'time': '19:00', 'type': 'daily'}.
2025-12-30 19:23:10 - Eminder - INFO - log:98 - TaskId 49 has been saved! Message: Take your German Shepherd for their daily walk. Ensure they get sufficient exercise and have ample time for potty breaks. Remember to bring the leash, waste bags, and a water bottle for them.. Schedule: {'time': '08:00', 'type': 'daily'}.
2025-12-30 19:23:10 - Eminder - INFO - log:98 - TaskId 50 has been saved! Message: Take your German Shepherd for their evening walk. This walk is important for their evening routine and final potty break before bedtime. Bring a leash and waste bags.. Schedule: {'time': '19:00', 'type': 'daily'}.
2025-12-30 19:23:48 - Eminder - INFO - log:98 - TaskId 51 has been saved! Message: Take your German Shepherd for their daily walk. Ensure they get sufficient exercise and have ample time for potty breaks. Remember to bring the leash, waste bags, and a water bottle for them.. Schedule: {'time': '08:00', 'type': 'daily'}.
2025-12-30 19:23:48 - Eminder - INFO - log:98 - TaskId 52 has been saved! Message: Take your German Shepherd for their evening walk. This walk is important for their evening routine and final potty break before bedtime. Bring a leash and waste bags.. Schedule: {'time': '19:00', 'type': 'daily'}.
2025-12-30 19:23:58 - Eminder - INFO - log:98 - (1, 'Emil Sjökvist', 'emil.sjoekvist@gmail.com', '+46736487806', 1)
2025-12-30 19:23:58 - Eminder - INFO - log:98 - (3, 'emil.sjokvist@gmail.com', 'emil.sjokvist@gmail.com', '123', 1)
2025-12-30 19:23:58 - Eminder - INFO - log:98 - (5, 'emilthemaster@hotmail.com', 'emilthemaster@hotmail.com', '123455', 1)
2025-12-30 19:29:24 - Eminder - INFO - log:98 - TaskId 53 has been saved! Message: Time to hit the pavement for your 10 km run! This session is scheduled three times a week, providing a great way to boost your fitness and energy during your lunch break. Remember to hydrate and warm up properly.. Schedule: {'time': '11:30', 'type': 'weekly', 'days': 'mon,wed,fri'}.
2025-12-30 19:29:36 - Eminder - INFO - log:98 - Listing all recipients:
2025-12-30 19:29:36 - Eminder - INFO - log:98 - (1, 'Emil Sjökvist', 'emil.sjoekvist@gmail.com', '+46736487806', 1)
2025-12-30 19:29:36 - Eminder - INFO - log:98 - (3, 'emil.sjokvist@gmail.com', 'emil.sjokvist@gmail.com', '123', 1)
2025-12-30 19:29:36 - Eminder - INFO - log:98 - (5, 'emilthemaster@hotmail.com', 'emilthemaster@hotmail.com', '123455', 1)
2025-12-30 19:29:42 - Eminder - INFO - log:98 - TaskId 53 has been connected to RecipientId 1.
2025-12-30 19:40:00 - Eminder - INFO - log:98 - E-mail with Id: 19b708f52af829e0 has been sent to emil.sjokvist@gmail.com.
2025-12-30 19:40:00 - Eminder - INFO - log:98 - Operation time: 1.70s. Start time: 2025-12-30 19:39:58.603016. Finish time 2025-12-30 19:40:00.302436.
2025-12-30 19:40:00 - Eminder - INFO - log:98 - Last triggered updated to 2025-12-30 19:39:58.593187 On TaskId 25.
2025-12-30 19:40:01 - Eminder - INFO - log:98 - E-mail with Id: 19b708f5712dffff has been sent to emil.sjokvist@gmail.com.
2025-12-30 19:40:01 - Eminder - INFO - log:98 - Operation time: 1.03s. Start time: 2025-12-30 19:40:00.341140. Finish time 2025-12-30 19:40:01.371383.
2025-12-30 19:40:01 - Eminder - INFO - log:98 - Last triggered updated to 2025-12-30 19:39:58.593187 On TaskId 35.
2025-12-30 20:14:17 - Eminder - ERROR - error:138 - 1064 (42000): You have an error in your SQL syntax; check the manual that corresponds to your MySQL server version for the right syntax to use near '%,'Tonight, take a break from the ordinary! Step outside, find a dark spot away ' at line 1
2025-12-30 20:14:17 - Eminder - INFO - log:98 - Listing records in Task table:
2025-12-30 20:14:17 - Eminder - INFO - log:98 - (6, 'Triggas kl 15:02', 0, 0, '{"time": "2025-12-08 15:02", "type": "once", "timezone": "Europe/Stockholm"}', 1, 3, '0', datetime.datetime(2025, 12, 8, 15, 2), datetime.datetime(2025, 12, 8, 15, 1, 30), None)
2025-12-30 20:14:17 - Eminder - INFO - log:98 - (7, 'Weeeeeeeee', 0, 0, '{"time": "2025-12-08 15:24", "type": "once", "timezone": "Europe/Stockholm"}', 1, 3, '0', datetime.datetime(2025, 12, 8, 15, 24, 1), datetime.datetime(2025, 12, 8, 15, 23, 29), None)
2025-12-30 20:14:17 - Eminder - INFO - log:98 - (8, 'Halloooooooooooooo', 1, 1, '{"time": "16:15", "type": "daily", "timezone": "Europe/Stockholm"}', 1, 3, 'Ludvika', datetime.datetime(2025, 12, 8, 16, 19, 21), datetime.datetime(2025, 12, 8, 16, 14, 21), None)
2025-12-30 20:14:17 - Eminder - INFO - log:98 - (9, 'rfkdlösflkdsf', 0, 0, '{"time": "16:20", "type": "daily", "timezone": "Europe/Stockholm"}', 1, 3, '0', datetime.datetime(2025, 12, 8, 16, 20, 4), datetime.datetime(2025, 12, 8, 16, 20, 1), None)
2025-12-30 20:14:17 - Eminder - INFO - log:98 - (10, 'WOoooooooooooooo', 0, 0, '{"time": "17:56", "type": "daily", "timezone": "Europe/Stockholm"}', 1, 3, '0', datetime.datetime(2025, 12, 8, 19, 12, 59), datetime.datetime(2025, 12, 8, 17, 55, 12), None)
2025-12-30 20:14:17 - Eminder - INFO - log:98 - (11, 'AYrjisaorjsakrj', 0, 0, '{"days": "mon, wed, fri", "time": "12:00", "type": "weekly", "timezone": "Europe/Stockholm"}', 1, 3, '0', datetime.datetime(2025, 12, 8, 19, 23, 1), datetime.datetime(2025, 12, 8, 18, 22, 40), None)
2025-12-30 20:14:17 - Eminder - INFO - log:98 - (12, 'Jidsfjoeiwjroiriefwk', 0, 0, '{"time": "19:30", "type": "interval", "interval": "2", "timezone": "Europe/Stockholm"}', 1, 3, '0', datetime.datetime(2025, 12, 8, 19, 20, 14), datetime.datetime(2025, 12, 8, 19, 19, 23), None)
2025-12-30 20:14:17 - Eminder - INFO - log:98 - (13, 'ek32rep32orkew', 0, 0, '{"days": "tue", "time": "11:00", "type": "weekly", "timezone": "Europe/Stockholm"}', 1, 3, '0', datetime.datetime(2025, 12, 9, 15, 9, 18), datetime.datetime(2025, 12, 8, 19, 23, 24), None)
2025-12-30 20:14:17 - Eminder - INFO - log:98 - (14, 'er2rk34fkpfkpdkf', 0, 0, '{"time": "19:42", "type": "interval", "interval": "0", "timezone": "Europe/Stockholm"}', 1, 3, '0', datetime.datetime(2025, 12, 9, 9, 22, 30), datetime.datetime(2025, 12, 8, 19, 41, 4), None)
2025-12-30 20:14:17 - Eminder - INFO - log:98 - (15, 'fdsfdsfdsf', 0, 0, '{"time": "19:58", "type": "interval", "interval": "0", "timezone": "Europe/Stockholm"}', 1, 3, '0', datetime.datetime(2025, 12, 9, 9, 22, 30), datetime.datetime(2025, 12, 8, 19, 57, 35), None)
2025-12-30 20:14:17 - Eminder - INFO - log:98 - (16, 'dfwdfe2fewf', 0, 0, '{"days": "mon", "time": "20:30", "type": "weekly", "timezone": "Europe/Stockholm"}', 1, 3, '0', datetime.datetime(2025, 12, 8, 20, 30, 3), datetime.datetime(2025, 12, 8, 20, 7, 10), None)
2025-12-30 20:14:17 - Eminder - INFO - log:98 - (17, 'kdosfkpdfkopdskf', 0, 0, '{"days": "mon, wed, fri", "time": "20:38", "type": "weekly", "timezone": "Europe/Stockholm"}', 1, 3, '0', datetime.datetime(2025, 12, 8, 20, 38, 8), datetime.datetime(2025, 12, 8, 20, 37, 25), None)
2025-12-30 20:14:17 - Eminder - INFO - log:98 - (18, 'fdpfk3porkop34kr3e', 0, 0, '{"time": "20:41", "type": "interval", "interval": "0", "timezone": "Europe/Stockholm"}', 1, 3, '0', datetime.datetime(2025, 12, 9, 9, 22, 30), datetime.datetime(2025, 12, 8, 20, 39, 55), None)
2025-12-30 20:14:17 - Eminder - INFO - log:98 - (19, 'Fipfkpdsofkpds', 0, 0, '{"time": "10:00", "type": "daily", "timezone": "CET"}', 1, 1, '0', None, datetime.datetime(2025, 12, 9, 18, 48, 14), None)
2025-12-30 20:14:17 - Eminder - INFO - log:98 - (20, 'epofdkefkpewrw', 0, 0, '{"time": "10:00", "type": "interval", "interval": "1", "timezone": "CET"}', 1, 1, '0', None, datetime.datetime(2025, 12, 9, 18, 48, 55), None)
2025-12-30 20:14:17 - Eminder - INFO - log:98 - (21, 'mfpdofsfd', 0, 0, '{"days": "mon", "time": "11:11", "type": "weekly", "timezone": "CET"}', 1, 1, '0', None, datetime.datetime(2025, 12, 9, 18, 50, 5), None)
2025-12-30 20:14:17 - Eminder - INFO - log:98 - (22, 'rwefdsfdsf', 0, 0, '{"days": "wed", "time": "15:00", "type": "weekly", "timezone": "CET"}', 1, 1, '0', datetime.datetime(2025, 12, 10, 15, 0, 1), datetime.datetime(2025, 12, 9, 18, 51, 5), None)
2025-12-30 20:14:17 - Eminder - INFO - log:98 - (23, 'fdsfewfew', 0, 0, '{"time": "11:11", "type": "daily", "timezone": "CET"}', 1, 1, '0', None, datetime.datetime(2025, 12, 9, 18, 59, 48), None)
2025-12-30 20:14:17 - Eminder - INFO - log:98 - (24, 'dsffopewkrfew', 0, 0, '{"time": "10:00", "type": "daily", "timezone": "CET"}', 1, 1, '0', None, datetime.datetime(2025, 12, 9, 19, 25, 13), None)
2025-12-30 20:14:17 - Eminder - INFO - log:98 - (25, 'fdospfkdsokgffoepw', 0, 0, '{"time": "13:00", "type": "daily", "timezone": "CET"}', 1, 1, '0', datetime.datetime(2025, 12, 30, 19, 39, 59), datetime.datetime(2025, 12, 9, 19, 26, 54), None)
2025-12-30 20:14:17 - Eminder - INFO - log:98 - (26, 'Första skarpa mailet som skickas ut om det fungerar!!', 0, 0, '{"time": "2025-12-09 19:51", "type": "once", "timezone": "CET"}', 1, 1, '0', datetime.datetime(2025, 12, 9, 19, 51, 4), datetime.datetime(2025, 12, 9, 19, 50, 16), None)
2025-12-30 20:14:17 - Eminder - INFO - log:98 - (27, 'Vi tester att skicka till två mottagare!!', 0, 0, '{"time": "2025-12-09 19:57", "type": "once", "timezone": "CET"}', 1, 1, '0', datetime.datetime(2025, 12, 9, 19, 57, 5), datetime.datetime(2025, 12, 9, 19, 54, 54), None)
2025-12-30 20:14:17 - Eminder - INFO - log:98 - (28, 'Asakfopdskfpdskfpoekr', 0, 0, '{"days": "tue", "time": "21:18", "type": "weekly", "timezone": "CET"}', 1, 1, '0', datetime.datetime(2025, 12, 9, 21, 18, 35), datetime.datetime(2025, 12, 9, 21, 16, 44), None)
2025-12-30 20:14:17 - Eminder - INFO - log:98 - (29, 'PKpskofkpsfkod', 0, 0, '{"days": "09", "time": "21:24", "type": "monthly", "timezone": "CET"}', 1, 1, '0', datetime.datetime(2025, 12, 9, 21, 52, 29), datetime.datetime(2025, 12, 9, 21, 23, 18), None)
2025-12-30 20:14:17 - Eminder - INFO - log:98 - (30, 'rewpik43iomroi43r34r', 0, 0, '{"days": "9", "time": "21:47", "type": "monthly", "timezone": "CET"}', 1, 1, '0', datetime.datetime(2025, 12, 9, 21, 52, 29), datetime.datetime(2025, 12, 9, 21, 45, 15), None)
2025-12-30 20:14:17 - Eminder - INFO - log:98 - (31, 'Nu skickar vi ett mail va hehe', 0, 0, '{"days": "tue", "time": "21:55", "type": "weekly", "timezone": "CET"}', 1, 1, '0', datetime.datetime(2025, 12, 9, 21, 55, 11), datetime.datetime(2025, 12, 9, 21, 54, 5), None)
2025-12-30 20:14:17 - Eminder - INFO - log:98 - (32, 'EEPokwpfkoewpwekfopwkepf', 0, 0, '{"time": "2025-12-09 22:04", "type": "once", "timezone": "CET"}', 1, 1, '0', None, datetime.datetime(2025, 12, 9, 22, 2, 52), None)
2025-12-30 20:14:17 - Eminder - INFO - log:98 - (33, 'fkdsfldkfgd', 0, 0, '{"time": "2025-12-09 22:08", "type": "once", "timezone": "CET"}', 1, 1, '0', None, datetime.datetime(2025, 12, 9, 22, 6, 13), None)
2025-12-30 20:14:17 - Eminder - INFO - log:98 - (34, 'dsfidsgregfd', 0, 0, '{"time": "2025-12-09 22:09", "type": "once", "timezone": "CET"}', 1, 1, '0', datetime.datetime(2025, 12, 9, 22, 9, 11), datetime.datetime(2025, 12, 9, 22, 7, 53), None)
2025-12-30 20:14:17 - Eminder - INFO - log:98 - (35, 'Nu är klockan 07:48!! Fan!', 0, 0, '{"time": "07:48", "type": "daily", "timezone": "CET"}', 1, 1, '0', datetime.datetime(2025, 12, 30, 19, 39, 59), datetime.datetime(2025, 12, 10, 7, 47, 6), None)
2025-12-30 20:14:17 - Eminder - INFO - log:98 - (36, 'Bara skickar massa skit!!', 0, 0, '{"days": "10", "time": "08:19", "type": "monthly", "timezone": "CET"}', 1, 1, '0', datetime.datetime(2025, 12, 10, 8, 19, 9), datetime.datetime(2025, 12, 10, 8, 18, 13), None)
2025-12-30 20:14:17 - Eminder - INFO - log:98 - (37, 'dfgre4ergfd', 0, 0, '{"time": "08:22", "type": "interval", "interval": "1", "timezone": "CET"}', 1, 1, '0', None, datetime.datetime(2025, 12, 10, 8, 20, 24), None)
2025-12-30 20:14:17 - Eminder - INFO - log:98 - (38, 'fdsopfkopefkoekf', 0, 0, '{"time": "16:57", "type": "daily", "timezone": "CET"}', 1, 1, '0', None, datetime.datetime(2025, 12, 10, 16, 55, 25), None)
2025-12-30 20:14:17 - Eminder - INFO - log:98 - (39, 'fdfopdfkopdkf', 0, 0, '{"time": "2025-12-10 16:58", "type": "once", "timezone": "CET"}', 1, 1, '0', datetime.datetime(2025, 12, 10, 16, 58, 8), datetime.datetime(2025, 12, 10, 16, 56, 20), None)
2025-12-30 20:14:17 - Eminder - INFO - log:98 - (40, 'Sending random e-mail on Thursdays 05:56!', 0, 0, '{"days": "thu", "time": "05:56", "type": "weekly", "timezone": "CET"}', 1, 1, '0', None, datetime.datetime(2025, 12, 11, 5, 54, 38), None)
2025-12-30 20:14:17 - Eminder - INFO - log:98 - (41, 'Sending random mail at 05:58!!', 0, 0, '{"days": "thu", "time": "05:58", "type": "weekly", "timezone": "CET"}', 1, 1, '0', datetime.datetime(2025, 12, 11, 5, 58, 12), datetime.datetime(2025, 12, 11, 5, 56, 44), None)
2025-12-30 20:14:17 - Eminder - INFO - log:98 - (42, 'dfsdfsdf3f32f23', 0, 0, '{"time": "2025-12-11 06:39", "type": "once", "timezone": "CET"}', 1, 1, '0', datetime.datetime(2025, 12, 11, 6, 40, 23), datetime.datetime(2025, 12, 11, 6, 38, 33), None)
2025-12-30 20:14:17 - Eminder - INFO - log:98 - (43, 'Hej!', 0, 0, '{"time": "2025-12-11 06:48", "type": "once", "timezone": "CET"}', 1, 1, '0', datetime.datetime(2025, 12, 11, 6, 48, 8), datetime.datetime(2025, 12, 11, 6, 48, 2), None)
2025-12-30 20:14:17 - Eminder - INFO - log:98 - (44, 'Sending one mail every 11th of the month.', 0, 0, '{"days": "11", "time": "06:54", "type": "monthly", "timezone": "CET"}', 1, 1, '0', datetime.datetime(2025, 12, 11, 6, 54, 5), datetime.datetime(2025, 12, 11, 6, 53, 38), None)
2025-12-30 20:14:17 - Eminder - INFO - log:98 - (45, 'Hej här är meddelande om kommer 11:22 på fredagar', 0, 0, '{"days": "fri", "time": "11:22", "type": "weekly", "timezone": "CET"}', 1, 1, '0', datetime.datetime(2025, 12, 12, 11, 22, 14), datetime.datetime(2025, 12, 12, 11, 20, 24), None)
2025-12-30 20:14:17 - Eminder - INFO - log:98 - (46, 'Take your German Shepherd for their evening walk. This walk is important for their evening routine and final potty break before bedtime. Bring a leash and waste bags.', 0, 0, '{"time": "19:00", "type": "daily"}', 1, 1, '', None, datetime.datetime(2025, 12, 30, 19, 15, 5), None)
2025-12-30 20:14:17 - Eminder - INFO - log:98 - (47, 'Take your German Shepherd for their daily walk. Ensure they get sufficient exercise and have ample time for potty breaks. Remember to bring the leash, waste bags, and a water bottle for them.', 0, 0, '{"time": "08:00", "type": "daily"}', 1, 1, '', None, datetime.datetime(2025, 12, 30, 19, 17, 5), None)
2025-12-30 20:14:17 - Eminder - INFO - log:98 - (48, 'Take your German Shepherd for their evening walk. This walk is important for their evening routine and final potty break before bedtime. Bring a leash and waste bags.', 0, 0, '{"time": "19:00", "type": "daily"}', 1, 1, '', None, datetime.datetime(2025, 12, 30, 19, 17, 5), None)
2025-12-30 20:14:17 - Eminder - INFO - log:98 - (49, 'Take your German Shepherd for their daily walk. Ensure they get sufficient exercise and have ample time for potty breaks. Remember to bring the leash, waste bags, and a water bottle for them.', 0, 0, '{"time": "08:00", "type": "daily"}', 1, 1, '', None, datetime.datetime(2025, 12, 30, 19, 23, 10), None)
2025-12-30 20:14:17 - Eminder - INFO - log:98 - (50, 'Take your German Shepherd for their evening walk. This walk is important for their evening routine and final potty break before bedtime. Bring a leash and waste bags.', 0, 0, '{"time": "19:00", "type": "daily"}', 1, 1, '', None, datetime.datetime(2025, 12, 30, 19, 23, 10), None)
2025-12-30 20:14:17 - Eminder - INFO - log:98 - (51, 'Take your German Shepherd for their daily walk. Ensure they get sufficient exercise and have ample time for potty breaks. Remember to bring the leash, waste bags, and a water bottle for them.', 0, 0, '{"time": "08:00", "type": "daily"}', 1, 1, '', None, datetime.datetime(2025, 12, 30, 19, 23, 48), None)
2025-12-30 20:14:17 - Eminder - INFO - log:98 - (52, 'Take your German Shepherd for their evening walk. This walk is important for their evening routine and final potty break before bedtime. Bring a leash and waste bags.', 0, 0, '{"time": "19:00", "type": "daily"}', 1, 1, '', None, datetime.datetime(2025, 12, 30, 19, 23, 48), None)
2025-12-30 20:14:17 - Eminder - INFO - log:98 - (53, 'Time to hit the pavement for your 10 km run! This session is scheduled three times a week, providing a great way to boost your fitness and energy during your lunch break. Remember to hydrate and warm up properly.', 0, 0, '{"days": "mon,wed,fri", "time": "11:30", "type": "weekly"}', 1, 1, '', None, datetime.datetime(2025, 12, 30, 19, 29, 24), None)
2025-12-30 20:18:14 - Eminder - INFO - log:98 - TaskId 54 has been saved! Message: Tonight, take a break from the ordinary! Step outside, find a dark spot away from city lights, and look up at the night sky. Witness the silent dance of stars, planets, and maybe even a meteor shower. Consider bringing a warm blanket, a thermos of hot chocolate, and a pair of binoculars for an enhanced experience. Let the universe inspire you!. Schedule: {'time': '20251230 20:16', 'type': 'once', 'timezone': 'CET'}.
2025-12-30 20:19:56 - Eminder - ERROR - error:138 - 1064 (42000): You have an error in your SQL syntax; check the manual that corresponds to your MySQL server version for the right syntax to use near '%,'Prepare for a deep-space anomaly reconnaissance mission! At 20:21, engage the' at line 1
2025-12-30 20:19:56 - Eminder - INFO - log:98 - Listing records in Task table:
2025-12-30 20:19:56 - Eminder - INFO - log:98 - (6, 'Triggas kl 15:02', 0, 0, '{"time": "2025-12-08 15:02", "type": "once", "timezone": "Europe/Stockholm"}', 1, 3, '0', datetime.datetime(2025, 12, 8, 15, 2), datetime.datetime(2025, 12, 8, 15, 1, 30), None)
2025-12-30 20:19:56 - Eminder - INFO - log:98 - (7, 'Weeeeeeeee', 0, 0, '{"time": "2025-12-08 15:24", "type": "once", "timezone": "Europe/Stockholm"}', 1, 3, '0', datetime.datetime(2025, 12, 8, 15, 24, 1), datetime.datetime(2025, 12, 8, 15, 23, 29), None)
2025-12-30 20:19:56 - Eminder - INFO - log:98 - (8, 'Halloooooooooooooo', 1, 1, '{"time": "16:15", "type": "daily", "timezone": "Europe/Stockholm"}', 1, 3, 'Ludvika', datetime.datetime(2025, 12, 8, 16, 19, 21), datetime.datetime(2025, 12, 8, 16, 14, 21), None)
2025-12-30 20:19:56 - Eminder - INFO - log:98 - (9, 'rfkdlösflkdsf', 0, 0, '{"time": "16:20", "type": "daily", "timezone": "Europe/Stockholm"}', 1, 3, '0', datetime.datetime(2025, 12, 8, 16, 20, 4), datetime.datetime(2025, 12, 8, 16, 20, 1), None)
2025-12-30 20:19:56 - Eminder - INFO - log:98 - (10, 'WOoooooooooooooo', 0, 0, '{"time": "17:56", "type": "daily", "timezone": "Europe/Stockholm"}', 1, 3, '0', datetime.datetime(2025, 12, 8, 19, 12, 59), datetime.datetime(2025, 12, 8, 17, 55, 12), None)
2025-12-30 20:19:56 - Eminder - INFO - log:98 - (11, 'AYrjisaorjsakrj', 0, 0, '{"days": "mon, wed, fri", "time": "12:00", "type": "weekly", "timezone": "Europe/Stockholm"}', 1, 3, '0', datetime.datetime(2025, 12, 8, 19, 23, 1), datetime.datetime(2025, 12, 8, 18, 22, 40), None)
2025-12-30 20:19:56 - Eminder - INFO - log:98 - (12, 'Jidsfjoeiwjroiriefwk', 0, 0, '{"time": "19:30", "type": "interval", "interval": "2", "timezone": "Europe/Stockholm"}', 1, 3, '0', datetime.datetime(2025, 12, 8, 19, 20, 14), datetime.datetime(2025, 12, 8, 19, 19, 23), None)
2025-12-30 20:19:56 - Eminder - INFO - log:98 - (13, 'ek32rep32orkew', 0, 0, '{"days": "tue", "time": "11:00", "type": "weekly", "timezone": "Europe/Stockholm"}', 1, 3, '0', datetime.datetime(2025, 12, 9, 15, 9, 18), datetime.datetime(2025, 12, 8, 19, 23, 24), None)
2025-12-30 20:19:56 - Eminder - INFO - log:98 - (14, 'er2rk34fkpfkpdkf', 0, 0, '{"time": "19:42", "type": "interval", "interval": "0", "timezone": "Europe/Stockholm"}', 1, 3, '0', datetime.datetime(2025, 12, 9, 9, 22, 30), datetime.datetime(2025, 12, 8, 19, 41, 4), None)
2025-12-30 20:19:56 - Eminder - INFO - log:98 - (15, 'fdsfdsfdsf', 0, 0, '{"time": "19:58", "type": "interval", "interval": "0", "timezone": "Europe/Stockholm"}', 1, 3, '0', datetime.datetime(2025, 12, 9, 9, 22, 30), datetime.datetime(2025, 12, 8, 19, 57, 35), None)
2025-12-30 20:19:56 - Eminder - INFO - log:98 - (16, 'dfwdfe2fewf', 0, 0, '{"days": "mon", "time": "20:30", "type": "weekly", "timezone": "Europe/Stockholm"}', 1, 3, '0', datetime.datetime(2025, 12, 8, 20, 30, 3), datetime.datetime(2025, 12, 8, 20, 7, 10), None)
2025-12-30 20:19:56 - Eminder - INFO - log:98 - (17, 'kdosfkpdfkopdskf', 0, 0, '{"days": "mon, wed, fri", "time": "20:38", "type": "weekly", "timezone": "Europe/Stockholm"}', 1, 3, '0', datetime.datetime(2025, 12, 8, 20, 38, 8), datetime.datetime(2025, 12, 8, 20, 37, 25), None)
2025-12-30 20:19:56 - Eminder - INFO - log:98 - (18, 'fdpfk3porkop34kr3e', 0, 0, '{"time": "20:41", "type": "interval", "interval": "0", "timezone": "Europe/Stockholm"}', 1, 3, '0', datetime.datetime(2025, 12, 9, 9, 22, 30), datetime.datetime(2025, 12, 8, 20, 39, 55), None)
2025-12-30 20:19:56 - Eminder - INFO - log:98 - (19, 'Fipfkpdsofkpds', 0, 0, '{"time": "10:00", "type": "daily", "timezone": "CET"}', 1, 1, '0', None, datetime.datetime(2025, 12, 9, 18, 48, 14), None)
2025-12-30 20:19:56 - Eminder - INFO - log:98 - (20, 'epofdkefkpewrw', 0, 0, '{"time": "10:00", "type": "interval", "interval": "1", "timezone": "CET"}', 1, 1, '0', None, datetime.datetime(2025, 12, 9, 18, 48, 55), None)
2025-12-30 20:19:56 - Eminder - INFO - log:98 - (21, 'mfpdofsfd', 0, 0, '{"days": "mon", "time": "11:11", "type": "weekly", "timezone": "CET"}', 1, 1, '0', None, datetime.datetime(2025, 12, 9, 18, 50, 5), None)
2025-12-30 20:19:56 - Eminder - INFO - log:98 - (22, 'rwefdsfdsf', 0, 0, '{"days": "wed", "time": "15:00", "type": "weekly", "timezone": "CET"}', 1, 1, '0', datetime.datetime(2025, 12, 10, 15, 0, 1), datetime.datetime(2025, 12, 9, 18, 51, 5), None)
2025-12-30 20:19:56 - Eminder - INFO - log:98 - (23, 'fdsfewfew', 0, 0, '{"time": "11:11", "type": "daily", "timezone": "CET"}', 1, 1, '0', None, datetime.datetime(2025, 12, 9, 18, 59, 48), None)
2025-12-30 20:19:56 - Eminder - INFO - log:98 - (24, 'dsffopewkrfew', 0, 0, '{"time": "10:00", "type": "daily", "timezone": "CET"}', 1, 1, '0', None, datetime.datetime(2025, 12, 9, 19, 25, 13), None)
2025-12-30 20:19:56 - Eminder - INFO - log:98 - (25, 'fdospfkdsokgffoepw', 0, 0, '{"time": "13:00", "type": "daily", "timezone": "CET"}', 1, 1, '0', datetime.datetime(2025, 12, 30, 19, 39, 59), datetime.datetime(2025, 12, 9, 19, 26, 54), None)
2025-12-30 20:19:56 - Eminder - INFO - log:98 - (26, 'Första skarpa mailet som skickas ut om det fungerar!!', 0, 0, '{"time": "2025-12-09 19:51", "type": "once", "timezone": "CET"}', 1, 1, '0', datetime.datetime(2025, 12, 9, 19, 51, 4), datetime.datetime(2025, 12, 9, 19, 50, 16), None)
2025-12-30 20:19:56 - Eminder - INFO - log:98 - (27, 'Vi tester att skicka till två mottagare!!', 0, 0, '{"time": "2025-12-09 19:57", "type": "once", "timezone": "CET"}', 1, 1, '0', datetime.datetime(2025, 12, 9, 19, 57, 5), datetime.datetime(2025, 12, 9, 19, 54, 54), None)
2025-12-30 20:19:56 - Eminder - INFO - log:98 - (28, 'Asakfopdskfpdskfpoekr', 0, 0, '{"days": "tue", "time": "21:18", "type": "weekly", "timezone": "CET"}', 1, 1, '0', datetime.datetime(2025, 12, 9, 21, 18, 35), datetime.datetime(2025, 12, 9, 21, 16, 44), None)
2025-12-30 20:19:56 - Eminder - INFO - log:98 - (29, 'PKpskofkpsfkod', 0, 0, '{"days": "09", "time": "21:24", "type": "monthly", "timezone": "CET"}', 1, 1, '0', datetime.datetime(2025, 12, 9, 21, 52, 29), datetime.datetime(2025, 12, 9, 21, 23, 18), None)
2025-12-30 20:19:56 - Eminder - INFO - log:98 - (30, 'rewpik43iomroi43r34r', 0, 0, '{"days": "9", "time": "21:47", "type": "monthly", "timezone": "CET"}', 1, 1, '0', datetime.datetime(2025, 12, 9, 21, 52, 29), datetime.datetime(2025, 12, 9, 21, 45, 15), None)
2025-12-30 20:19:56 - Eminder - INFO - log:98 - (31, 'Nu skickar vi ett mail va hehe', 0, 0, '{"days": "tue", "time": "21:55", "type": "weekly", "timezone": "CET"}', 1, 1, '0', datetime.datetime(2025, 12, 9, 21, 55, 11), datetime.datetime(2025, 12, 9, 21, 54, 5), None)
2025-12-30 20:19:56 - Eminder - INFO - log:98 - (32, 'EEPokwpfkoewpwekfopwkepf', 0, 0, '{"time": "2025-12-09 22:04", "type": "once", "timezone": "CET"}', 1, 1, '0', None, datetime.datetime(2025, 12, 9, 22, 2, 52), None)
2025-12-30 20:19:56 - Eminder - INFO - log:98 - (33, 'fkdsfldkfgd', 0, 0, '{"time": "2025-12-09 22:08", "type": "once", "timezone": "CET"}', 1, 1, '0', None, datetime.datetime(2025, 12, 9, 22, 6, 13), None)
2025-12-30 20:19:56 - Eminder - INFO - log:98 - (34, 'dsfidsgregfd', 0, 0, '{"time": "2025-12-09 22:09", "type": "once", "timezone": "CET"}', 1, 1, '0', datetime.datetime(2025, 12, 9, 22, 9, 11), datetime.datetime(2025, 12, 9, 22, 7, 53), None)
2025-12-30 20:19:56 - Eminder - INFO - log:98 - (35, 'Nu är klockan 07:48!! Fan!', 0, 0, '{"time": "07:48", "type": "daily", "timezone": "CET"}', 1, 1, '0', datetime.datetime(2025, 12, 30, 19, 39, 59), datetime.datetime(2025, 12, 10, 7, 47, 6), None)
2025-12-30 20:19:56 - Eminder - INFO - log:98 - (36, 'Bara skickar massa skit!!', 0, 0, '{"days": "10", "time": "08:19", "type": "monthly", "timezone": "CET"}', 1, 1, '0', datetime.datetime(2025, 12, 10, 8, 19, 9), datetime.datetime(2025, 12, 10, 8, 18, 13), None)
2025-12-30 20:19:56 - Eminder - INFO - log:98 - (37, 'dfgre4ergfd', 0, 0, '{"time": "08:22", "type": "interval", "interval": "1", "timezone": "CET"}', 1, 1, '0', None, datetime.datetime(2025, 12, 10, 8, 20, 24), None)
2025-12-30 20:19:56 - Eminder - INFO - log:98 - (38, 'fdsopfkopefkoekf', 0, 0, '{"time": "16:57", "type": "daily", "timezone": "CET"}', 1, 1, '0', None, datetime.datetime(2025, 12, 10, 16, 55, 25), None)
2025-12-30 20:19:56 - Eminder - INFO - log:98 - (39, 'fdfopdfkopdkf', 0, 0, '{"time": "2025-12-10 16:58", "type": "once", "timezone": "CET"}', 1, 1, '0', datetime.datetime(2025, 12, 10, 16, 58, 8), datetime.datetime(2025, 12, 10, 16, 56, 20), None)
2025-12-30 20:19:56 - Eminder - INFO - log:98 - (40, 'Sending random e-mail on Thursdays 05:56!', 0, 0, '{"days": "thu", "time": "05:56", "type": "weekly", "timezone": "CET"}', 1, 1, '0', None, datetime.datetime(2025, 12, 11, 5, 54, 38), None)
2025-12-30 20:19:56 - Eminder - INFO - log:98 - (41, 'Sending random mail at 05:58!!', 0, 0, '{"days": "thu", "time": "05:58", "type": "weekly", "timezone": "CET"}', 1, 1, '0', datetime.datetime(2025, 12, 11, 5, 58, 12), datetime.datetime(2025, 12, 11, 5, 56, 44), None)
2025-12-30 20:19:56 - Eminder - INFO - log:98 - (42, 'dfsdfsdf3f32f23', 0, 0, '{"time": "2025-12-11 06:39", "type": "once", "timezone": "CET"}', 1, 1, '0', datetime.datetime(2025, 12, 11, 6, 40, 23), datetime.datetime(2025, 12, 11, 6, 38, 33), None)
2025-12-30 20:19:56 - Eminder - INFO - log:98 - (43, 'Hej!', 0, 0, '{"time": "2025-12-11 06:48", "type": "once", "timezone": "CET"}', 1, 1, '0', datetime.datetime(2025, 12, 11, 6, 48, 8), datetime.datetime(2025, 12, 11, 6, 48, 2), None)
2025-12-30 20:19:56 - Eminder - INFO - log:98 - (44, 'Sending one mail every 11th of the month.', 0, 0, '{"days": "11", "time": "06:54", "type": "monthly", "timezone": "CET"}', 1, 1, '0', datetime.datetime(2025, 12, 11, 6, 54, 5), datetime.datetime(2025, 12, 11, 6, 53, 38), None)
2025-12-30 20:19:56 - Eminder - INFO - log:98 - (45, 'Hej här är meddelande om kommer 11:22 på fredagar', 0, 0, '{"days": "fri", "time": "11:22", "type": "weekly", "timezone": "CET"}', 1, 1, '0', datetime.datetime(2025, 12, 12, 11, 22, 14), datetime.datetime(2025, 12, 12, 11, 20, 24), None)
2025-12-30 20:19:56 - Eminder - INFO - log:98 - (46, 'Take your German Shepherd for their evening walk. This walk is important for their evening routine and final potty break before bedtime. Bring a leash and waste bags.', 0, 0, '{"time": "19:00", "type": "daily"}', 1, 1, '', None, datetime.datetime(2025, 12, 30, 19, 15, 5), None)
2025-12-30 20:19:56 - Eminder - INFO - log:98 - (47, 'Take your German Shepherd for their daily walk. Ensure they get sufficient exercise and have ample time for potty breaks. Remember to bring the leash, waste bags, and a water bottle for them.', 0, 0, '{"time": "08:00", "type": "daily"}', 1, 1, '', None, datetime.datetime(2025, 12, 30, 19, 17, 5), None)
2025-12-30 20:19:56 - Eminder - INFO - log:98 - (48, 'Take your German Shepherd for their evening walk. This walk is important for their evening routine and final potty break before bedtime. Bring a leash and waste bags.', 0, 0, '{"time": "19:00", "type": "daily"}', 1, 1, '', None, datetime.datetime(2025, 12, 30, 19, 17, 5), None)
2025-12-30 20:19:56 - Eminder - INFO - log:98 - (49, 'Take your German Shepherd for their daily walk. Ensure they get sufficient exercise and have ample time for potty breaks. Remember to bring the leash, waste bags, and a water bottle for them.', 0, 0, '{"time": "08:00", "type": "daily"}', 1, 1, '', None, datetime.datetime(2025, 12, 30, 19, 23, 10), None)
2025-12-30 20:19:56 - Eminder - INFO - log:98 - (50, 'Take your German Shepherd for their evening walk. This walk is important for their evening routine and final potty break before bedtime. Bring a leash and waste bags.', 0, 0, '{"time": "19:00", "type": "daily"}', 1, 1, '', None, datetime.datetime(2025, 12, 30, 19, 23, 10), None)
2025-12-30 20:19:56 - Eminder - INFO - log:98 - (51, 'Take your German Shepherd for their daily walk. Ensure they get sufficient exercise and have ample time for potty breaks. Remember to bring the leash, waste bags, and a water bottle for them.', 0, 0, '{"time": "08:00", "type": "daily"}', 1, 1, '', None, datetime.datetime(2025, 12, 30, 19, 23, 48), None)
2025-12-30 20:19:56 - Eminder - INFO - log:98 - (52, 'Take your German Shepherd for their evening walk. This walk is important for their evening routine and final potty break before bedtime. Bring a leash and waste bags.', 0, 0, '{"time": "19:00", "type": "daily"}', 1, 1, '', None, datetime.datetime(2025, 12, 30, 19, 23, 48), None)
2025-12-30 20:19:56 - Eminder - INFO - log:98 - (53, 'Time to hit the pavement for your 10 km run! This session is scheduled three times a week, providing a great way to boost your fitness and energy during your lunch break. Remember to hydrate and warm up properly.', 0, 0, '{"days": "mon,wed,fri", "time": "11:30", "type": "weekly"}', 1, 1, '', None, datetime.datetime(2025, 12, 30, 19, 29, 24), None)
2025-12-30 20:19:56 - Eminder - INFO - log:98 - (54, 'Tonight, take a break from the ordinary! Step outside, find a dark spot away from city lights, and look up at the night sky. Witness the silent dance of stars, planets, and maybe even a meteor shower. Consider bringing a warm blanket, a thermos of hot chocolate, and a pair of binoculars for an enhanced experience. Let the universe inspire you!', 0, 0, '{"time": "20251230 20:16", "type": "once", "timezone": "CET"}', 1, 1, '', None, datetime.datetime(2025, 12, 30, 20, 18, 14), None)
2025-12-30 20:21:28 - Eminder - ERROR - error:138 - Not enough parameters for the SQL statement
2025-12-30 20:21:28 - Eminder - INFO - log:98 - Listing records in Task table:
2025-12-30 20:21:28 - Eminder - INFO - log:98 - (6, 'Triggas kl 15:02', 0, 0, '{"time": "2025-12-08 15:02", "type": "once", "timezone": "Europe/Stockholm"}', 1, 3, '0', datetime.datetime(2025, 12, 8, 15, 2), datetime.datetime(2025, 12, 8, 15, 1, 30), None)
2025-12-30 20:21:28 - Eminder - INFO - log:98 - (7, 'Weeeeeeeee', 0, 0, '{"time": "2025-12-08 15:24", "type": "once", "timezone": "Europe/Stockholm"}', 1, 3, '0', datetime.datetime(2025, 12, 8, 15, 24, 1), datetime.datetime(2025, 12, 8, 15, 23, 29), None)
2025-12-30 20:21:28 - Eminder - INFO - log:98 - (8, 'Halloooooooooooooo', 1, 1, '{"time": "16:15", "type": "daily", "timezone": "Europe/Stockholm"}', 1, 3, 'Ludvika', datetime.datetime(2025, 12, 8, 16, 19, 21), datetime.datetime(2025, 12, 8, 16, 14, 21), None)
2025-12-30 20:21:28 - Eminder - INFO - log:98 - (9, 'rfkdlösflkdsf', 0, 0, '{"time": "16:20", "type": "daily", "timezone": "Europe/Stockholm"}', 1, 3, '0', datetime.datetime(2025, 12, 8, 16, 20, 4), datetime.datetime(2025, 12, 8, 16, 20, 1), None)
2025-12-30 20:21:28 - Eminder - INFO - log:98 - (10, 'WOoooooooooooooo', 0, 0, '{"time": "17:56", "type": "daily", "timezone": "Europe/Stockholm"}', 1, 3, '0', datetime.datetime(2025, 12, 8, 19, 12, 59), datetime.datetime(2025, 12, 8, 17, 55, 12), None)
2025-12-30 20:21:28 - Eminder - INFO - log:98 - (11, 'AYrjisaorjsakrj', 0, 0, '{"days": "mon, wed, fri", "time": "12:00", "type": "weekly", "timezone": "Europe/Stockholm"}', 1, 3, '0', datetime.datetime(2025, 12, 8, 19, 23, 1), datetime.datetime(2025, 12, 8, 18, 22, 40), None)
2025-12-30 20:21:28 - Eminder - INFO - log:98 - (12, 'Jidsfjoeiwjroiriefwk', 0, 0, '{"time": "19:30", "type": "interval", "interval": "2", "timezone": "Europe/Stockholm"}', 1, 3, '0', datetime.datetime(2025, 12, 8, 19, 20, 14), datetime.datetime(2025, 12, 8, 19, 19, 23), None)
2025-12-30 20:21:28 - Eminder - INFO - log:98 - (13, 'ek32rep32orkew', 0, 0, '{"days": "tue", "time": "11:00", "type": "weekly", "timezone": "Europe/Stockholm"}', 1, 3, '0', datetime.datetime(2025, 12, 9, 15, 9, 18), datetime.datetime(2025, 12, 8, 19, 23, 24), None)
2025-12-30 20:21:28 - Eminder - INFO - log:98 - (14, 'er2rk34fkpfkpdkf', 0, 0, '{"time": "19:42", "type": "interval", "interval": "0", "timezone": "Europe/Stockholm"}', 1, 3, '0', datetime.datetime(2025, 12, 9, 9, 22, 30), datetime.datetime(2025, 12, 8, 19, 41, 4), None)
2025-12-30 20:21:28 - Eminder - INFO - log:98 - (15, 'fdsfdsfdsf', 0, 0, '{"time": "19:58", "type": "interval", "interval": "0", "timezone": "Europe/Stockholm"}', 1, 3, '0', datetime.datetime(2025, 12, 9, 9, 22, 30), datetime.datetime(2025, 12, 8, 19, 57, 35), None)
2025-12-30 20:21:28 - Eminder - INFO - log:98 - (16, 'dfwdfe2fewf', 0, 0, '{"days": "mon", "time": "20:30", "type": "weekly", "timezone": "Europe/Stockholm"}', 1, 3, '0', datetime.datetime(2025, 12, 8, 20, 30, 3), datetime.datetime(2025, 12, 8, 20, 7, 10), None)
2025-12-30 20:21:28 - Eminder - INFO - log:98 - (17, 'kdosfkpdfkopdskf', 0, 0, '{"days": "mon, wed, fri", "time": "20:38", "type": "weekly", "timezone": "Europe/Stockholm"}', 1, 3, '0', datetime.datetime(2025, 12, 8, 20, 38, 8), datetime.datetime(2025, 12, 8, 20, 37, 25), None)
2025-12-30 20:21:28 - Eminder - INFO - log:98 - (18, 'fdpfk3porkop34kr3e', 0, 0, '{"time": "20:41", "type": "interval", "interval": "0", "timezone": "Europe/Stockholm"}', 1, 3, '0', datetime.datetime(2025, 12, 9, 9, 22, 30), datetime.datetime(2025, 12, 8, 20, 39, 55), None)
2025-12-30 20:21:28 - Eminder - INFO - log:98 - (19, 'Fipfkpdsofkpds', 0, 0, '{"time": "10:00", "type": "daily", "timezone": "CET"}', 1, 1, '0', None, datetime.datetime(2025, 12, 9, 18, 48, 14), None)
2025-12-30 20:21:28 - Eminder - INFO - log:98 - (20, 'epofdkefkpewrw', 0, 0, '{"time": "10:00", "type": "interval", "interval": "1", "timezone": "CET"}', 1, 1, '0', None, datetime.datetime(2025, 12, 9, 18, 48, 55), None)
2025-12-30 20:21:28 - Eminder - INFO - log:98 - (21, 'mfpdofsfd', 0, 0, '{"days": "mon", "time": "11:11", "type": "weekly", "timezone": "CET"}', 1, 1, '0', None, datetime.datetime(2025, 12, 9, 18, 50, 5), None)
2025-12-30 20:21:28 - Eminder - INFO - log:98 - (22, 'rwefdsfdsf', 0, 0, '{"days": "wed", "time": "15:00", "type": "weekly", "timezone": "CET"}', 1, 1, '0', datetime.datetime(2025, 12, 10, 15, 0, 1), datetime.datetime(2025, 12, 9, 18, 51, 5), None)
2025-12-30 20:21:28 - Eminder - INFO - log:98 - (23, 'fdsfewfew', 0, 0, '{"time": "11:11", "type": "daily", "timezone": "CET"}', 1, 1, '0', None, datetime.datetime(2025, 12, 9, 18, 59, 48), None)
2025-12-30 20:21:28 - Eminder - INFO - log:98 - (24, 'dsffopewkrfew', 0, 0, '{"time": "10:00", "type": "daily", "timezone": "CET"}', 1, 1, '0', None, datetime.datetime(2025, 12, 9, 19, 25, 13), None)
2025-12-30 20:21:28 - Eminder - INFO - log:98 - (25, 'fdospfkdsokgffoepw', 0, 0, '{"time": "13:00", "type": "daily", "timezone": "CET"}', 1, 1, '0', datetime.datetime(2025, 12, 30, 19, 39, 59), datetime.datetime(2025, 12, 9, 19, 26, 54), None)
2025-12-30 20:21:28 - Eminder - INFO - log:98 - (26, 'Första skarpa mailet som skickas ut om det fungerar!!', 0, 0, '{"time": "2025-12-09 19:51", "type": "once", "timezone": "CET"}', 1, 1, '0', datetime.datetime(2025, 12, 9, 19, 51, 4), datetime.datetime(2025, 12, 9, 19, 50, 16), None)
2025-12-30 20:21:28 - Eminder - INFO - log:98 - (27, 'Vi tester att skicka till två mottagare!!', 0, 0, '{"time": "2025-12-09 19:57", "type": "once", "timezone": "CET"}', 1, 1, '0', datetime.datetime(2025, 12, 9, 19, 57, 5), datetime.datetime(2025, 12, 9, 19, 54, 54), None)
2025-12-30 20:21:28 - Eminder - INFO - log:98 - (28, 'Asakfopdskfpdskfpoekr', 0, 0, '{"days": "tue", "time": "21:18", "type": "weekly", "timezone": "CET"}', 1, 1, '0', datetime.datetime(2025, 12, 9, 21, 18, 35), datetime.datetime(2025, 12, 9, 21, 16, 44), None)
2025-12-30 20:21:28 - Eminder - INFO - log:98 - (29, 'PKpskofkpsfkod', 0, 0, '{"days": "09", "time": "21:24", "type": "monthly", "timezone": "CET"}', 1, 1, '0', datetime.datetime(2025, 12, 9, 21, 52, 29), datetime.datetime(2025, 12, 9, 21, 23, 18), None)
2025-12-30 20:21:28 - Eminder - INFO - log:98 - (30, 'rewpik43iomroi43r34r', 0, 0, '{"days": "9", "time": "21:47", "type": "monthly", "timezone": "CET"}', 1, 1, '0', datetime.datetime(2025, 12, 9, 21, 52, 29), datetime.datetime(2025, 12, 9, 21, 45, 15), None)
2025-12-30 20:21:28 - Eminder - INFO - log:98 - (31, 'Nu skickar vi ett mail va hehe', 0, 0, '{"days": "tue", "time": "21:55", "type": "weekly", "timezone": "CET"}', 1, 1, '0', datetime.datetime(2025, 12, 9, 21, 55, 11), datetime.datetime(2025, 12, 9, 21, 54, 5), None)
2025-12-30 20:21:28 - Eminder - INFO - log:98 - (32, 'EEPokwpfkoewpwekfopwkepf', 0, 0, '{"time": "2025-12-09 22:04", "type": "once", "timezone": "CET"}', 1, 1, '0', None, datetime.datetime(2025, 12, 9, 22, 2, 52), None)
2025-12-30 20:21:28 - Eminder - INFO - log:98 - (33, 'fkdsfldkfgd', 0, 0, '{"time": "2025-12-09 22:08", "type": "once", "timezone": "CET"}', 1, 1, '0', None, datetime.datetime(2025, 12, 9, 22, 6, 13), None)
2025-12-30 20:21:28 - Eminder - INFO - log:98 - (34, 'dsfidsgregfd', 0, 0, '{"time": "2025-12-09 22:09", "type": "once", "timezone": "CET"}', 1, 1, '0', datetime.datetime(2025, 12, 9, 22, 9, 11), datetime.datetime(2025, 12, 9, 22, 7, 53), None)
2025-12-30 20:21:28 - Eminder - INFO - log:98 - (35, 'Nu är klockan 07:48!! Fan!', 0, 0, '{"time": "07:48", "type": "daily", "timezone": "CET"}', 1, 1, '0', datetime.datetime(2025, 12, 30, 19, 39, 59), datetime.datetime(2025, 12, 10, 7, 47, 6), None)
2025-12-30 20:21:28 - Eminder - INFO - log:98 - (36, 'Bara skickar massa skit!!', 0, 0, '{"days": "10", "time": "08:19", "type": "monthly", "timezone": "CET"}', 1, 1, '0', datetime.datetime(2025, 12, 10, 8, 19, 9), datetime.datetime(2025, 12, 10, 8, 18, 13), None)
2025-12-30 20:21:28 - Eminder - INFO - log:98 - (37, 'dfgre4ergfd', 0, 0, '{"time": "08:22", "type": "interval", "interval": "1", "timezone": "CET"}', 1, 1, '0', None, datetime.datetime(2025, 12, 10, 8, 20, 24), None)
2025-12-30 20:21:28 - Eminder - INFO - log:98 - (38, 'fdsopfkopefkoekf', 0, 0, '{"time": "16:57", "type": "daily", "timezone": "CET"}', 1, 1, '0', None, datetime.datetime(2025, 12, 10, 16, 55, 25), None)
2025-12-30 20:21:28 - Eminder - INFO - log:98 - (39, 'fdfopdfkopdkf', 0, 0, '{"time": "2025-12-10 16:58", "type": "once", "timezone": "CET"}', 1, 1, '0', datetime.datetime(2025, 12, 10, 16, 58, 8), datetime.datetime(2025, 12, 10, 16, 56, 20), None)
2025-12-30 20:21:28 - Eminder - INFO - log:98 - (40, 'Sending random e-mail on Thursdays 05:56!', 0, 0, '{"days": "thu", "time": "05:56", "type": "weekly", "timezone": "CET"}', 1, 1, '0', None, datetime.datetime(2025, 12, 11, 5, 54, 38), None)
2025-12-30 20:21:28 - Eminder - INFO - log:98 - (41, 'Sending random mail at 05:58!!', 0, 0, '{"days": "thu", "time": "05:58", "type": "weekly", "timezone": "CET"}', 1, 1, '0', datetime.datetime(2025, 12, 11, 5, 58, 12), datetime.datetime(2025, 12, 11, 5, 56, 44), None)
2025-12-30 20:21:28 - Eminder - INFO - log:98 - (42, 'dfsdfsdf3f32f23', 0, 0, '{"time": "2025-12-11 06:39", "type": "once", "timezone": "CET"}', 1, 1, '0', datetime.datetime(2025, 12, 11, 6, 40, 23), datetime.datetime(2025, 12, 11, 6, 38, 33), None)
2025-12-30 20:21:28 - Eminder - INFO - log:98 - (43, 'Hej!', 0, 0, '{"time": "2025-12-11 06:48", "type": "once", "timezone": "CET"}', 1, 1, '0', datetime.datetime(2025, 12, 11, 6, 48, 8), datetime.datetime(2025, 12, 11, 6, 48, 2), None)
2025-12-30 20:21:28 - Eminder - INFO - log:98 - (44, 'Sending one mail every 11th of the month.', 0, 0, '{"days": "11", "time": "06:54", "type": "monthly", "timezone": "CET"}', 1, 1, '0', datetime.datetime(2025, 12, 11, 6, 54, 5), datetime.datetime(2025, 12, 11, 6, 53, 38), None)
2025-12-30 20:21:28 - Eminder - INFO - log:98 - (45, 'Hej här är meddelande om kommer 11:22 på fredagar', 0, 0, '{"days": "fri", "time": "11:22", "type": "weekly", "timezone": "CET"}', 1, 1, '0', datetime.datetime(2025, 12, 12, 11, 22, 14), datetime.datetime(2025, 12, 12, 11, 20, 24), None)
2025-12-30 20:21:28 - Eminder - INFO - log:98 - (46, 'Take your German Shepherd for their evening walk. This walk is important for their evening routine and final potty break before bedtime. Bring a leash and waste bags.', 0, 0, '{"time": "19:00", "type": "daily"}', 1, 1, '', None, datetime.datetime(2025, 12, 30, 19, 15, 5), None)
2025-12-30 20:21:28 - Eminder - INFO - log:98 - (47, 'Take your German Shepherd for their daily walk. Ensure they get sufficient exercise and have ample time for potty breaks. Remember to bring the leash, waste bags, and a water bottle for them.', 0, 0, '{"time": "08:00", "type": "daily"}', 1, 1, '', None, datetime.datetime(2025, 12, 30, 19, 17, 5), None)
2025-12-30 20:21:28 - Eminder - INFO - log:98 - (48, 'Take your German Shepherd for their evening walk. This walk is important for their evening routine and final potty break before bedtime. Bring a leash and waste bags.', 0, 0, '{"time": "19:00", "type": "daily"}', 1, 1, '', None, datetime.datetime(2025, 12, 30, 19, 17, 5), None)
2025-12-30 20:21:28 - Eminder - INFO - log:98 - (49, 'Take your German Shepherd for their daily walk. Ensure they get sufficient exercise and have ample time for potty breaks. Remember to bring the leash, waste bags, and a water bottle for them.', 0, 0, '{"time": "08:00", "type": "daily"}', 1, 1, '', None, datetime.datetime(2025, 12, 30, 19, 23, 10), None)
2025-12-30 20:21:28 - Eminder - INFO - log:98 - (50, 'Take your German Shepherd for their evening walk. This walk is important for their evening routine and final potty break before bedtime. Bring a leash and waste bags.', 0, 0, '{"time": "19:00", "type": "daily"}', 1, 1, '', None, datetime.datetime(2025, 12, 30, 19, 23, 10), None)
2025-12-30 20:21:28 - Eminder - INFO - log:98 - (51, 'Take your German Shepherd for their daily walk. Ensure they get sufficient exercise and have ample time for potty breaks. Remember to bring the leash, waste bags, and a water bottle for them.', 0, 0, '{"time": "08:00", "type": "daily"}', 1, 1, '', None, datetime.datetime(2025, 12, 30, 19, 23, 48), None)
2025-12-30 20:21:28 - Eminder - INFO - log:98 - (52, 'Take your German Shepherd for their evening walk. This walk is important for their evening routine and final potty break before bedtime. Bring a leash and waste bags.', 0, 0, '{"time": "19:00", "type": "daily"}', 1, 1, '', None, datetime.datetime(2025, 12, 30, 19, 23, 48), None)
2025-12-30 20:21:28 - Eminder - INFO - log:98 - (53, 'Time to hit the pavement for your 10 km run! This session is scheduled three times a week, providing a great way to boost your fitness and energy during your lunch break. Remember to hydrate and warm up properly.', 0, 0, '{"days": "mon,wed,fri", "time": "11:30", "type": "weekly"}', 1, 1, '', None, datetime.datetime(2025, 12, 30, 19, 29, 24), None)
2025-12-30 20:21:28 - Eminder - INFO - log:98 - (54, 'Tonight, take a break from the ordinary! Step outside, find a dark spot away from city lights, and look up at the night sky. Witness the silent dance of stars, planets, and maybe even a meteor shower. Consider bringing a warm blanket, a thermos of hot chocolate, and a pair of binoculars for an enhanced experience. Let the universe inspire you!', 0, 0, '{"time": "20251230 20:16", "type": "once", "timezone": "CET"}', 1, 1, '', None, datetime.datetime(2025, 12, 30, 20, 18, 14), None)
2025-12-30 20:22:33 - Eminder - INFO - log:98 - TaskId 55 has been saved! Message: Today, at this exact moment, you are officially scheduled to ponder the deep philosophical question: 'If a potato chip falls in the forest, and no one is around to hear it crunch, does it still make me feel guilty for eating the whole bag?' Please prepare appropriate snack materials (preferably the crunchy kind) and a comfortable thinking spot. Extra points for dramatic lighting and a slightly confused pet as an audience. This is not just a snack; it's a journey into the snack-verse of your own making. Your conscience, and potentially your stomach, await.. Schedule: {'time': '20251230 20:24', 'type': 'once', 'timezone': 'CET'}.
2025-12-30 20:22:38 - Eminder - INFO - log:98 - Listing all recipients:
2025-12-30 20:22:38 - Eminder - INFO - log:98 - (1, 'Emil Sjökvist', 'emil.sjoekvist@gmail.com', '+46736487806', 1)
2025-12-30 20:22:38 - Eminder - INFO - log:98 - (3, 'emil.sjokvist@gmail.com', 'emil.sjokvist@gmail.com', '123', 1)
2025-12-30 20:22:38 - Eminder - INFO - log:98 - (5, 'emilthemaster@hotmail.com', 'emilthemaster@hotmail.com', '123455', 1)
2025-12-30 20:22:41 - Eminder - INFO - log:98 - TaskId 55 has been connected to RecipientId 1.
2025-12-30 20:24:45 - Eminder - INFO - log:98 - TaskId 56 has been saved! Message: Prepare for an unparalleled journey beyond the fabric of time and space. At precisely 20:26, your personal quantum chronometer will activate, initiating a brief, controlled temporal displacement. This isn't just a viewing; it's an immersive, personalized experience designed to give you a fleeting glimpse of a unique historical or future moment of your choosing (or a serendipitous random selection if no preference is indicated prior). Advanced neural interface technology will ensure full sensory immersion, making the 'leap' feel utterly real. Data stream encryption and temporal signature cloaking are in full effect for your absolute privacy and safety. Enjoy the ultimate adventure in trans-dimensional exploration.. Schedule: {'time': '2025-12-30 20:26', 'type': 'once', 'timezone': 'CET'}.
2025-12-30 20:24:48 - Eminder - INFO - log:98 - (1, 'Emil Sjökvist', 'emil.sjoekvist@gmail.com', '+46736487806', 1)
2025-12-30 20:24:48 - Eminder - INFO - log:98 - (3, 'emil.sjokvist@gmail.com', 'emil.sjokvist@gmail.com', '123', 1)
2025-12-30 20:24:48 - Eminder - INFO - log:98 - (5, 'emilthemaster@hotmail.com', 'emilthemaster@hotmail.com', '123455', 1)
2025-12-30 20:24:48 - Eminder - INFO - log:98 - Listing records in Task table:
2025-12-30 20:24:48 - Eminder - INFO - log:98 - (6, 'Triggas kl 15:02', 0, 0, '{"time": "2025-12-08 15:02", "type": "once", "timezone": "Europe/Stockholm"}', 1, 3, '0', datetime.datetime(2025, 12, 8, 15, 2), datetime.datetime(2025, 12, 8, 15, 1, 30), None)
2025-12-30 20:24:48 - Eminder - INFO - log:98 - (7, 'Weeeeeeeee', 0, 0, '{"time": "2025-12-08 15:24", "type": "once", "timezone": "Europe/Stockholm"}', 1, 3, '0', datetime.datetime(2025, 12, 8, 15, 24, 1), datetime.datetime(2025, 12, 8, 15, 23, 29), None)
2025-12-30 20:24:48 - Eminder - INFO - log:98 - (8, 'Halloooooooooooooo', 1, 1, '{"time": "16:15", "type": "daily", "timezone": "Europe/Stockholm"}', 1, 3, 'Ludvika', datetime.datetime(2025, 12, 8, 16, 19, 21), datetime.datetime(2025, 12, 8, 16, 14, 21), None)
2025-12-30 20:24:48 - Eminder - INFO - log:98 - (9, 'rfkdlösflkdsf', 0, 0, '{"time": "16:20", "type": "daily", "timezone": "Europe/Stockholm"}', 1, 3, '0', datetime.datetime(2025, 12, 8, 16, 20, 4), datetime.datetime(2025, 12, 8, 16, 20, 1), None)
2025-12-30 20:24:48 - Eminder - INFO - log:98 - (10, 'WOoooooooooooooo', 0, 0, '{"time": "17:56", "type": "daily", "timezone": "Europe/Stockholm"}', 1, 3, '0', datetime.datetime(2025, 12, 8, 19, 12, 59), datetime.datetime(2025, 12, 8, 17, 55, 12), None)
2025-12-30 20:24:48 - Eminder - INFO - log:98 - (11, 'AYrjisaorjsakrj', 0, 0, '{"days": "mon, wed, fri", "time": "12:00", "type": "weekly", "timezone": "Europe/Stockholm"}', 1, 3, '0', datetime.datetime(2025, 12, 8, 19, 23, 1), datetime.datetime(2025, 12, 8, 18, 22, 40), None)
2025-12-30 20:24:48 - Eminder - INFO - log:98 - (12, 'Jidsfjoeiwjroiriefwk', 0, 0, '{"time": "19:30", "type": "interval", "interval": "2", "timezone": "Europe/Stockholm"}', 1, 3, '0', datetime.datetime(2025, 12, 8, 19, 20, 14), datetime.datetime(2025, 12, 8, 19, 19, 23), None)
2025-12-30 20:24:48 - Eminder - INFO - log:98 - (13, 'ek32rep32orkew', 0, 0, '{"days": "tue", "time": "11:00", "type": "weekly", "timezone": "Europe/Stockholm"}', 1, 3, '0', datetime.datetime(2025, 12, 9, 15, 9, 18), datetime.datetime(2025, 12, 8, 19, 23, 24), None)
2025-12-30 20:24:48 - Eminder - INFO - log:98 - (14, 'er2rk34fkpfkpdkf', 0, 0, '{"time": "19:42", "type": "interval", "interval": "0", "timezone": "Europe/Stockholm"}', 1, 3, '0', datetime.datetime(2025, 12, 9, 9, 22, 30), datetime.datetime(2025, 12, 8, 19, 41, 4), None)
2025-12-30 20:24:48 - Eminder - INFO - log:98 - (15, 'fdsfdsfdsf', 0, 0, '{"time": "19:58", "type": "interval", "interval": "0", "timezone": "Europe/Stockholm"}', 1, 3, '0', datetime.datetime(2025, 12, 9, 9, 22, 30), datetime.datetime(2025, 12, 8, 19, 57, 35), None)
2025-12-30 20:24:48 - Eminder - INFO - log:98 - (16, 'dfwdfe2fewf', 0, 0, '{"days": "mon", "time": "20:30", "type": "weekly", "timezone": "Europe/Stockholm"}', 1, 3, '0', datetime.datetime(2025, 12, 8, 20, 30, 3), datetime.datetime(2025, 12, 8, 20, 7, 10), None)
2025-12-30 20:24:48 - Eminder - INFO - log:98 - (17, 'kdosfkpdfkopdskf', 0, 0, '{"days": "mon, wed, fri", "time": "20:38", "type": "weekly", "timezone": "Europe/Stockholm"}', 1, 3, '0', datetime.datetime(2025, 12, 8, 20, 38, 8), datetime.datetime(2025, 12, 8, 20, 37, 25), None)
2025-12-30 20:24:48 - Eminder - INFO - log:98 - (18, 'fdpfk3porkop34kr3e', 0, 0, '{"time": "20:41", "type": "interval", "interval": "0", "timezone": "Europe/Stockholm"}', 1, 3, '0', datetime.datetime(2025, 12, 9, 9, 22, 30), datetime.datetime(2025, 12, 8, 20, 39, 55), None)
2025-12-30 20:24:48 - Eminder - INFO - log:98 - (19, 'Fipfkpdsofkpds', 0, 0, '{"time": "10:00", "type": "daily", "timezone": "CET"}', 1, 1, '0', None, datetime.datetime(2025, 12, 9, 18, 48, 14), None)
2025-12-30 20:24:48 - Eminder - INFO - log:98 - (20, 'epofdkefkpewrw', 0, 0, '{"time": "10:00", "type": "interval", "interval": "1", "timezone": "CET"}', 1, 1, '0', None, datetime.datetime(2025, 12, 9, 18, 48, 55), None)
2025-12-30 20:24:48 - Eminder - INFO - log:98 - (21, 'mfpdofsfd', 0, 0, '{"days": "mon", "time": "11:11", "type": "weekly", "timezone": "CET"}', 1, 1, '0', None, datetime.datetime(2025, 12, 9, 18, 50, 5), None)
2025-12-30 20:24:48 - Eminder - INFO - log:98 - (22, 'rwefdsfdsf', 0, 0, '{"days": "wed", "time": "15:00", "type": "weekly", "timezone": "CET"}', 1, 1, '0', datetime.datetime(2025, 12, 10, 15, 0, 1), datetime.datetime(2025, 12, 9, 18, 51, 5), None)
2025-12-30 20:24:48 - Eminder - INFO - log:98 - (23, 'fdsfewfew', 0, 0, '{"time": "11:11", "type": "daily", "timezone": "CET"}', 1, 1, '0', None, datetime.datetime(2025, 12, 9, 18, 59, 48), None)
2025-12-30 20:24:48 - Eminder - INFO - log:98 - (24, 'dsffopewkrfew', 0, 0, '{"time": "10:00", "type": "daily", "timezone": "CET"}', 1, 1, '0', None, datetime.datetime(2025, 12, 9, 19, 25, 13), None)
2025-12-30 20:24:48 - Eminder - INFO - log:98 - (25, 'fdospfkdsokgffoepw', 0, 0, '{"time": "13:00", "type": "daily", "timezone": "CET"}', 1, 1, '0', datetime.datetime(2025, 12, 30, 19, 39, 59), datetime.datetime(2025, 12, 9, 19, 26, 54), None)
2025-12-30 20:24:48 - Eminder - INFO - log:98 - (26, 'Första skarpa mailet som skickas ut om det fungerar!!', 0, 0, '{"time": "2025-12-09 19:51", "type": "once", "timezone": "CET"}', 1, 1, '0', datetime.datetime(2025, 12, 9, 19, 51, 4), datetime.datetime(2025, 12, 9, 19, 50, 16), None)
2025-12-30 20:24:48 - Eminder - INFO - log:98 - (27, 'Vi tester att skicka till två mottagare!!', 0, 0, '{"time": "2025-12-09 19:57", "type": "once", "timezone": "CET"}', 1, 1, '0', datetime.datetime(2025, 12, 9, 19, 57, 5), datetime.datetime(2025, 12, 9, 19, 54, 54), None)
2025-12-30 20:24:48 - Eminder - INFO - log:98 - (28, 'Asakfopdskfpdskfpoekr', 0, 0, '{"days": "tue", "time": "21:18", "type": "weekly", "timezone": "CET"}', 1, 1, '0', datetime.datetime(2025, 12, 9, 21, 18, 35), datetime.datetime(2025, 12, 9, 21, 16, 44), None)
2025-12-30 20:24:48 - Eminder - INFO - log:98 - (29, 'PKpskofkpsfkod', 0, 0, '{"days": "09", "time": "21:24", "type": "monthly", "timezone": "CET"}', 1, 1, '0', datetime.datetime(2025, 12, 9, 21, 52, 29), datetime.datetime(2025, 12, 9, 21, 23, 18), None)
2025-12-30 20:24:48 - Eminder - INFO - log:98 - (30, 'rewpik43iomroi43r34r', 0, 0, '{"days": "9", "time": "21:47", "type": "monthly", "timezone": "CET"}', 1, 1, '0', datetime.datetime(2025, 12, 9, 21, 52, 29), datetime.datetime(2025, 12, 9, 21, 45, 15), None)
2025-12-30 20:24:48 - Eminder - INFO - log:98 - (31, 'Nu skickar vi ett mail va hehe', 0, 0, '{"days": "tue", "time": "21:55", "type": "weekly", "timezone": "CET"}', 1, 1, '0', datetime.datetime(2025, 12, 9, 21, 55, 11), datetime.datetime(2025, 12, 9, 21, 54, 5), None)
2025-12-30 20:24:48 - Eminder - INFO - log:98 - (32, 'EEPokwpfkoewpwekfopwkepf', 0, 0, '{"time": "2025-12-09 22:04", "type": "once", "timezone": "CET"}', 1, 1, '0', None, datetime.datetime(2025, 12, 9, 22, 2, 52), None)
2025-12-30 20:24:48 - Eminder - INFO - log:98 - (33, 'fkdsfldkfgd', 0, 0, '{"time": "2025-12-09 22:08", "type": "once", "timezone": "CET"}', 1, 1, '0', None, datetime.datetime(2025, 12, 9, 22, 6, 13), None)
2025-12-30 20:24:48 - Eminder - INFO - log:98 - (34, 'dsfidsgregfd', 0, 0, '{"time": "2025-12-09 22:09", "type": "once", "timezone": "CET"}', 1, 1, '0', datetime.datetime(2025, 12, 9, 22, 9, 11), datetime.datetime(2025, 12, 9, 22, 7, 53), None)
2025-12-30 20:24:48 - Eminder - INFO - log:98 - (35, 'Nu är klockan 07:48!! Fan!', 0, 0, '{"time": "07:48", "type": "daily", "timezone": "CET"}', 1, 1, '0', datetime.datetime(2025, 12, 30, 19, 39, 59), datetime.datetime(2025, 12, 10, 7, 47, 6), None)
2025-12-30 20:24:48 - Eminder - INFO - log:98 - (36, 'Bara skickar massa skit!!', 0, 0, '{"days": "10", "time": "08:19", "type": "monthly", "timezone": "CET"}', 1, 1, '0', datetime.datetime(2025, 12, 10, 8, 19, 9), datetime.datetime(2025, 12, 10, 8, 18, 13), None)
2025-12-30 20:24:48 - Eminder - INFO - log:98 - (37, 'dfgre4ergfd', 0, 0, '{"time": "08:22", "type": "interval", "interval": "1", "timezone": "CET"}', 1, 1, '0', None, datetime.datetime(2025, 12, 10, 8, 20, 24), None)
2025-12-30 20:24:48 - Eminder - INFO - log:98 - (38, 'fdsopfkopefkoekf', 0, 0, '{"time": "16:57", "type": "daily", "timezone": "CET"}', 1, 1, '0', None, datetime.datetime(2025, 12, 10, 16, 55, 25), None)
2025-12-30 20:24:48 - Eminder - INFO - log:98 - (39, 'fdfopdfkopdkf', 0, 0, '{"time": "2025-12-10 16:58", "type": "once", "timezone": "CET"}', 1, 1, '0', datetime.datetime(2025, 12, 10, 16, 58, 8), datetime.datetime(2025, 12, 10, 16, 56, 20), None)
2025-12-30 20:24:48 - Eminder - INFO - log:98 - (40, 'Sending random e-mail on Thursdays 05:56!', 0, 0, '{"days": "thu", "time": "05:56", "type": "weekly", "timezone": "CET"}', 1, 1, '0', None, datetime.datetime(2025, 12, 11, 5, 54, 38), None)
2025-12-30 20:24:48 - Eminder - INFO - log:98 - (41, 'Sending random mail at 05:58!!', 0, 0, '{"days": "thu", "time": "05:58", "type": "weekly", "timezone": "CET"}', 1, 1, '0', datetime.datetime(2025, 12, 11, 5, 58, 12), datetime.datetime(2025, 12, 11, 5, 56, 44), None)
2025-12-30 20:24:48 - Eminder - INFO - log:98 - (42, 'dfsdfsdf3f32f23', 0, 0, '{"time": "2025-12-11 06:39", "type": "once", "timezone": "CET"}', 1, 1, '0', datetime.datetime(2025, 12, 11, 6, 40, 23), datetime.datetime(2025, 12, 11, 6, 38, 33), None)
2025-12-30 20:24:48 - Eminder - INFO - log:98 - (43, 'Hej!', 0, 0, '{"time": "2025-12-11 06:48", "type": "once", "timezone": "CET"}', 1, 1, '0', datetime.datetime(2025, 12, 11, 6, 48, 8), datetime.datetime(2025, 12, 11, 6, 48, 2), None)
2025-12-30 20:24:48 - Eminder - INFO - log:98 - (44, 'Sending one mail every 11th of the month.', 0, 0, '{"days": "11", "time": "06:54", "type": "monthly", "timezone": "CET"}', 1, 1, '0', datetime.datetime(2025, 12, 11, 6, 54, 5), datetime.datetime(2025, 12, 11, 6, 53, 38), None)
2025-12-30 20:24:48 - Eminder - INFO - log:98 - (45, 'Hej här är meddelande om kommer 11:22 på fredagar', 0, 0, '{"days": "fri", "time": "11:22", "type": "weekly", "timezone": "CET"}', 1, 1, '0', datetime.datetime(2025, 12, 12, 11, 22, 14), datetime.datetime(2025, 12, 12, 11, 20, 24), None)
2025-12-30 20:24:48 - Eminder - INFO - log:98 - (46, 'Take your German Shepherd for their evening walk. This walk is important for their evening routine and final potty break before bedtime. Bring a leash and waste bags.', 0, 0, '{"time": "19:00", "type": "daily"}', 1, 1, '', None, datetime.datetime(2025, 12, 30, 19, 15, 5), None)
2025-12-30 20:24:48 - Eminder - INFO - log:98 - (47, 'Take your German Shepherd for their daily walk. Ensure they get sufficient exercise and have ample time for potty breaks. Remember to bring the leash, waste bags, and a water bottle for them.', 0, 0, '{"time": "08:00", "type": "daily"}', 1, 1, '', None, datetime.datetime(2025, 12, 30, 19, 17, 5), None)
2025-12-30 20:24:48 - Eminder - INFO - log:98 - (48, 'Take your German Shepherd for their evening walk. This walk is important for their evening routine and final potty break before bedtime. Bring a leash and waste bags.', 0, 0, '{"time": "19:00", "type": "daily"}', 1, 1, '', None, datetime.datetime(2025, 12, 30, 19, 17, 5), None)
2025-12-30 20:24:48 - Eminder - INFO - log:98 - (49, 'Take your German Shepherd for their daily walk. Ensure they get sufficient exercise and have ample time for potty breaks. Remember to bring the leash, waste bags, and a water bottle for them.', 0, 0, '{"time": "08:00", "type": "daily"}', 1, 1, '', None, datetime.datetime(2025, 12, 30, 19, 23, 10), None)
2025-12-30 20:24:48 - Eminder - INFO - log:98 - (50, 'Take your German Shepherd for their evening walk. This walk is important for their evening routine and final potty break before bedtime. Bring a leash and waste bags.', 0, 0, '{"time": "19:00", "type": "daily"}', 1, 1, '', None, datetime.datetime(2025, 12, 30, 19, 23, 10), None)
2025-12-30 20:24:48 - Eminder - INFO - log:98 - (51, 'Take your German Shepherd for their daily walk. Ensure they get sufficient exercise and have ample time for potty breaks. Remember to bring the leash, waste bags, and a water bottle for them.', 0, 0, '{"time": "08:00", "type": "daily"}', 1, 1, '', None, datetime.datetime(2025, 12, 30, 19, 23, 48), None)
2025-12-30 20:24:48 - Eminder - INFO - log:98 - (52, 'Take your German Shepherd for their evening walk. This walk is important for their evening routine and final potty break before bedtime. Bring a leash and waste bags.', 0, 0, '{"time": "19:00", "type": "daily"}', 1, 1, '', None, datetime.datetime(2025, 12, 30, 19, 23, 48), None)
2025-12-30 20:24:48 - Eminder - INFO - log:98 - (53, 'Time to hit the pavement for your 10 km run! This session is scheduled three times a week, providing a great way to boost your fitness and energy during your lunch break. Remember to hydrate and warm up properly.', 0, 0, '{"days": "mon,wed,fri", "time": "11:30", "type": "weekly"}', 1, 1, '', None, datetime.datetime(2025, 12, 30, 19, 29, 24), None)
2025-12-30 20:24:48 - Eminder - INFO - log:98 - (54, 'Tonight, take a break from the ordinary! Step outside, find a dark spot away from city lights, and look up at the night sky. Witness the silent dance of stars, planets, and maybe even a meteor shower. Consider bringing a warm blanket, a thermos of hot chocolate, and a pair of binoculars for an enhanced experience. Let the universe inspire you!', 0, 0, '{"time": "20251230 20:16", "type": "once", "timezone": "CET"}', 1, 1, '', None, datetime.datetime(2025, 12, 30, 20, 18, 14), None)
2025-12-30 20:24:48 - Eminder - INFO - log:98 - (56, "Prepare for an unparalleled journey beyond the fabric of time and space. At precisely 20:26, your personal quantum chronometer will activate, initiating a brief, controlled temporal displacement. This isn't just a viewing; it's an immersive, personalized experience designed to give you a fleeting glimpse of a unique historical or future moment of your choosing (or a serendipitous random selection if no preference is indicated prior). Advanced neural interface technology will ensure full sensory immersion, making the 'leap' feel utterly real. Data stream encryption and temporal signature cloaking are in full effect for your absolute privacy and safety. Enjoy the ultimate adventure in trans-dimensional exploration.", 0, 0, '{"time": "2025-12-30 20:26", "type": "once", "timezone": "CET"}', 1, 1, '', None, datetime.datetime(2025, 12, 30, 20, 24, 45), 'Initiate Quantum Chrono-Leap')
2025-12-30 20:25:27 - Eminder - INFO - log:98 - TaskId 57 has been saved! Message: Prepare for an extraordinary evening of stargazing! Gather your favorite warm blanket, a comfortable spot, and perhaps a hot beverage. Tonight, we will gaze upon the magnificent winter sky, identifying constellations, spotting distant galaxies, and marveling at the cosmic ballet above. Research some interesting facts about the constellations visible tonight to enhance your experience. This is a perfect opportunity for reflection and connecting with the vastness of the universe. Consider having a telescope or binoculars handy if available to explore even deeper into the cosmos. Let the wonder unfold!. Schedule: {'time': '2025-12-30 20:26', 'type': 'once', 'timezone': 'CET'}.
2025-12-30 20:25:30 - Eminder - INFO - log:98 - Listing all recipients:
2025-12-30 20:25:30 - Eminder - INFO - log:98 - (1, 'Emil Sjökvist', 'emil.sjoekvist@gmail.com', '+46736487806', 1)
2025-12-30 20:25:30 - Eminder - INFO - log:98 - (3, 'emil.sjokvist@gmail.com', 'emil.sjokvist@gmail.com', '123', 1)
2025-12-30 20:25:30 - Eminder - INFO - log:98 - (5, 'emilthemaster@hotmail.com', 'emilthemaster@hotmail.com', '123455', 1)
2025-12-30 20:25:34 - Eminder - INFO - log:98 - TaskId 57 has been connected to RecipientId 1.
2025-12-30 20:26:12 - Eminder - INFO - log:98 - E-mail with Id: 19b70b99c4612419 has been sent to emil.sjoekvist@gmail.com.
2025-12-30 20:26:12 - Eminder - INFO - log:98 - Operation time: 1.79s. Start time: 2025-12-30 20:26:10.327358. Finish time 2025-12-30 20:26:12.121920.
2025-12-30 20:26:12 - Eminder - INFO - log:98 - Last triggered updated to 2025-12-30 20:26:10.304882 On TaskId 57.
2025-12-30 20:29:36 - Eminder - INFO - log:98 - TaskId 58 has been saved! Message: Tonight, before bed, discreetly 'borrow' one sock from every pair in your drawer. Mix them up. Tomorrow's mission: find two matching socks. The struggle will be real, and hilarious for any onlookers (or just you in the mirror).. Schedule: {'time': '20:30', 'type': 'daily', 'timezone': 'CET'}.
2025-12-30 20:29:38 - Eminder - INFO - log:98 - TaskId 59 has been saved! Message: Observe a houseplant very closely. Whisper to it about the global conspiracy of sentient garden gnomes. See if it wilts in fear or starts developing new, suspicious growths. Document findings for future comedic reference.. Schedule: {'time': '20:30', 'type': 'daily', 'timezone': 'CET'}.
2025-12-30 20:29:43 - Eminder - INFO - log:98 - TaskId 60 has been saved! Message: For a brief moment, pretend to slip on an invisible banana peel in a public place (or your kitchen, if you're shy). Commit to the bit. The confusion on people's faces (or your pet's) will be priceless. Don't actually fall!. Schedule: {'time': '20:30', 'type': 'daily', 'timezone': 'CET'}.
2025-12-30 20:29:43 - Eminder - INFO - log:98 - TaskId 61 has been saved! Message: Pick your favorite (or least favorite) cereal box. At 20:30, perform a dramatic, Shakespearean reading of the ingredients list, nutritional facts, and any marketing slogans. Bonus points for a ridiculously deep voice and exaggerated gestures.. Schedule: {'time': '20:30', 'type': 'daily', 'timezone': 'CET'}.
2025-12-30 20:29:44 - Eminder - INFO - log:98 - TaskId 62 has been saved! Message: Tonight, before turning in, draw a comical moustache on your index finger. Hold it up to your face and greet yourself in the mirror with a ridiculously deep voice, introducing yourself as an important dignitary. Practice your serious politician pose.. Schedule: {'time': '20:30', 'type': 'daily', 'timezone': 'CET'}.
2025-12-30 20:29:45 - Eminder - INFO - log:98 - TaskId 63 has been saved! Message: For the next hour, try to make every sentence you utter rhyme. It's harder than it seems, and the resulting non-sequiturs will be absolutely absurd and sure to bring a smile, or at least a chuckle, to your face (and anyone listening, if you dare to speak aloud).. Schedule: {'time': '20:30', 'type': 'daily', 'timezone': 'CET'}.
2025-12-30 20:29:46 - Eminder - INFO - log:98 - TaskId 64 has been saved! Message: Begin your new hobby: collecting spoons. Not fancy ones, just regular, everyday spoons. Declare to anyone who asks (or doesn't) that you're a serious 'domestic utensil curator.' Act very mysterious and profound about your collection.. Schedule: {'time': '20:30', 'type': 'daily', 'timezone': 'CET'}.
2025-12-30 20:29:52 - Eminder - INFO - log:98 - Listing all recipients:
2025-12-30 20:29:52 - Eminder - INFO - log:98 - (1, 'Emil Sjökvist', 'emil.sjoekvist@gmail.com', '+46736487806', 1)
2025-12-30 20:29:52 - Eminder - INFO - log:98 - (3, 'emil.sjokvist@gmail.com', 'emil.sjokvist@gmail.com', '123', 1)
2025-12-30 20:29:52 - Eminder - INFO - log:98 - (5, 'emilthemaster@hotmail.com', 'emilthemaster@hotmail.com', '123455', 1)
2025-12-30 20:29:54 - Eminder - INFO - log:98 - TaskId 64 has been connected to RecipientId 1.
2025-12-30 20:30:14 - Eminder - INFO - log:98 - E-mail with Id: 19b70bd527fff0e8 has been sent to emil.sjoekvist@gmail.com.
2025-12-30 20:30:14 - Eminder - INFO - log:98 - Operation time: 1.69s. Start time: 2025-12-30 20:30:13.064766. Finish time 2025-12-30 20:30:14.755064.
2025-12-30 20:30:14 - Eminder - INFO - log:98 - Last triggered updated to 2025-12-30 20:30:13.041410 On TaskId 64.
2025-12-30 20:40:46 - Eminder - INFO - log:98 - Listing all recipients:
2025-12-30 20:40:46 - Eminder - INFO - log:98 - (1, 'Emil Sjökvist', 'emil.sjoekvist@gmail.com', '+46736487806', 1)
2025-12-30 20:40:46 - Eminder - INFO - log:98 - (3, 'emil.sjokvist@gmail.com', 'emil.sjokvist@gmail.com', '123', 1)
2025-12-30 20:40:46 - Eminder - INFO - log:98 - (5, 'emilthemaster@hotmail.com', 'emilthemaster@hotmail.com', '123455', 1)
2025-12-30 20:40:57 - Eminder - INFO - log:98 - Listing records in Task table:
2025-12-30 20:40:57 - Eminder - INFO - log:98 - (6, 'Triggas kl 15:02', 0, 0, '{"time": "2025-12-08 15:02", "type": "once", "timezone": "Europe/Stockholm"}', 1, 3, '0', datetime.datetime(2025, 12, 8, 15, 2), datetime.datetime(2025, 12, 8, 15, 1, 30), None)
2025-12-30 20:40:57 - Eminder - INFO - log:98 - (7, 'Weeeeeeeee', 0, 0, '{"time": "2025-12-08 15:24", "type": "once", "timezone": "Europe/Stockholm"}', 1, 3, '0', datetime.datetime(2025, 12, 8, 15, 24, 1), datetime.datetime(2025, 12, 8, 15, 23, 29), None)
2025-12-30 20:40:57 - Eminder - INFO - log:98 - (8, 'Halloooooooooooooo', 1, 1, '{"time": "16:15", "type": "daily", "timezone": "Europe/Stockholm"}', 1, 3, 'Ludvika', datetime.datetime(2025, 12, 8, 16, 19, 21), datetime.datetime(2025, 12, 8, 16, 14, 21), None)
2025-12-30 20:40:57 - Eminder - INFO - log:98 - (9, 'rfkdlösflkdsf', 0, 0, '{"time": "16:20", "type": "daily", "timezone": "Europe/Stockholm"}', 1, 3, '0', datetime.datetime(2025, 12, 8, 16, 20, 4), datetime.datetime(2025, 12, 8, 16, 20, 1), None)
2025-12-30 20:40:57 - Eminder - INFO - log:98 - (10, 'WOoooooooooooooo', 0, 0, '{"time": "17:56", "type": "daily", "timezone": "Europe/Stockholm"}', 1, 3, '0', datetime.datetime(2025, 12, 8, 19, 12, 59), datetime.datetime(2025, 12, 8, 17, 55, 12), None)
2025-12-30 20:40:57 - Eminder - INFO - log:98 - (11, 'AYrjisaorjsakrj', 0, 0, '{"days": "mon, wed, fri", "time": "12:00", "type": "weekly", "timezone": "Europe/Stockholm"}', 1, 3, '0', datetime.datetime(2025, 12, 8, 19, 23, 1), datetime.datetime(2025, 12, 8, 18, 22, 40), None)
2025-12-30 20:40:57 - Eminder - INFO - log:98 - (12, 'Jidsfjoeiwjroiriefwk', 0, 0, '{"time": "19:30", "type": "interval", "interval": "2", "timezone": "Europe/Stockholm"}', 1, 3, '0', datetime.datetime(2025, 12, 8, 19, 20, 14), datetime.datetime(2025, 12, 8, 19, 19, 23), None)
2025-12-30 20:40:57 - Eminder - INFO - log:98 - (13, 'ek32rep32orkew', 0, 0, '{"days": "tue", "time": "11:00", "type": "weekly", "timezone": "Europe/Stockholm"}', 1, 3, '0', datetime.datetime(2025, 12, 9, 15, 9, 18), datetime.datetime(2025, 12, 8, 19, 23, 24), None)
2025-12-30 20:40:57 - Eminder - INFO - log:98 - (14, 'er2rk34fkpfkpdkf', 0, 0, '{"time": "19:42", "type": "interval", "interval": "0", "timezone": "Europe/Stockholm"}', 1, 3, '0', datetime.datetime(2025, 12, 9, 9, 22, 30), datetime.datetime(2025, 12, 8, 19, 41, 4), None)
2025-12-30 20:40:57 - Eminder - INFO - log:98 - (15, 'fdsfdsfdsf', 0, 0, '{"time": "19:58", "type": "interval", "interval": "0", "timezone": "Europe/Stockholm"}', 1, 3, '0', datetime.datetime(2025, 12, 9, 9, 22, 30), datetime.datetime(2025, 12, 8, 19, 57, 35), None)
2025-12-30 20:40:57 - Eminder - INFO - log:98 - (16, 'dfwdfe2fewf', 0, 0, '{"days": "mon", "time": "20:30", "type": "weekly", "timezone": "Europe/Stockholm"}', 1, 3, '0', datetime.datetime(2025, 12, 8, 20, 30, 3), datetime.datetime(2025, 12, 8, 20, 7, 10), None)
2025-12-30 20:40:57 - Eminder - INFO - log:98 - (17, 'kdosfkpdfkopdskf', 0, 0, '{"days": "mon, wed, fri", "time": "20:38", "type": "weekly", "timezone": "Europe/Stockholm"}', 1, 3, '0', datetime.datetime(2025, 12, 8, 20, 38, 8), datetime.datetime(2025, 12, 8, 20, 37, 25), None)
2025-12-30 20:40:57 - Eminder - INFO - log:98 - (18, 'fdpfk3porkop34kr3e', 0, 0, '{"time": "20:41", "type": "interval", "interval": "0", "timezone": "Europe/Stockholm"}', 1, 3, '0', datetime.datetime(2025, 12, 9, 9, 22, 30), datetime.datetime(2025, 12, 8, 20, 39, 55), None)
2025-12-30 20:40:57 - Eminder - INFO - log:98 - (19, 'Fipfkpdsofkpds', 0, 0, '{"time": "10:00", "type": "daily", "timezone": "CET"}', 1, 1, '0', None, datetime.datetime(2025, 12, 9, 18, 48, 14), None)
2025-12-30 20:40:57 - Eminder - INFO - log:98 - (20, 'epofdkefkpewrw', 0, 0, '{"time": "10:00", "type": "interval", "interval": "1", "timezone": "CET"}', 1, 1, '0', None, datetime.datetime(2025, 12, 9, 18, 48, 55), None)
2025-12-30 20:40:57 - Eminder - INFO - log:98 - (21, 'mfpdofsfd', 0, 0, '{"days": "mon", "time": "11:11", "type": "weekly", "timezone": "CET"}', 1, 1, '0', None, datetime.datetime(2025, 12, 9, 18, 50, 5), None)
2025-12-30 20:40:57 - Eminder - INFO - log:98 - (22, 'rwefdsfdsf', 0, 0, '{"days": "wed", "time": "15:00", "type": "weekly", "timezone": "CET"}', 1, 1, '0', datetime.datetime(2025, 12, 10, 15, 0, 1), datetime.datetime(2025, 12, 9, 18, 51, 5), None)
2025-12-30 20:40:57 - Eminder - INFO - log:98 - (23, 'fdsfewfew', 0, 0, '{"time": "11:11", "type": "daily", "timezone": "CET"}', 1, 1, '0', None, datetime.datetime(2025, 12, 9, 18, 59, 48), None)
2025-12-30 20:40:57 - Eminder - INFO - log:98 - (24, 'dsffopewkrfew', 0, 0, '{"time": "10:00", "type": "daily", "timezone": "CET"}', 1, 1, '0', None, datetime.datetime(2025, 12, 9, 19, 25, 13), None)
2025-12-30 20:40:57 - Eminder - INFO - log:98 - (25, 'fdospfkdsokgffoepw', 0, 0, '{"time": "13:00", "type": "daily", "timezone": "CET"}', 1, 1, '0', datetime.datetime(2025, 12, 30, 19, 39, 59), datetime.datetime(2025, 12, 9, 19, 26, 54), None)
2025-12-30 20:40:57 - Eminder - INFO - log:98 - (26, 'Första skarpa mailet som skickas ut om det fungerar!!', 0, 0, '{"time": "2025-12-09 19:51", "type": "once", "timezone": "CET"}', 1, 1, '0', datetime.datetime(2025, 12, 9, 19, 51, 4), datetime.datetime(2025, 12, 9, 19, 50, 16), None)
2025-12-30 20:40:57 - Eminder - INFO - log:98 - (27, 'Vi tester att skicka till två mottagare!!', 0, 0, '{"time": "2025-12-09 19:57", "type": "once", "timezone": "CET"}', 1, 1, '0', datetime.datetime(2025, 12, 9, 19, 57, 5), datetime.datetime(2025, 12, 9, 19, 54, 54), None)
2025-12-30 20:40:57 - Eminder - INFO - log:98 - (28, 'Asakfopdskfpdskfpoekr', 0, 0, '{"days": "tue", "time": "21:18", "type": "weekly", "timezone": "CET"}', 1, 1, '0', datetime.datetime(2025, 12, 9, 21, 18, 35), datetime.datetime(2025, 12, 9, 21, 16, 44), None)
2025-12-30 20:40:57 - Eminder - INFO - log:98 - (29, 'PKpskofkpsfkod', 0, 0, '{"days": "09", "time": "21:24", "type": "monthly", "timezone": "CET"}', 1, 1, '0', datetime.datetime(2025, 12, 9, 21, 52, 29), datetime.datetime(2025, 12, 9, 21, 23, 18), None)
2025-12-30 20:40:57 - Eminder - INFO - log:98 - (30, 'rewpik43iomroi43r34r', 0, 0, '{"days": "9", "time": "21:47", "type": "monthly", "timezone": "CET"}', 1, 1, '0', datetime.datetime(2025, 12, 9, 21, 52, 29), datetime.datetime(2025, 12, 9, 21, 45, 15), None)
2025-12-30 20:40:57 - Eminder - INFO - log:98 - (31, 'Nu skickar vi ett mail va hehe', 0, 0, '{"days": "tue", "time": "21:55", "type": "weekly", "timezone": "CET"}', 1, 1, '0', datetime.datetime(2025, 12, 9, 21, 55, 11), datetime.datetime(2025, 12, 9, 21, 54, 5), None)
2025-12-30 20:40:57 - Eminder - INFO - log:98 - (32, 'EEPokwpfkoewpwekfopwkepf', 0, 0, '{"time": "2025-12-09 22:04", "type": "once", "timezone": "CET"}', 1, 1, '0', None, datetime.datetime(2025, 12, 9, 22, 2, 52), None)
2025-12-30 20:40:57 - Eminder - INFO - log:98 - (33, 'fkdsfldkfgd', 0, 0, '{"time": "2025-12-09 22:08", "type": "once", "timezone": "CET"}', 1, 1, '0', None, datetime.datetime(2025, 12, 9, 22, 6, 13), None)
2025-12-30 20:40:57 - Eminder - INFO - log:98 - (34, 'dsfidsgregfd', 0, 0, '{"time": "2025-12-09 22:09", "type": "once", "timezone": "CET"}', 1, 1, '0', datetime.datetime(2025, 12, 9, 22, 9, 11), datetime.datetime(2025, 12, 9, 22, 7, 53), None)
2025-12-30 20:40:57 - Eminder - INFO - log:98 - (35, 'Nu är klockan 07:48!! Fan!', 0, 0, '{"time": "07:48", "type": "daily", "timezone": "CET"}', 1, 1, '0', datetime.datetime(2025, 12, 30, 19, 39, 59), datetime.datetime(2025, 12, 10, 7, 47, 6), None)
2025-12-30 20:40:57 - Eminder - INFO - log:98 - (36, 'Bara skickar massa skit!!', 0, 0, '{"days": "10", "time": "08:19", "type": "monthly", "timezone": "CET"}', 1, 1, '0', datetime.datetime(2025, 12, 10, 8, 19, 9), datetime.datetime(2025, 12, 10, 8, 18, 13), None)
2025-12-30 20:40:57 - Eminder - INFO - log:98 - (37, 'dfgre4ergfd', 0, 0, '{"time": "08:22", "type": "interval", "interval": "1", "timezone": "CET"}', 1, 1, '0', None, datetime.datetime(2025, 12, 10, 8, 20, 24), None)
2025-12-30 20:40:57 - Eminder - INFO - log:98 - (38, 'fdsopfkopefkoekf', 0, 0, '{"time": "16:57", "type": "daily", "timezone": "CET"}', 1, 1, '0', None, datetime.datetime(2025, 12, 10, 16, 55, 25), None)
2025-12-30 20:40:57 - Eminder - INFO - log:98 - (39, 'fdfopdfkopdkf', 0, 0, '{"time": "2025-12-10 16:58", "type": "once", "timezone": "CET"}', 1, 1, '0', datetime.datetime(2025, 12, 10, 16, 58, 8), datetime.datetime(2025, 12, 10, 16, 56, 20), None)
2025-12-30 20:40:57 - Eminder - INFO - log:98 - (40, 'Sending random e-mail on Thursdays 05:56!', 0, 0, '{"days": "thu", "time": "05:56", "type": "weekly", "timezone": "CET"}', 1, 1, '0', None, datetime.datetime(2025, 12, 11, 5, 54, 38), None)
2025-12-30 20:40:57 - Eminder - INFO - log:98 - (41, 'Sending random mail at 05:58!!', 0, 0, '{"days": "thu", "time": "05:58", "type": "weekly", "timezone": "CET"}', 1, 1, '0', datetime.datetime(2025, 12, 11, 5, 58, 12), datetime.datetime(2025, 12, 11, 5, 56, 44), None)
2025-12-30 20:40:57 - Eminder - INFO - log:98 - (42, 'dfsdfsdf3f32f23', 0, 0, '{"time": "2025-12-11 06:39", "type": "once", "timezone": "CET"}', 1, 1, '0', datetime.datetime(2025, 12, 11, 6, 40, 23), datetime.datetime(2025, 12, 11, 6, 38, 33), None)
2025-12-30 20:40:57 - Eminder - INFO - log:98 - (43, 'Hej!', 0, 0, '{"time": "2025-12-11 06:48", "type": "once", "timezone": "CET"}', 1, 1, '0', datetime.datetime(2025, 12, 11, 6, 48, 8), datetime.datetime(2025, 12, 11, 6, 48, 2), None)
2025-12-30 20:40:57 - Eminder - INFO - log:98 - (44, 'Sending one mail every 11th of the month.', 0, 0, '{"days": "11", "time": "06:54", "type": "monthly", "timezone": "CET"}', 1, 1, '0', datetime.datetime(2025, 12, 11, 6, 54, 5), datetime.datetime(2025, 12, 11, 6, 53, 38), None)
2025-12-30 20:40:57 - Eminder - INFO - log:98 - (45, 'Hej här är meddelande om kommer 11:22 på fredagar', 0, 0, '{"days": "fri", "time": "11:22", "type": "weekly", "timezone": "CET"}', 1, 1, '0', datetime.datetime(2025, 12, 12, 11, 22, 14), datetime.datetime(2025, 12, 12, 11, 20, 24), None)
2025-12-30 20:40:57 - Eminder - INFO - log:98 - (46, 'Take your German Shepherd for their evening walk. This walk is important for their evening routine and final potty break before bedtime. Bring a leash and waste bags.', 0, 0, '{"time": "19:00", "type": "daily"}', 1, 1, '', None, datetime.datetime(2025, 12, 30, 19, 15, 5), None)
2025-12-30 20:40:57 - Eminder - INFO - log:98 - (47, 'Take your German Shepherd for their daily walk. Ensure they get sufficient exercise and have ample time for potty breaks. Remember to bring the leash, waste bags, and a water bottle for them.', 0, 0, '{"time": "08:00", "type": "daily"}', 1, 1, '', None, datetime.datetime(2025, 12, 30, 19, 17, 5), None)
2025-12-30 20:40:57 - Eminder - INFO - log:98 - (48, 'Take your German Shepherd for their evening walk. This walk is important for their evening routine and final potty break before bedtime. Bring a leash and waste bags.', 0, 0, '{"time": "19:00", "type": "daily"}', 1, 1, '', None, datetime.datetime(2025, 12, 30, 19, 17, 5), None)
2025-12-30 20:40:57 - Eminder - INFO - log:98 - (49, 'Take your German Shepherd for their daily walk. Ensure they get sufficient exercise and have ample time for potty breaks. Remember to bring the leash, waste bags, and a water bottle for them.', 0, 0, '{"time": "08:00", "type": "daily"}', 1, 1, '', None, datetime.datetime(2025, 12, 30, 19, 23, 10), None)
2025-12-30 20:40:57 - Eminder - INFO - log:98 - (50, 'Take your German Shepherd for their evening walk. This walk is important for their evening routine and final potty break before bedtime. Bring a leash and waste bags.', 0, 0, '{"time": "19:00", "type": "daily"}', 1, 1, '', None, datetime.datetime(2025, 12, 30, 19, 23, 10), None)
2025-12-30 20:40:57 - Eminder - INFO - log:98 - (51, 'Take your German Shepherd for their daily walk. Ensure they get sufficient exercise and have ample time for potty breaks. Remember to bring the leash, waste bags, and a water bottle for them.', 0, 0, '{"time": "08:00", "type": "daily"}', 1, 1, '', None, datetime.datetime(2025, 12, 30, 19, 23, 48), None)
2025-12-30 20:40:57 - Eminder - INFO - log:98 - (52, 'Take your German Shepherd for their evening walk. This walk is important for their evening routine and final potty break before bedtime. Bring a leash and waste bags.', 0, 0, '{"time": "19:00", "type": "daily"}', 1, 1, '', None, datetime.datetime(2025, 12, 30, 19, 23, 48), None)
2025-12-30 20:40:57 - Eminder - INFO - log:98 - (53, 'Time to hit the pavement for your 10 km run! This session is scheduled three times a week, providing a great way to boost your fitness and energy during your lunch break. Remember to hydrate and warm up properly.', 0, 0, '{"days": "mon,wed,fri", "time": "11:30", "type": "weekly"}', 1, 1, '', None, datetime.datetime(2025, 12, 30, 19, 29, 24), None)
2025-12-30 20:40:57 - Eminder - INFO - log:98 - (54, 'Tonight, take a break from the ordinary! Step outside, find a dark spot away from city lights, and look up at the night sky. Witness the silent dance of stars, planets, and maybe even a meteor shower. Consider bringing a warm blanket, a thermos of hot chocolate, and a pair of binoculars for an enhanced experience. Let the universe inspire you!', 0, 0, '{"time": "20251230 20:16", "type": "once", "timezone": "CET"}', 1, 1, '', None, datetime.datetime(2025, 12, 30, 20, 18, 14), None)
2025-12-30 20:40:57 - Eminder - INFO - log:98 - (56, "Prepare for an unparalleled journey beyond the fabric of time and space. At precisely 20:26, your personal quantum chronometer will activate, initiating a brief, controlled temporal displacement. This isn't just a viewing; it's an immersive, personalized experience designed to give you a fleeting glimpse of a unique historical or future moment of your choosing (or a serendipitous random selection if no preference is indicated prior). Advanced neural interface technology will ensure full sensory immersion, making the 'leap' feel utterly real. Data stream encryption and temporal signature cloaking are in full effect for your absolute privacy and safety. Enjoy the ultimate adventure in trans-dimensional exploration.", 0, 0, '{"time": "2025-12-30 20:26", "type": "once", "timezone": "CET"}', 1, 1, '', None, datetime.datetime(2025, 12, 30, 20, 24, 45), 'Initiate Quantum Chrono-Leap')
2025-12-30 20:40:57 - Eminder - INFO - log:98 - (57, 'Prepare for an extraordinary evening of stargazing! Gather your favorite warm blanket, a comfortable spot, and perhaps a hot beverage. Tonight, we will gaze upon the magnificent winter sky, identifying constellations, spotting distant galaxies, and marveling at the cosmic ballet above. Research some interesting facts about the constellations visible tonight to enhance your experience. This is a perfect opportunity for reflection and connecting with the vastness of the universe. Consider having a telescope or binoculars handy if available to explore even deeper into the cosmos. Let the wonder unfold!', 0, 0, '{"time": "2025-12-30 20:26", "type": "once", "timezone": "CET"}', 1, 1, '', datetime.datetime(2025, 12, 30, 20, 26, 10), datetime.datetime(2025, 12, 30, 20, 25, 27), 'Celestial Wonders Observation')
2025-12-30 20:40:57 - Eminder - INFO - log:98 - (58, "Tonight, before bed, discreetly 'borrow' one sock from every pair in your drawer. Mix them up. Tomorrow's mission: find two matching socks. The struggle will be real, and hilarious for any onlookers (or just you in the mirror).", 0, 0, '{"time": "20:30", "type": "daily", "timezone": "CET"}', 1, 1, '', None, datetime.datetime(2025, 12, 30, 20, 29, 36), 'Operation: Sock Theft')
2025-12-30 20:40:57 - Eminder - INFO - log:98 - (59, 'Observe a houseplant very closely. Whisper to it about the global conspiracy of sentient garden gnomes. See if it wilts in fear or starts developing new, suspicious growths. Document findings for future comedic reference.', 0, 0, '{"time": "20:30", "type": "daily", "timezone": "CET"}', 1, 1, '', None, datetime.datetime(2025, 12, 30, 20, 29, 36), 'Conspiracy Theory Pot Plant')
2025-12-30 20:40:57 - Eminder - INFO - log:98 - (60, "For a brief moment, pretend to slip on an invisible banana peel in a public place (or your kitchen, if you're shy). Commit to the bit. The confusion on people's faces (or your pet's) will be priceless. Don't actually fall!", 0, 0, '{"time": "20:30", "type": "daily", "timezone": "CET"}', 1, 1, '', None, datetime.datetime(2025, 12, 30, 20, 29, 36), 'Invisible Banana Peel Challenge')
2025-12-30 20:40:57 - Eminder - INFO - log:98 - (61, 'Pick your favorite (or least favorite) cereal box. At 20:30, perform a dramatic, Shakespearean reading of the ingredients list, nutritional facts, and any marketing slogans. Bonus points for a ridiculously deep voice and exaggerated gestures.', 0, 0, '{"time": "20:30", "type": "daily", "timezone": "CET"}', 1, 1, '', None, datetime.datetime(2025, 12, 30, 20, 29, 36), 'Dramatic Cereal Reading')
2025-12-30 20:40:57 - Eminder - INFO - log:98 - (62, 'Tonight, before turning in, draw a comical moustache on your index finger. Hold it up to your face and greet yourself in the mirror with a ridiculously deep voice, introducing yourself as an important dignitary. Practice your serious politician pose.', 0, 0, '{"time": "20:30", "type": "daily", "timezone": "CET"}', 1, 1, '', None, datetime.datetime(2025, 12, 30, 20, 29, 36), 'The Great Imposter Moustache')
2025-12-30 20:40:57 - Eminder - INFO - log:98 - (63, "For the next hour, try to make every sentence you utter rhyme. It's harder than it seems, and the resulting non-sequiturs will be absolutely absurd and sure to bring a smile, or at least a chuckle, to your face (and anyone listening, if you dare to speak aloud).", 0, 0, '{"time": "20:30", "type": "daily", "timezone": "CET"}', 1, 1, '', None, datetime.datetime(2025, 12, 30, 20, 29, 36), 'Attempt to Speak in Rhyme')
2025-12-30 20:40:57 - Eminder - INFO - log:98 - (64, "Begin your new hobby: collecting spoons. Not fancy ones, just regular, everyday spoons. Declare to anyone who asks (or doesn't) that you're a serious 'domestic utensil curator.' Act very mysterious and profound about your collection.", 0, 0, '{"time": "20:30", "type": "daily", "timezone": "CET"}', 1, 1, '', datetime.datetime(2025, 12, 30, 20, 30, 13), datetime.datetime(2025, 12, 30, 20, 29, 36), 'Become a Spoon Collector')
2025-12-30 20:41:08 - Eminder - INFO - log:98 - Listing all recipients:
2025-12-30 20:41:08 - Eminder - INFO - log:98 - (1, 'Emil Sjökvist', 'emil.sjoekvist@gmail.com', '+46736487806', 1)
2025-12-30 20:41:08 - Eminder - INFO - log:98 - (3, 'emil.sjokvist@gmail.com', 'emil.sjokvist@gmail.com', '123', 1)
2025-12-30 20:41:08 - Eminder - INFO - log:98 - (5, 'emilthemaster@hotmail.com', 'emilthemaster@hotmail.com', '123455', 1)
2025-12-30 20:41:24 - Eminder - INFO - log:98 - TaskId 58 has been connected to RecipientId 1.
2025-12-30 20:41:33 - Eminder - INFO - log:98 - E-mail with Id: 19b70c7abf76ae5d has been sent to emil.sjoekvist@gmail.com.
2025-12-30 20:41:33 - Eminder - INFO - log:98 - Operation time: 1.04s. Start time: 2025-12-30 20:41:32.028375. Finish time 2025-12-30 20:41:33.064888.
2025-12-30 20:41:33 - Eminder - INFO - log:98 - Last triggered updated to 2025-12-30 20:41:32.004370 On TaskId 58.
2025-12-30 20:41:41 - Eminder - INFO - log:98 - TaskId 59 has been connected to RecipientId 1.
2025-12-30 20:41:49 - Eminder - INFO - log:98 - E-mail with Id: 19b70c7eae4ebc3b has been sent to emil.sjoekvist@gmail.com.
2025-12-30 20:41:49 - Eminder - INFO - log:98 - Operation time: 1.02s. Start time: 2025-12-30 20:41:48.138861. Finish time 2025-12-30 20:41:49.155428.
2025-12-30 20:41:49 - Eminder - INFO - log:98 - Last triggered updated to 2025-12-30 20:41:48.113939 On TaskId 59.
2025-12-30 20:41:55 - Eminder - INFO - log:98 - TaskId 60 has been connected to RecipientId 1.
2025-12-30 20:42:05 - Eminder - INFO - log:98 - E-mail with Id: 19b70c82933de34e has been sent to emil.sjoekvist@gmail.com.
2025-12-30 20:42:05 - Eminder - INFO - log:98 - Operation time: 1.04s. Start time: 2025-12-30 20:42:04.219257. Finish time 2025-12-30 20:42:05.255374.
2025-12-30 20:42:05 - Eminder - INFO - log:98 - Last triggered updated to 2025-12-30 20:42:04.193974 On TaskId 60.
2025-12-30 21:18:08 - Eminder - INFO - log:98 - E-mail with Id: 19b70e92ce40e510 has been sent to emil.sjoekvist@gmail.com.
2025-12-30 21:18:08 - Eminder - INFO - log:98 - Operation time: 1.73s. Start time: 2025-12-30 21:18:07.188772. Finish time 2025-12-30 21:18:08.919697.
2025-12-30 21:18:08 - Eminder - INFO - log:98 - Last triggered updated to 2025-12-30 21:18:07.181287 On TaskId 28.
2025-12-30 21:55:03 - Eminder - INFO - log:98 - E-mail with Id: 19b710af728a1a35 has been sent to emil.sjoekvist@gmail.com.
2025-12-30 21:55:03 - Eminder - INFO - log:98 - Operation time: 1.20s. Start time: 2025-12-30 21:55:02.300279. Finish time 2025-12-30 21:55:03.501107.
2025-12-30 21:55:03 - Eminder - INFO - log:98 - Last triggered updated to 2025-12-30 21:55:02.286639 On TaskId 31.
