2025-12-31 10:03:54 - Eminder - INFO - log:98 - E-mail with Id: 19b73a641450c046 has been sent to emil.sjokvist@gmail.com.
2025-12-31 10:03:54 - Eminder - INFO - log:98 - Operation time: 1.83s. Start time: 2025-12-31 10:03:52.588538. Finish time 2025-12-31 10:03:54.419665.
2025-12-31 10:03:54 - Eminder - INFO - log:98 - Last triggered updated to 2025-12-31 10:03:52.570605 On TaskId 35.
2025-12-31 10:07:43 - Eminder - INFO - log:98 - Schedulerservice stopped with keyboard interrupt: 
2025-12-31 10:11:14 - Eminder - INFO - log:98 - TaskId 65 has been saved! Message: Dina Svärmorstunga, Jukkapalm och Aloe Vera är alla torktåliga växter som mår bäst av att torka ut ordentligt mellan vattningarna. Vattna dem grundligt när jorden är helt torr, oftast varannan till var tredje vecka beroende på säsong och inomhusklimat. Ett bra sätt att kontrollera är att sticka ner ett finger 5-10 cm i jorden – om det känns torrt är det dags. Att övervattna är det vanligaste misstaget, vilket kan leda till rotröta.. Schedule: {'time': '09:00', 'type': 'interval', 'interval': '14', 'timezone': 'CET'}.
2025-12-31 10:11:27 - Eminder - INFO - log:98 - TaskId 65 has been connected to RecipientId 1.
2025-12-31 10:17:27 - Eminder - INFO - log:98 - TaskId 66 has been saved! Message: Här är en inköpslista för vegansk, proteinrik och hälsosam kost från Lidl, med en budget på cirka 500 kr för en vecka. Denna lista fokuserar på prisvärda basvaror som ger dig en god grund för att laga näringsrika måltider.

**Proteinbaser:**
1.  **Linser (torkade, röda eller gröna, 500g):** Mycket prisvärt, protein- och fiberrikt. Perfekt för grytor, soppor, att göra egen färs eller biffar. Räcker till flera måltider.
2.  **Kikärtor (konserverade, 3-4 burkar):** Mångsidigt och proteinrikt. Använd i grytor, sallader, rostade som snacks eller för att göra hummus.
3.  **Svarta bönor (konserverade, 2-3 burkar):** Utmärkt källa till protein och fibrer. Passar i tacos, chili, sallader och som bas i vegobiffar.
4.  **Naturell Tofu (om Lidl har Vemondo-märket):** En utmärkt och neutral proteinbas som kan stekas, marineras eller smulas ner i rätter.
5.  **Havregryn (stor förpackning, ca 1kg):** En billig, protein- och fiberrik bas för frukostgröt. Kan även användas i vegobiffar eller för att baka.
6.  **Jordnötter (naturella, stor påse):** Ger hälsosamma fetter, protein och energi. Perfekt som mellanmål eller att toppa rätter med.

**Grönsaker och Frukt:**
7.  **Potatis (2 kg):** En prisvärd och mättande kolhydratskälla. Bra till det mesta.
8.  **Morötter (1 kg):** Fulla med vitaminer och fibrer, billiga och håller länge. Perfekt i grytor, soppor eller rårivna.
9.  **Gul lök (1 kg-nät):** En basvara för de flesta maträtter, ger djup smak.
10. **Vitlök (1-2 hela):** Oumbärlig smaksättare i det veganska köket.
11. **Spenat (färsk eller fryst):** Rik på järn och vitaminer. Använd i grytor, smoothies eller som tillbehör.
12. **Konserverade krossade tomater/passata (2-3 burkar):** Bas för såser, grytor och chilis. Lång hållbarhet och prisvärt.
13. **Äpplen (1 kg):** Hälsosamt och fiberrikt mellanmål eller till frukost.
14. **Bananer (1 kg):** Bra energikälla, mellanmål eller i smoothies.

**Kolhydrater och Fetter:**
15. **Fullkornspasta (500g):** Fiberrik och mättande kolhydratskälla.
16. **Råris/Fullkornsris (1 kg):** Ett näringsrikare alternativ till vitt ris, bra till grytor och som bas.
17. **Rapsolja (stor flaska):** En hälsosam och prisvärd matlagningsolja. (Om du inte redan har hemma).

**Kryddor och Övrigt:**
18. **Grönsaksbuljong (tärningar):** Smakförstärkare som lyfter många rätter. Ger extra umami.

Denna lista ger dig en bra grund för att laga varierande och näringsrika veganska måltider under veckan, med fokus på protein, fibrer och hälsosamma fetter, samtidigt som du håller dig inom din budget på Lidl.. Schedule: {'time': '10:00', 'type': 'weekly', 'days': 'sat', 'timezone': 'CET'}.
2025-12-31 10:17:49 - Eminder - INFO - log:98 - TaskId 66 has been connected to RecipientId 1.
2025-12-31 10:23:52 - Eminder - INFO - log:98 - TaskId 67 has been saved! Message: Planera din veckohandling till lördag förmiddag för att säkerställa tillgång till färska varor och ge dig gott om tid för eventuell måltidsförberedelse inför den kommande veckan. Fokusera på basvaror som ger mycket protein och fibrer, samt en bred variation av vitaminer och mineraler. Denna inköpslista är anpassad för att hitta prisvärda och näringsrika alternativ på både Lidl och Willys.

**Högproteinkällor:**
*   Stora förpackningar av torkade linser (röda, gröna, svarta) och kikärtor.
*   Burkar med svarta bönor, kidneybönor och vita bönor (för snabbare måltider).
*   Naturell tofu (fast eller extra fast) och/eller tempeh (om tillgängligt).
*   Vegofärs eller vegokorv/vegobullar (t.ex. Lidls Vemondo-märke, Willys Garants sortiment eller Anamma).
*   Osötad sojamjölk och naturell sojayoghurt.
*   Jordnötssmör eller annat nötsmör utan tillsatt socker.

**Fullkorn och Hälsosamma Kolhydrater:**
*   Quinoa, brunt ris, fullkornspasta, havregryn (gärna grova).
*   Sötpotatis, potatis, rotfrukter (morötter, palsternackor).

**Grönsaker och Frukt (variera efter säsong och pris):**
*   Broccoli, spenat, grönkål, mangold, champinjoner, paprikor i olika färger, lök, vitlök, tomater, gurka.
*   Frysta bär (hallon, blåbär) för smoothies och färska bär/frukt som äpplen, bananer, apelsiner.

**Nötter, Frön och Hälsosamma Fetter:**
*   Chiafrön, linfrön, pumpafrön, solrosfrön.
*   Mandlar, valnötter, cashewnötter.
*   Avokado (när prisvärt), extra virgin olivolja, rapsolja.

**Basvaror och Smaksättare:**
*   Buljongtärningar/pulver, tomatkross, krossade tomater, passerade tomater.
*   Ättika, senap, sojasås/tamari, diverse kryddor.

Innan du handlar, kolla alltid veckans reklamblad från både Lidl och Willys för att jämföra priser på dina basvaror och planera veckans måltider utifrån de bästa erbjudandena.. Schedule: {'time': '10:00', 'type': 'weekly', 'days': 'sat', 'timezone': 'CET'}.
2025-12-31 10:24:01 - Eminder - INFO - log:98 - TaskId 68 has been saved! Message: Denna plan fokuserar på att handla på söndag eftermiddag. Detta ger dig möjlighet att i lugn och ro planera veckans måltider utifrån familjens schema och dina träningspass, samt att förbereda matlådor för veckan direkt efter inköpen. Målet är att variera dina proteinkällor och grönsaker för optimal näring, minskad mattrötthet och att utnyttja hela näringsspektrat.

**Högproteinkällor för Variation:**
*   Utöver de vanliga baljväxterna (linser, bönor, kikärtor), titta efter färdigmarinerad tofu, tempeh eller seitan (om tillgängligt).
*   Utforska olika sorters veganska proteinprodukter som färdiga biffar, schnitzlar eller 'kycklingfiléer' (läs innehållsförteckning för proteinhalt).
*   Ärt- eller risprotein för smoothies eller för att berika gröt/yoghurt.
*   Näringsjäst för en umami-boost och extra B-vitaminer.

**Fullkorn & Energi:**
*   Bulgur, couscous (snabb tillagning), pasta av gröna linser/kikärtor, fullkornspasta, fullkornsbröd eller knäckebröd.
*   Potatis, sötpotatis, matvete.

**Grönsaker och Frukt (färg, form och funktion):**
*   En bred palett av grönsaker, inklusive säsongens utbud. Tänk färg och sort: aubergine, zucchini, blomkål, grönkål, rödlök, purjolök, paprika (olika färger), tomater, gurka, färska örter.
*   Frysta grönsaksblandningar (t.ex. wokgrönsaker, ärtor/majs/paprika) är praktiska och prisvärda.
*   Olika sorters frukt för frukost och mellanmål: äpplen, päron, bananer, citrusfrukter. Frysta bär för smoothies och gröt.

**Nötter, Frön och Hälsosamma Fetter:**
*   Variation här också: cashewnötter, hasselnötter, pinjenötter, solrosfrön, pumpafrön, chiafrön.
*   Nötsmör (mandel-, cashew- eller jordnötssmör) utan tillsatt socker/olja.
*   Avokado, olivolja, tahini (sesampasta).

**Dryck/Mejeriprodukter:**
*   Osötad sojamjölk (hög protein), havremjölk (för variation), mandelmjölk.
*   Naturell sojayoghurt eller kokosyoghurt (för variation).

**Planeringstips:**
Planera utifrån 3-4 huvudmåltider du tänker äta under veckan (t.ex. linsgryta, tacobowl med vegofärs, wok med tofu, bönchili, wraps med hummus och grönsaker). Handla därefter för att undvika svinn. Kom ihåg att alltid kolla butikernas (Lidl/Willys) veckans erbjudanden för att optimera inköpen och maximera näringsintaget till ett bra pris.. Schedule: {'time': '14:00', 'type': 'weekly', 'days': 'sun', 'timezone': 'CET'}.
2025-12-31 10:24:06 - Eminder - INFO - log:98 - TaskId 68 has been connected to RecipientId 1.
2025-12-31 10:28:27 - Eminder - INFO - log:98 - TaskId 69 has been saved! Message: Här kommer ett roligt skämt för att pigga upp dig mitt på onsdagen klockan 10:30! Perfekt för att få ett leende på läpparna innan lunch. 

Varför gick tomaten och la sig? 

För den var så röd!. Schedule: {'time': '10:30', 'type': 'weekly', 'days': 'wed', 'timezone': 'CET'}.
2025-12-31 10:28:31 - Eminder - INFO - log:98 - TaskId 69 has been connected to RecipientId 1.
2025-12-31 10:30:08 - Eminder - INFO - log:98 - E-mail with Id: 19b73be47e83f4c9 has been sent to emil.sjoekvist@gmail.com.
2025-12-31 10:30:08 - Eminder - INFO - log:98 - Operation time: 1.69s. Start time: 2025-12-31 10:30:06.962133. Finish time 2025-12-31 10:30:08.650806.
2025-12-31 10:30:08 - Eminder - INFO - log:98 - Last triggered updated to 2025-12-31 10:30:06.921999 On TaskId 69.
2025-12-31 11:30:12 - Eminder - INFO - log:98 - E-mail with Id: 19b73f5435a35ed2 has been sent to emil.sjoekvist@gmail.com.
2025-12-31 11:30:12 - Eminder - INFO - log:98 - Operation time: 1.91s. Start time: 2025-12-31 11:30:10.370788. Finish time 2025-12-31 11:30:12.282837.
2025-12-31 11:30:12 - Eminder - INFO - log:98 - Last triggered updated to 2025-12-31 11:30:10.340732 On TaskId 53.
2025-12-31 12:49:44 - Eminder - INFO - log:98 - Schedulerservice was stopped with keyboard interrupt.
2025-12-31 13:00:14 - Eminder - INFO - log:98 - E-mail with Id: 19b7447b1c61196f has been sent to emil.sjokvist@gmail.com.
2025-12-31 13:00:14 - Eminder - INFO - log:98 - Operation time: 1.92s. Start time: 2025-12-31 13:00:12.555362. Finish time 2025-12-31 13:00:14.474610.
2025-12-31 13:00:14 - Eminder - INFO - log:98 - Last triggered updated to 2025-12-31 13:00:12.551812 On TaskId 25.
2025-12-31 19:44:44 - Eminder - INFO - log:98 - E-mail with Id: 19b75ba07cc62af4 has been sent to emilthemaster@hotmail.com.
2025-12-31 19:44:44 - Eminder - INFO - log:98 - Operation time: 2.14s. Start time: 2025-12-31 19:44:42.536207. Finish time 2025-12-31 19:44:44.675071.
2025-12-31 19:44:44 - Eminder - INFO - log:98 - Last triggered updated to 2025-12-31 19:44:42.527333 On TaskId 22.
2025-12-31 20:44:48 - Eminder - INFO - log:98 - E-mail with Id: 19b75f1024b67ea9 has been sent to emil.sjoekvist@gmail.com.
2025-12-31 20:44:48 - Eminder - INFO - log:98 - Operation time: 2.15s. Start time: 2025-12-31 20:44:46.364607. Finish time 2025-12-31 20:44:48.510361.
2025-12-31 20:44:48 - Eminder - INFO - log:98 - Last triggered updated to 2025-12-31 20:44:46.325260 On TaskId 58.
2025-12-31 20:44:49 - Eminder - INFO - log:98 - E-mail with Id: 19b75f10802be372 has been sent to emil.sjoekvist@gmail.com.
2025-12-31 20:44:49 - Eminder - INFO - log:98 - Operation time: 1.11s. Start time: 2025-12-31 20:44:48.540676. Finish time 2025-12-31 20:44:49.649079.
2025-12-31 20:44:49 - Eminder - INFO - log:98 - Last triggered updated to 2025-12-31 20:44:46.325260 On TaskId 59.
2025-12-31 20:44:50 - Eminder - INFO - log:98 - E-mail with Id: 19b75f10dfb84155 has been sent to emil.sjoekvist@gmail.com.
2025-12-31 20:44:50 - Eminder - INFO - log:98 - Operation time: 1.16s. Start time: 2025-12-31 20:44:49.685420. Finish time 2025-12-31 20:44:50.847228.
2025-12-31 20:44:50 - Eminder - INFO - log:98 - Last triggered updated to 2025-12-31 20:44:46.325260 On TaskId 60.
2025-12-31 20:44:52 - Eminder - INFO - log:98 - E-mail with Id: 19b75f1115361fce has been sent to emil.sjoekvist@gmail.com.
2025-12-31 20:44:52 - Eminder - INFO - log:98 - Operation time: 1.13s. Start time: 2025-12-31 20:44:50.877784. Finish time 2025-12-31 20:44:52.007438.
2025-12-31 20:44:52 - Eminder - INFO - log:98 - Last triggered updated to 2025-12-31 20:44:46.325260 On TaskId 64.
2025-12-31 20:44:54 - Eminder - INFO - log:98 - Schedulerservice was stopped with keyboard interrupt.
2025-12-31 21:02:10 - Eminder - INFO - log:98 - TaskId 70 has been saved! Message: At 21:03 on December 31, 2025, take a moment to prepare for an epic New Year's Eve! Put on your favorite chill-out tunes, grab a delicious non-alcoholic or alcoholic beverage, and set a positive intention for the final hours of the year. This is your personal cool-down before the big countdown, a perfect time to jot down a few wishes for 2026!. Schedule: {'time': '2025-12-31 21:03', 'type': 'once', 'days': '', 'interval': '', 'timezone': 'CET'}.
2025-12-31 21:02:12 - Eminder - INFO - log:98 - Listing all recipients:
2025-12-31 21:02:12 - Eminder - INFO - log:98 - (1, 'Emil Sjökvist', 'emil.sjoekvist@gmail.com', '+46736487806', 1, None)
2025-12-31 21:02:12 - Eminder - INFO - log:98 - (3, 'emil.sjokvist@gmail.com', 'emil.sjokvist@gmail.com', '123', 1, None)
2025-12-31 21:02:12 - Eminder - INFO - log:98 - (5, 'emilthemaster@hotmail.com', 'emilthemaster@hotmail.com', '123455', 1, None)
2025-12-31 21:02:19 - Eminder - INFO - log:98 - TaskId 70 has been connected to RecipientId 1.
2025-12-31 21:03:14 - Eminder - INFO - log:98 - E-mail with Id: 19b7601e38c5084a has been sent to emil.sjoekvist@gmail.com.
2025-12-31 21:03:14 - Eminder - INFO - log:98 - Operation time: 2.49s. Start time: 2025-12-31 21:03:11.721138. Finish time 2025-12-31 21:03:14.215272.
2025-12-31 21:03:14 - Eminder - INFO - log:98 - Last triggered updated to 2025-12-31 21:03:11.627253 On TaskId 70.
2025-12-31 21:06:23 - Eminder - INFO - log:98 - Listing records in Task table:
2025-12-31 21:06:23 - Eminder - INFO - log:98 - (6, 'Triggas kl 15:02', 0, 0, '{"time": "2025-12-08 15:02", "type": "once", "timezone": "Europe/Stockholm"}', 1, 3, '0', datetime.datetime(2025, 12, 8, 15, 2), datetime.datetime(2025, 12, 8, 15, 1, 30), None)
2025-12-31 21:06:23 - Eminder - INFO - log:98 - (7, 'Weeeeeeeee', 0, 0, '{"time": "2025-12-08 15:24", "type": "once", "timezone": "Europe/Stockholm"}', 1, 3, '0', datetime.datetime(2025, 12, 8, 15, 24, 1), datetime.datetime(2025, 12, 8, 15, 23, 29), None)
2025-12-31 21:06:23 - Eminder - INFO - log:98 - (8, 'Halloooooooooooooo', 1, 1, '{"time": "16:15", "type": "daily", "timezone": "Europe/Stockholm"}', 1, 3, 'Ludvika', datetime.datetime(2025, 12, 8, 16, 19, 21), datetime.datetime(2025, 12, 8, 16, 14, 21), None)
2025-12-31 21:06:23 - Eminder - INFO - log:98 - (9, 'rfkdlösflkdsf', 0, 0, '{"time": "16:20", "type": "daily", "timezone": "Europe/Stockholm"}', 1, 3, '0', datetime.datetime(2025, 12, 8, 16, 20, 4), datetime.datetime(2025, 12, 8, 16, 20, 1), None)
2025-12-31 21:06:23 - Eminder - INFO - log:98 - (10, 'WOoooooooooooooo', 0, 0, '{"time": "17:56", "type": "daily", "timezone": "Europe/Stockholm"}', 1, 3, '0', datetime.datetime(2025, 12, 8, 19, 12, 59), datetime.datetime(2025, 12, 8, 17, 55, 12), None)
2025-12-31 21:06:23 - Eminder - INFO - log:98 - (11, 'AYrjisaorjsakrj', 0, 0, '{"days": "mon, wed, fri", "time": "12:00", "type": "weekly", "timezone": "Europe/Stockholm"}', 1, 3, '0', datetime.datetime(2025, 12, 8, 19, 23, 1), datetime.datetime(2025, 12, 8, 18, 22, 40), None)
2025-12-31 21:06:23 - Eminder - INFO - log:98 - (12, 'Jidsfjoeiwjroiriefwk', 0, 0, '{"time": "19:30", "type": "interval", "interval": "2", "timezone": "Europe/Stockholm"}', 1, 3, '0', datetime.datetime(2025, 12, 8, 19, 20, 14), datetime.datetime(2025, 12, 8, 19, 19, 23), None)
2025-12-31 21:06:23 - Eminder - INFO - log:98 - (13, 'ek32rep32orkew', 0, 0, '{"days": "tue", "time": "11:00", "type": "weekly", "timezone": "Europe/Stockholm"}', 1, 3, '0', datetime.datetime(2025, 12, 9, 15, 9, 18), datetime.datetime(2025, 12, 8, 19, 23, 24), None)
2025-12-31 21:06:23 - Eminder - INFO - log:98 - (14, 'er2rk34fkpfkpdkf', 0, 0, '{"time": "19:42", "type": "interval", "interval": "0", "timezone": "Europe/Stockholm"}', 1, 3, '0', datetime.datetime(2025, 12, 9, 9, 22, 30), datetime.datetime(2025, 12, 8, 19, 41, 4), None)
2025-12-31 21:06:23 - Eminder - INFO - log:98 - (15, 'fdsfdsfdsf', 0, 0, '{"time": "19:58", "type": "interval", "interval": "0", "timezone": "Europe/Stockholm"}', 1, 3, '0', datetime.datetime(2025, 12, 9, 9, 22, 30), datetime.datetime(2025, 12, 8, 19, 57, 35), None)
2025-12-31 21:06:23 - Eminder - INFO - log:98 - (16, 'dfwdfe2fewf', 0, 0, '{"days": "mon", "time": "20:30", "type": "weekly", "timezone": "Europe/Stockholm"}', 1, 3, '0', datetime.datetime(2025, 12, 8, 20, 30, 3), datetime.datetime(2025, 12, 8, 20, 7, 10), None)
2025-12-31 21:06:23 - Eminder - INFO - log:98 - (17, 'kdosfkpdfkopdskf', 0, 0, '{"days": "mon, wed, fri", "time": "20:38", "type": "weekly", "timezone": "Europe/Stockholm"}', 1, 3, '0', datetime.datetime(2025, 12, 8, 20, 38, 8), datetime.datetime(2025, 12, 8, 20, 37, 25), None)
2025-12-31 21:06:23 - Eminder - INFO - log:98 - (18, 'fdpfk3porkop34kr3e', 0, 0, '{"time": "20:41", "type": "interval", "interval": "0", "timezone": "Europe/Stockholm"}', 1, 3, '0', datetime.datetime(2025, 12, 9, 9, 22, 30), datetime.datetime(2025, 12, 8, 20, 39, 55), None)
2025-12-31 21:06:23 - Eminder - INFO - log:98 - (19, 'Fipfkpdsofkpds', 0, 0, '{"time": "10:00", "type": "daily", "timezone": "CET"}', 1, 1, '0', None, datetime.datetime(2025, 12, 9, 18, 48, 14), None)
2025-12-31 21:06:23 - Eminder - INFO - log:98 - (20, 'epofdkefkpewrw', 0, 0, '{"time": "10:00", "type": "interval", "interval": "1", "timezone": "CET"}', 1, 1, '0', None, datetime.datetime(2025, 12, 9, 18, 48, 55), None)
2025-12-31 21:06:23 - Eminder - INFO - log:98 - (21, 'mfpdofsfd', 0, 0, '{"days": "mon", "time": "11:11", "type": "weekly", "timezone": "CET"}', 1, 1, '0', None, datetime.datetime(2025, 12, 9, 18, 50, 5), None)
2025-12-31 21:06:23 - Eminder - INFO - log:98 - (22, 'rwefdsfdsf', 0, 0, '{"days": "wed", "time": "15:00", "type": "weekly", "timezone": "CET"}', 1, 1, '0', datetime.datetime(2025, 12, 31, 19, 44, 43), datetime.datetime(2025, 12, 9, 18, 51, 5), None)
2025-12-31 21:06:23 - Eminder - INFO - log:98 - (23, 'fdsfewfew', 0, 0, '{"time": "11:11", "type": "daily", "timezone": "CET"}', 1, 1, '0', None, datetime.datetime(2025, 12, 9, 18, 59, 48), None)
2025-12-31 21:06:23 - Eminder - INFO - log:98 - (24, 'dsffopewkrfew', 0, 0, '{"time": "10:00", "type": "daily", "timezone": "CET"}', 1, 1, '0', None, datetime.datetime(2025, 12, 9, 19, 25, 13), None)
2025-12-31 21:06:23 - Eminder - INFO - log:98 - (25, 'fdospfkdsokgffoepw', 0, 0, '{"time": "13:00", "type": "daily", "timezone": "CET"}', 1, 1, '0', datetime.datetime(2025, 12, 31, 13, 0, 13), datetime.datetime(2025, 12, 9, 19, 26, 54), None)
2025-12-31 21:06:23 - Eminder - INFO - log:98 - (26, 'Första skarpa mailet som skickas ut om det fungerar!!', 0, 0, '{"time": "2025-12-09 19:51", "type": "once", "timezone": "CET"}', 1, 1, '0', datetime.datetime(2025, 12, 9, 19, 51, 4), datetime.datetime(2025, 12, 9, 19, 50, 16), None)
2025-12-31 21:06:23 - Eminder - INFO - log:98 - (27, 'Vi tester att skicka till två mottagare!!', 0, 0, '{"time": "2025-12-09 19:57", "type": "once", "timezone": "CET"}', 1, 1, '0', datetime.datetime(2025, 12, 9, 19, 57, 5), datetime.datetime(2025, 12, 9, 19, 54, 54), None)
2025-12-31 21:06:23 - Eminder - INFO - log:98 - (28, 'Asakfopdskfpdskfpoekr', 0, 0, '{"days": "tue", "time": "21:18", "type": "weekly", "timezone": "CET"}', 1, 1, '0', datetime.datetime(2025, 12, 30, 21, 18, 7), datetime.datetime(2025, 12, 9, 21, 16, 44), None)
2025-12-31 21:06:23 - Eminder - INFO - log:98 - (29, 'PKpskofkpsfkod', 0, 0, '{"days": "09", "time": "21:24", "type": "monthly", "timezone": "CET"}', 1, 1, '0', datetime.datetime(2025, 12, 9, 21, 52, 29), datetime.datetime(2025, 12, 9, 21, 23, 18), None)
2025-12-31 21:06:23 - Eminder - INFO - log:98 - (30, 'rewpik43iomroi43r34r', 0, 0, '{"days": "9", "time": "21:47", "type": "monthly", "timezone": "CET"}', 1, 1, '0', datetime.datetime(2025, 12, 9, 21, 52, 29), datetime.datetime(2025, 12, 9, 21, 45, 15), None)
2025-12-31 21:06:23 - Eminder - INFO - log:98 - (31, 'Nu skickar vi ett mail va hehe', 0, 0, '{"days": "tue", "time": "21:55", "type": "weekly", "timezone": "CET"}', 1, 1, '0', datetime.datetime(2025, 12, 30, 21, 55, 2), datetime.datetime(2025, 12, 9, 21, 54, 5), None)
2025-12-31 21:06:23 - Eminder - INFO - log:98 - (32, 'EEPokwpfkoewpwekfopwkepf', 0, 0, '{"time": "2025-12-09 22:04", "type": "once", "timezone": "CET"}', 1, 1, '0', None, datetime.datetime(2025, 12, 9, 22, 2, 52), None)
2025-12-31 21:06:23 - Eminder - INFO - log:98 - (33, 'fkdsfldkfgd', 0, 0, '{"time": "2025-12-09 22:08", "type": "once", "timezone": "CET"}', 1, 1, '0', None, datetime.datetime(2025, 12, 9, 22, 6, 13), None)
2025-12-31 21:06:23 - Eminder - INFO - log:98 - (34, 'dsfidsgregfd', 0, 0, '{"time": "2025-12-09 22:09", "type": "once", "timezone": "CET"}', 1, 1, '0', datetime.datetime(2025, 12, 9, 22, 9, 11), datetime.datetime(2025, 12, 9, 22, 7, 53), None)
2025-12-31 21:06:23 - Eminder - INFO - log:98 - (35, 'Nu är klockan 07:48!! Fan!', 0, 0, '{"time": "07:48", "type": "daily", "timezone": "CET"}', 1, 1, '0', datetime.datetime(2025, 12, 31, 10, 3, 53), datetime.datetime(2025, 12, 10, 7, 47, 6), None)
2025-12-31 21:06:23 - Eminder - INFO - log:98 - (36, 'Bara skickar massa skit!!', 0, 0, '{"days": "10", "time": "08:19", "type": "monthly", "timezone": "CET"}', 1, 1, '0', datetime.datetime(2025, 12, 10, 8, 19, 9), datetime.datetime(2025, 12, 10, 8, 18, 13), None)
2025-12-31 21:06:23 - Eminder - INFO - log:98 - (37, 'dfgre4ergfd', 0, 0, '{"time": "08:22", "type": "interval", "interval": "1", "timezone": "CET"}', 1, 1, '0', None, datetime.datetime(2025, 12, 10, 8, 20, 24), None)
2025-12-31 21:06:23 - Eminder - INFO - log:98 - (38, 'fdsopfkopefkoekf', 0, 0, '{"time": "16:57", "type": "daily", "timezone": "CET"}', 1, 1, '0', None, datetime.datetime(2025, 12, 10, 16, 55, 25), None)
2025-12-31 21:06:23 - Eminder - INFO - log:98 - (39, 'fdfopdfkopdkf', 0, 0, '{"time": "2025-12-10 16:58", "type": "once", "timezone": "CET"}', 1, 1, '0', datetime.datetime(2025, 12, 10, 16, 58, 8), datetime.datetime(2025, 12, 10, 16, 56, 20), None)
2025-12-31 21:06:23 - Eminder - INFO - log:98 - (40, 'Sending random e-mail on Thursdays 05:56!', 0, 0, '{"days": "thu", "time": "05:56", "type": "weekly", "timezone": "CET"}', 1, 1, '0', None, datetime.datetime(2025, 12, 11, 5, 54, 38), None)
2025-12-31 21:06:23 - Eminder - INFO - log:98 - (41, 'Sending random mail at 05:58!!', 0, 0, '{"days": "thu", "time": "05:58", "type": "weekly", "timezone": "CET"}', 1, 1, '0', datetime.datetime(2025, 12, 11, 5, 58, 12), datetime.datetime(2025, 12, 11, 5, 56, 44), None)
2025-12-31 21:06:23 - Eminder - INFO - log:98 - (42, 'dfsdfsdf3f32f23', 0, 0, '{"time": "2025-12-11 06:39", "type": "once", "timezone": "CET"}', 1, 1, '0', datetime.datetime(2025, 12, 11, 6, 40, 23), datetime.datetime(2025, 12, 11, 6, 38, 33), None)
2025-12-31 21:06:23 - Eminder - INFO - log:98 - (43, 'Hej!', 0, 0, '{"time": "2025-12-11 06:48", "type": "once", "timezone": "CET"}', 1, 1, '0', datetime.datetime(2025, 12, 11, 6, 48, 8), datetime.datetime(2025, 12, 11, 6, 48, 2), None)
2025-12-31 21:06:23 - Eminder - INFO - log:98 - (44, 'Sending one mail every 11th of the month.', 0, 0, '{"days": "11", "time": "06:54", "type": "monthly", "timezone": "CET"}', 1, 1, '0', datetime.datetime(2025, 12, 11, 6, 54, 5), datetime.datetime(2025, 12, 11, 6, 53, 38), None)
2025-12-31 21:06:23 - Eminder - INFO - log:98 - (45, 'Hej här är meddelande om kommer 11:22 på fredagar', 0, 0, '{"days": "fri", "time": "11:22", "type": "weekly", "timezone": "CET"}', 1, 1, '0', datetime.datetime(2025, 12, 12, 11, 22, 14), datetime.datetime(2025, 12, 12, 11, 20, 24), None)
2025-12-31 21:06:23 - Eminder - INFO - log:98 - (46, 'Take your German Shepherd for their evening walk. This walk is important for their evening routine and final potty break before bedtime. Bring a leash and waste bags.', 0, 0, '{"time": "19:00", "type": "daily"}', 1, 1, '', None, datetime.datetime(2025, 12, 30, 19, 15, 5), None)
2025-12-31 21:06:23 - Eminder - INFO - log:98 - (47, 'Take your German Shepherd for their daily walk. Ensure they get sufficient exercise and have ample time for potty breaks. Remember to bring the leash, waste bags, and a water bottle for them.', 0, 0, '{"time": "08:00", "type": "daily"}', 1, 1, '', None, datetime.datetime(2025, 12, 30, 19, 17, 5), None)
2025-12-31 21:06:23 - Eminder - INFO - log:98 - (48, 'Take your German Shepherd for their evening walk. This walk is important for their evening routine and final potty break before bedtime. Bring a leash and waste bags.', 0, 0, '{"time": "19:00", "type": "daily"}', 1, 1, '', None, datetime.datetime(2025, 12, 30, 19, 17, 5), None)
2025-12-31 21:06:23 - Eminder - INFO - log:98 - (49, 'Take your German Shepherd for their daily walk. Ensure they get sufficient exercise and have ample time for potty breaks. Remember to bring the leash, waste bags, and a water bottle for them.', 0, 0, '{"time": "08:00", "type": "daily"}', 1, 1, '', None, datetime.datetime(2025, 12, 30, 19, 23, 10), None)
2025-12-31 21:06:23 - Eminder - INFO - log:98 - (50, 'Take your German Shepherd for their evening walk. This walk is important for their evening routine and final potty break before bedtime. Bring a leash and waste bags.', 0, 0, '{"time": "19:00", "type": "daily"}', 1, 1, '', None, datetime.datetime(2025, 12, 30, 19, 23, 10), None)
2025-12-31 21:06:23 - Eminder - INFO - log:98 - (51, 'Take your German Shepherd for their daily walk. Ensure they get sufficient exercise and have ample time for potty breaks. Remember to bring the leash, waste bags, and a water bottle for them.', 0, 0, '{"time": "08:00", "type": "daily"}', 1, 1, '', None, datetime.datetime(2025, 12, 30, 19, 23, 48), None)
2025-12-31 21:06:23 - Eminder - INFO - log:98 - (52, 'Take your German Shepherd for their evening walk. This walk is important for their evening routine and final potty break before bedtime. Bring a leash and waste bags.', 0, 0, '{"time": "19:00", "type": "daily"}', 1, 1, '', None, datetime.datetime(2025, 12, 30, 19, 23, 48), None)
2025-12-31 21:06:23 - Eminder - INFO - log:98 - (53, 'Time to hit the pavement for your 10 km run! This session is scheduled three times a week, providing a great way to boost your fitness and energy during your lunch break. Remember to hydrate and warm up properly.', 0, 0, '{"days": "mon,wed,fri", "time": "11:30", "type": "weekly"}', 1, 1, '', datetime.datetime(2025, 12, 31, 11, 30, 10), datetime.datetime(2025, 12, 30, 19, 29, 24), None)
2025-12-31 21:06:23 - Eminder - INFO - log:98 - (54, 'Tonight, take a break from the ordinary! Step outside, find a dark spot away from city lights, and look up at the night sky. Witness the silent dance of stars, planets, and maybe even a meteor shower. Consider bringing a warm blanket, a thermos of hot chocolate, and a pair of binoculars for an enhanced experience. Let the universe inspire you!', 0, 0, '{"time": "20251230 20:16", "type": "once", "timezone": "CET"}', 1, 1, '', None, datetime.datetime(2025, 12, 30, 20, 18, 14), None)
2025-12-31 21:06:23 - Eminder - INFO - log:98 - (56, "Prepare for an unparalleled journey beyond the fabric of time and space. At precisely 20:26, your personal quantum chronometer will activate, initiating a brief, controlled temporal displacement. This isn't just a viewing; it's an immersive, personalized experience designed to give you a fleeting glimpse of a unique historical or future moment of your choosing (or a serendipitous random selection if no preference is indicated prior). Advanced neural interface technology will ensure full sensory immersion, making the 'leap' feel utterly real. Data stream encryption and temporal signature cloaking are in full effect for your absolute privacy and safety. Enjoy the ultimate adventure in trans-dimensional exploration.", 0, 0, '{"time": "2025-12-30 20:26", "type": "once", "timezone": "CET"}', 1, 1, '', None, datetime.datetime(2025, 12, 30, 20, 24, 45), 'Initiate Quantum Chrono-Leap')
2025-12-31 21:06:23 - Eminder - INFO - log:98 - (57, 'Prepare for an extraordinary evening of stargazing! Gather your favorite warm blanket, a comfortable spot, and perhaps a hot beverage. Tonight, we will gaze upon the magnificent winter sky, identifying constellations, spotting distant galaxies, and marveling at the cosmic ballet above. Research some interesting facts about the constellations visible tonight to enhance your experience. This is a perfect opportunity for reflection and connecting with the vastness of the universe. Consider having a telescope or binoculars handy if available to explore even deeper into the cosmos. Let the wonder unfold!', 0, 0, '{"time": "2025-12-30 20:26", "type": "once", "timezone": "CET"}', 1, 1, '', datetime.datetime(2025, 12, 30, 20, 26, 10), datetime.datetime(2025, 12, 30, 20, 25, 27), 'Celestial Wonders Observation')
2025-12-31 21:06:23 - Eminder - INFO - log:98 - (58, "Tonight, before bed, discreetly 'borrow' one sock from every pair in your drawer. Mix them up. Tomorrow's mission: find two matching socks. The struggle will be real, and hilarious for any onlookers (or just you in the mirror).", 0, 0, '{"time": "20:30", "type": "daily", "timezone": "CET"}', 1, 1, '', datetime.datetime(2025, 12, 31, 20, 44, 46), datetime.datetime(2025, 12, 30, 20, 29, 36), 'Operation: Sock Theft')
2025-12-31 21:06:23 - Eminder - INFO - log:98 - (59, 'Observe a houseplant very closely. Whisper to it about the global conspiracy of sentient garden gnomes. See if it wilts in fear or starts developing new, suspicious growths. Document findings for future comedic reference.', 0, 0, '{"time": "20:30", "type": "daily", "timezone": "CET"}', 1, 1, '', datetime.datetime(2025, 12, 31, 20, 44, 46), datetime.datetime(2025, 12, 30, 20, 29, 36), 'Conspiracy Theory Pot Plant')
2025-12-31 21:06:23 - Eminder - INFO - log:98 - (60, "For a brief moment, pretend to slip on an invisible banana peel in a public place (or your kitchen, if you're shy). Commit to the bit. The confusion on people's faces (or your pet's) will be priceless. Don't actually fall!", 0, 0, '{"time": "20:30", "type": "daily", "timezone": "CET"}', 1, 1, '', datetime.datetime(2025, 12, 31, 20, 44, 46), datetime.datetime(2025, 12, 30, 20, 29, 36), 'Invisible Banana Peel Challenge')
2025-12-31 21:06:23 - Eminder - INFO - log:98 - (61, 'Pick your favorite (or least favorite) cereal box. At 20:30, perform a dramatic, Shakespearean reading of the ingredients list, nutritional facts, and any marketing slogans. Bonus points for a ridiculously deep voice and exaggerated gestures.', 0, 0, '{"time": "20:30", "type": "daily", "timezone": "CET"}', 1, 1, '', None, datetime.datetime(2025, 12, 30, 20, 29, 36), 'Dramatic Cereal Reading')
2025-12-31 21:06:23 - Eminder - INFO - log:98 - (62, 'Tonight, before turning in, draw a comical moustache on your index finger. Hold it up to your face and greet yourself in the mirror with a ridiculously deep voice, introducing yourself as an important dignitary. Practice your serious politician pose.', 0, 0, '{"time": "20:30", "type": "daily", "timezone": "CET"}', 1, 1, '', None, datetime.datetime(2025, 12, 30, 20, 29, 36), 'The Great Imposter Moustache')
2025-12-31 21:06:23 - Eminder - INFO - log:98 - (63, "For the next hour, try to make every sentence you utter rhyme. It's harder than it seems, and the resulting non-sequiturs will be absolutely absurd and sure to bring a smile, or at least a chuckle, to your face (and anyone listening, if you dare to speak aloud).", 0, 0, '{"time": "20:30", "type": "daily", "timezone": "CET"}', 1, 1, '', None, datetime.datetime(2025, 12, 30, 20, 29, 36), 'Attempt to Speak in Rhyme')
2025-12-31 21:06:23 - Eminder - INFO - log:98 - (64, "Begin your new hobby: collecting spoons. Not fancy ones, just regular, everyday spoons. Declare to anyone who asks (or doesn't) that you're a serious 'domestic utensil curator.' Act very mysterious and profound about your collection.", 0, 0, '{"time": "20:30", "type": "daily", "timezone": "CET"}', 1, 1, '', datetime.datetime(2025, 12, 31, 20, 44, 46), datetime.datetime(2025, 12, 30, 20, 29, 36), 'Become a Spoon Collector')
2025-12-31 21:06:23 - Eminder - INFO - log:98 - (65, 'Dina Svärmorstunga, Jukkapalm och Aloe Vera är alla torktåliga växter som mår bäst av att torka ut ordentligt mellan vattningarna. Vattna dem grundligt när jorden är helt torr, oftast varannan till var tredje vecka beroende på säsong och inomhusklimat. Ett bra sätt att kontrollera är att sticka ner ett finger 5-10 cm i jorden – om det känns torrt är det dags. Att övervattna är det vanligaste misstaget, vilket kan leda till rotröta.', 0, 0, '{"time": "09:00", "type": "interval", "interval": "14", "timezone": "CET"}', 1, 1, '', None, datetime.datetime(2025, 12, 31, 10, 11, 14), 'Vattna Svärmorstunga, Jukkapalm och Aloe Vera')
2025-12-31 21:06:23 - Eminder - INFO - log:98 - (66, 'Här är en inköpslista för vegansk, proteinrik och hälsosam kost från Lidl, med en budget på cirka 500 kr för en vecka. Denna lista fokuserar på prisvärda basvaror som ger dig en god grund för att laga näringsrika måltider.\n\n**Proteinbaser:**\n1.  **Linser (torkade, röda eller gröna, 500g):** Mycket prisvärt, protein- och fiberrikt. Perfekt för grytor, soppor, att göra egen färs eller biffar. Räcker till flera måltider.\n2.  **Kikärtor (konserverade, 3-4 burkar):** Mångsidigt och proteinrikt. Använd i grytor, sallader, rostade som snacks eller för att göra hummus.\n3.  **Svarta bönor (konserverade, 2-3 burkar):** Utmärkt källa till protein och fibrer. Passar i tacos, chili, sallader och som bas i vegobiffar.\n4.  **Naturell Tofu (om Lidl har Vemondo-märket):** En utmärkt och neutral proteinbas som kan stekas, marineras eller smulas ner i rätter.\n5.  **Havregryn (stor förpackning, ca 1kg):** En billig, protein- och fiberrik bas för frukostgröt. Kan även användas i vegobiffar eller för att baka.\n6.  **Jordnötter (naturella, stor påse):** Ger hälsosamma fetter, protein och energi. Perfekt som mellanmål eller att toppa rätter med.\n\n**Grönsaker och Frukt:**\n7.  **Potatis (2 kg):** En prisvärd och mättande kolhydratskälla. Bra till det mesta.\n8.  **Morötter (1 kg):** Fulla med vitaminer och fibrer, billiga och håller länge. Perfekt i grytor, soppor eller rårivna.\n9.  **Gul lök (1 kg-nät):** En basvara för de flesta maträtter, ger djup smak.\n10. **Vitlök (1-2 hela):** Oumbärlig smaksättare i det veganska köket.\n11. **Spenat (färsk eller fryst):** Rik på järn och vitaminer. Använd i grytor, smoothies eller som tillbehör.\n12. **Konserverade krossade tomater/passata (2-3 burkar):** Bas för såser, grytor och chilis. Lång hållbarhet och prisvärt.\n13. **Äpplen (1 kg):** Hälsosamt och fiberrikt mellanmål eller till frukost.\n14. **Bananer (1 kg):** Bra energikälla, mellanmål eller i smoothies.\n\n**Kolhydrater och Fetter:**\n15. **Fullkornspasta (500g):** Fiberrik och mättande kolhydratskälla.\n16. **Råris/Fullkornsris (1 kg):** Ett näringsrikare alternativ till vitt ris, bra till grytor och som bas.\n17. **Rapsolja (stor flaska):** En hälsosam och prisvärd matlagningsolja. (Om du inte redan har hemma).\n\n**Kryddor och Övrigt:**\n18. **Grönsaksbuljong (tärningar):** Smakförstärkare som lyfter många rätter. Ger extra umami.\n\nDenna lista ger dig en bra grund för att laga varierande och näringsrika veganska måltider under veckan, med fokus på protein, fibrer och hälsosamma fetter, samtidigt som du håller dig inom din budget på Lidl.', 0, 0, '{"days": "sat", "time": "10:00", "type": "weekly", "timezone": "CET"}', 1, 1, '', None, datetime.datetime(2025, 12, 31, 10, 17, 27), 'Inköpslista Vegansk Kost Lidl')
2025-12-31 21:06:23 - Eminder - INFO - log:98 - (67, 'Planera din veckohandling till lördag förmiddag för att säkerställa tillgång till färska varor och ge dig gott om tid för eventuell måltidsförberedelse inför den kommande veckan. Fokusera på basvaror som ger mycket protein och fibrer, samt en bred variation av vitaminer och mineraler. Denna inköpslista är anpassad för att hitta prisvärda och näringsrika alternativ på både Lidl och Willys.\n\n**Högproteinkällor:**\n*   Stora förpackningar av torkade linser (röda, gröna, svarta) och kikärtor.\n*   Burkar med svarta bönor, kidneybönor och vita bönor (för snabbare måltider).\n*   Naturell tofu (fast eller extra fast) och/eller tempeh (om tillgängligt).\n*   Vegofärs eller vegokorv/vegobullar (t.ex. Lidls Vemondo-märke, Willys Garants sortiment eller Anamma).\n*   Osötad sojamjölk och naturell sojayoghurt.\n*   Jordnötssmör eller annat nötsmör utan tillsatt socker.\n\n**Fullkorn och Hälsosamma Kolhydrater:**\n*   Quinoa, brunt ris, fullkornspasta, havregryn (gärna grova).\n*   Sötpotatis, potatis, rotfrukter (morötter, palsternackor).\n\n**Grönsaker och Frukt (variera efter säsong och pris):**\n*   Broccoli, spenat, grönkål, mangold, champinjoner, paprikor i olika färger, lök, vitlök, tomater, gurka.\n*   Frysta bär (hallon, blåbär) för smoothies och färska bär/frukt som äpplen, bananer, apelsiner.\n\n**Nötter, Frön och Hälsosamma Fetter:**\n*   Chiafrön, linfrön, pumpafrön, solrosfrön.\n*   Mandlar, valnötter, cashewnötter.\n*   Avokado (när prisvärt), extra virgin olivolja, rapsolja.\n\n**Basvaror och Smaksättare:**\n*   Buljongtärningar/pulver, tomatkross, krossade tomater, passerade tomater.\n*   Ättika, senap, sojasås/tamari, diverse kryddor.\n\nInnan du handlar, kolla alltid veckans reklamblad från både Lidl och Willys för att jämföra priser på dina basvaror och planera veckans måltider utifrån de bästa erbjudandena.', 0, 0, '{"days": "sat", "time": "10:00", "type": "weekly", "timezone": "CET"}', 1, 1, '', None, datetime.datetime(2025, 12, 31, 10, 23, 52), 'Veckohandling: Högprotein Vegan – Fokus Baljväxter & Fullkorn')
2025-12-31 21:06:23 - Eminder - INFO - log:98 - (68, "Denna plan fokuserar på att handla på söndag eftermiddag. Detta ger dig möjlighet att i lugn och ro planera veckans måltider utifrån familjens schema och dina träningspass, samt att förbereda matlådor för veckan direkt efter inköpen. Målet är att variera dina proteinkällor och grönsaker för optimal näring, minskad mattrötthet och att utnyttja hela näringsspektrat.\n\n**Högproteinkällor för Variation:**\n*   Utöver de vanliga baljväxterna (linser, bönor, kikärtor), titta efter färdigmarinerad tofu, tempeh eller seitan (om tillgängligt).\n*   Utforska olika sorters veganska proteinprodukter som färdiga biffar, schnitzlar eller 'kycklingfiléer' (läs innehållsförteckning för proteinhalt).\n*   Ärt- eller risprotein för smoothies eller för att berika gröt/yoghurt.\n*   Näringsjäst för en umami-boost och extra B-vitaminer.\n\n**Fullkorn & Energi:**\n*   Bulgur, couscous (snabb tillagning), pasta av gröna linser/kikärtor, fullkornspasta, fullkornsbröd eller knäckebröd.\n*   Potatis, sötpotatis, matvete.\n\n**Grönsaker och Frukt (färg, form och funktion):**\n*   En bred palett av grönsaker, inklusive säsongens utbud. Tänk färg och sort: aubergine, zucchini, blomkål, grönkål, rödlök, purjolök, paprika (olika färger), tomater, gurka, färska örter.\n*   Frysta grönsaksblandningar (t.ex. wokgrönsaker, ärtor/majs/paprika) är praktiska och prisvärda.\n*   Olika sorters frukt för frukost och mellanmål: äpplen, päron, bananer, citrusfrukter. Frysta bär för smoothies och gröt.\n\n**Nötter, Frön och Hälsosamma Fetter:**\n*   Variation här också: cashewnötter, hasselnötter, pinjenötter, solrosfrön, pumpafrön, chiafrön.\n*   Nötsmör (mandel-, cashew- eller jordnötssmör) utan tillsatt socker/olja.\n*   Avokado, olivolja, tahini (sesampasta).\n\n**Dryck/Mejeriprodukter:**\n*   Osötad sojamjölk (hög protein), havremjölk (för variation), mandelmjölk.\n*   Naturell sojayoghurt eller kokosyoghurt (för variation).\n\n**Planeringstips:**\nPlanera utifrån 3-4 huvudmåltider du tänker äta under veckan (t.ex. linsgryta, tacobowl med vegofärs, wok med tofu, bönchili, wraps med hummus och grönsaker). Handla därefter för att undvika svinn. Kom ihåg att alltid kolla butikernas (Lidl/Willys) veckans erbjudanden för att optimera inköpen och maximera näringsintaget till ett bra pris.", 0, 0, '{"days": "sun", "time": "14:00", "type": "weekly", "timezone": "CET"}', 1, 1, '', None, datetime.datetime(2025, 12, 31, 10, 23, 52), 'Veckohandling: Måltidsplanering & Varierad Proteinrik Kost')
2025-12-31 21:06:23 - Eminder - INFO - log:98 - (69, 'Här kommer ett roligt skämt för att pigga upp dig mitt på onsdagen klockan 10:30! Perfekt för att få ett leende på läpparna innan lunch. \n\nVarför gick tomaten och la sig? \n\nFör den var så röd!', 0, 0, '{"days": "wed", "time": "10:30", "type": "weekly", "timezone": "CET"}', 1, 1, '', datetime.datetime(2025, 12, 31, 10, 30, 7), datetime.datetime(2025, 12, 31, 10, 28, 27), 'Dags för ett onsdagsskratt!')
2025-12-31 21:06:23 - Eminder - INFO - log:98 - (70, "At 21:03 on December 31, 2025, take a moment to prepare for an epic New Year's Eve! Put on your favorite chill-out tunes, grab a delicious non-alcoholic or alcoholic beverage, and set a positive intention for the final hours of the year. This is your personal cool-down before the big countdown, a perfect time to jot down a few wishes for 2026!", 0, 0, '{"days": "", "time": "2025-12-31 21:03", "type": "once", "interval": "", "timezone": "CET"}', 1, 1, '', datetime.datetime(2025, 12, 31, 21, 3, 12), datetime.datetime(2025, 12, 31, 21, 2, 10), 'NYE Cool-Down & Wish Prep')
2025-12-31 21:08:30 - Eminder - INFO - log:98 - Schedulerservice was stopped with keyboard interrupt.
