2025-12-29 18:11:21 - Eminder - INFO - log:98 - E-mail with Id: 19b6b17c322e3ce0 has been sent to emil.sjoekvist@gmail.com.
2025-12-29 19:13:25 - Eminder - INFO - log:98 - Listing records in Task table:
2025-12-29 19:13:25 - Eminder - INFO - log:98 - (6, 'Triggas kl 15:02', 0, 0, '{"time": "2025-12-08 15:02", "type": "once", "timezone": "Europe/Stockholm"}', 1, 3, '0', datetime.datetime(2025, 12, 8, 15, 2), datetime.datetime(2025, 12, 8, 15, 1, 30))
2025-12-29 19:13:25 - Eminder - INFO - log:98 - (7, 'Weeeeeeeee', 0, 0, '{"time": "2025-12-08 15:24", "type": "once", "timezone": "Europe/Stockholm"}', 1, 3, '0', datetime.datetime(2025, 12, 8, 15, 24, 1), datetime.datetime(2025, 12, 8, 15, 23, 29))
2025-12-29 19:13:25 - Eminder - INFO - log:98 - (8, 'Halloooooooooooooo', 1, 1, '{"time": "16:15", "type": "daily", "timezone": "Europe/Stockholm"}', 1, 3, 'Ludvika', datetime.datetime(2025, 12, 8, 16, 19, 21), datetime.datetime(2025, 12, 8, 16, 14, 21))
2025-12-29 19:13:25 - Eminder - INFO - log:98 - (9, 'rfkdlösflkdsf', 0, 0, '{"time": "16:20", "type": "daily", "timezone": "Europe/Stockholm"}', 1, 3, '0', datetime.datetime(2025, 12, 8, 16, 20, 4), datetime.datetime(2025, 12, 8, 16, 20, 1))
2025-12-29 19:13:25 - Eminder - INFO - log:98 - (10, 'WOoooooooooooooo', 0, 0, '{"time": "17:56", "type": "daily", "timezone": "Europe/Stockholm"}', 1, 3, '0', datetime.datetime(2025, 12, 8, 19, 12, 59), datetime.datetime(2025, 12, 8, 17, 55, 12))
2025-12-29 19:13:25 - Eminder - INFO - log:98 - (11, 'AYrjisaorjsakrj', 0, 0, '{"days": "mon, wed, fri", "time": "12:00", "type": "weekly", "timezone": "Europe/Stockholm"}', 1, 3, '0', datetime.datetime(2025, 12, 8, 19, 23, 1), datetime.datetime(2025, 12, 8, 18, 22, 40))
2025-12-29 19:13:25 - Eminder - INFO - log:98 - (12, 'Jidsfjoeiwjroiriefwk', 0, 0, '{"time": "19:30", "type": "interval", "interval": "2", "timezone": "Europe/Stockholm"}', 1, 3, '0', datetime.datetime(2025, 12, 8, 19, 20, 14), datetime.datetime(2025, 12, 8, 19, 19, 23))
2025-12-29 19:13:25 - Eminder - INFO - log:98 - (13, 'ek32rep32orkew', 0, 0, '{"days": "tue", "time": "11:00", "type": "weekly", "timezone": "Europe/Stockholm"}', 1, 3, '0', datetime.datetime(2025, 12, 9, 15, 9, 18), datetime.datetime(2025, 12, 8, 19, 23, 24))
2025-12-29 19:13:25 - Eminder - INFO - log:98 - (14, 'er2rk34fkpfkpdkf', 0, 0, '{"time": "19:42", "type": "interval", "interval": "0", "timezone": "Europe/Stockholm"}', 1, 3, '0', datetime.datetime(2025, 12, 9, 9, 22, 30), datetime.datetime(2025, 12, 8, 19, 41, 4))
2025-12-29 19:13:25 - Eminder - INFO - log:98 - (15, 'fdsfdsfdsf', 0, 0, '{"time": "19:58", "type": "interval", "interval": "0", "timezone": "Europe/Stockholm"}', 1, 3, '0', datetime.datetime(2025, 12, 9, 9, 22, 30), datetime.datetime(2025, 12, 8, 19, 57, 35))
2025-12-29 19:13:25 - Eminder - INFO - log:98 - (16, 'dfwdfe2fewf', 0, 0, '{"days": "mon", "time": "20:30", "type": "weekly", "timezone": "Europe/Stockholm"}', 1, 3, '0', datetime.datetime(2025, 12, 8, 20, 30, 3), datetime.datetime(2025, 12, 8, 20, 7, 10))
2025-12-29 19:13:25 - Eminder - INFO - log:98 - (17, 'kdosfkpdfkopdskf', 0, 0, '{"days": "mon, wed, fri", "time": "20:38", "type": "weekly", "timezone": "Europe/Stockholm"}', 1, 3, '0', datetime.datetime(2025, 12, 8, 20, 38, 8), datetime.datetime(2025, 12, 8, 20, 37, 25))
2025-12-29 19:13:25 - Eminder - INFO - log:98 - (18, 'fdpfk3porkop34kr3e', 0, 0, '{"time": "20:41", "type": "interval", "interval": "0", "timezone": "Europe/Stockholm"}', 1, 3, '0', datetime.datetime(2025, 12, 9, 9, 22, 30), datetime.datetime(2025, 12, 8, 20, 39, 55))
2025-12-29 19:13:25 - Eminder - INFO - log:98 - (19, 'Fipfkpdsofkpds', 0, 0, '{"time": "10:00", "type": "daily", "timezone": "CET"}', 1, 1, '0', None, datetime.datetime(2025, 12, 9, 18, 48, 14))
2025-12-29 19:13:25 - Eminder - INFO - log:98 - (20, 'epofdkefkpewrw', 0, 0, '{"time": "10:00", "type": "interval", "interval": "1", "timezone": "CET"}', 1, 1, '0', None, datetime.datetime(2025, 12, 9, 18, 48, 55))
2025-12-29 19:13:25 - Eminder - INFO - log:98 - (21, 'mfpdofsfd', 0, 0, '{"days": "mon", "time": "11:11", "type": "weekly", "timezone": "CET"}', 1, 1, '0', None, datetime.datetime(2025, 12, 9, 18, 50, 5))
2025-12-29 19:13:25 - Eminder - INFO - log:98 - (22, 'rwefdsfdsf', 0, 0, '{"days": "wed", "time": "15:00", "type": "weekly", "timezone": "CET"}', 1, 1, '0', datetime.datetime(2025, 12, 10, 15, 0, 1), datetime.datetime(2025, 12, 9, 18, 51, 5))
2025-12-29 19:13:25 - Eminder - INFO - log:98 - (23, 'fdsfewfew', 0, 0, '{"time": "11:11", "type": "daily", "timezone": "CET"}', 1, 1, '0', None, datetime.datetime(2025, 12, 9, 18, 59, 48))
2025-12-29 19:13:25 - Eminder - INFO - log:98 - (24, 'dsffopewkrfew', 0, 0, '{"time": "10:00", "type": "daily", "timezone": "CET"}', 1, 1, '0', None, datetime.datetime(2025, 12, 9, 19, 25, 13))
2025-12-29 19:13:25 - Eminder - INFO - log:98 - (25, 'fdospfkdsokgffoepw', 0, 0, '{"time": "13:00", "type": "daily", "timezone": "CET"}', 1, 1, '0', datetime.datetime(2025, 12, 10, 13, 0, 10), datetime.datetime(2025, 12, 9, 19, 26, 54))
2025-12-29 19:13:25 - Eminder - INFO - log:98 - (26, 'Första skarpa mailet som skickas ut om det fungerar!!', 0, 0, '{"time": "2025-12-09 19:51", "type": "once", "timezone": "CET"}', 1, 1, '0', datetime.datetime(2025, 12, 9, 19, 51, 4), datetime.datetime(2025, 12, 9, 19, 50, 16))
2025-12-29 19:13:25 - Eminder - INFO - log:98 - (27, 'Vi tester att skicka till två mottagare!!', 0, 0, '{"time": "2025-12-09 19:57", "type": "once", "timezone": "CET"}', 1, 1, '0', datetime.datetime(2025, 12, 9, 19, 57, 5), datetime.datetime(2025, 12, 9, 19, 54, 54))
2025-12-29 19:13:25 - Eminder - INFO - log:98 - (28, 'Asakfopdskfpdskfpoekr', 0, 0, '{"days": "tue", "time": "21:18", "type": "weekly", "timezone": "CET"}', 1, 1, '0', datetime.datetime(2025, 12, 9, 21, 18, 35), datetime.datetime(2025, 12, 9, 21, 16, 44))
2025-12-29 19:13:25 - Eminder - INFO - log:98 - (29, 'PKpskofkpsfkod', 0, 0, '{"days": "09", "time": "21:24", "type": "monthly", "timezone": "CET"}', 1, 1, '0', datetime.datetime(2025, 12, 9, 21, 52, 29), datetime.datetime(2025, 12, 9, 21, 23, 18))
2025-12-29 19:13:25 - Eminder - INFO - log:98 - (30, 'rewpik43iomroi43r34r', 0, 0, '{"days": "9", "time": "21:47", "type": "monthly", "timezone": "CET"}', 1, 1, '0', datetime.datetime(2025, 12, 9, 21, 52, 29), datetime.datetime(2025, 12, 9, 21, 45, 15))
2025-12-29 19:13:25 - Eminder - INFO - log:98 - (31, 'Nu skickar vi ett mail va hehe', 0, 0, '{"days": "tue", "time": "21:55", "type": "weekly", "timezone": "CET"}', 1, 1, '0', datetime.datetime(2025, 12, 9, 21, 55, 11), datetime.datetime(2025, 12, 9, 21, 54, 5))
2025-12-29 19:13:25 - Eminder - INFO - log:98 - (32, 'EEPokwpfkoewpwekfopwkepf', 0, 0, '{"time": "2025-12-09 22:04", "type": "once", "timezone": "CET"}', 1, 1, '0', None, datetime.datetime(2025, 12, 9, 22, 2, 52))
2025-12-29 19:13:25 - Eminder - INFO - log:98 - (33, 'fkdsfldkfgd', 0, 0, '{"time": "2025-12-09 22:08", "type": "once", "timezone": "CET"}', 1, 1, '0', None, datetime.datetime(2025, 12, 9, 22, 6, 13))
2025-12-29 19:13:25 - Eminder - INFO - log:98 - (34, 'dsfidsgregfd', 0, 0, '{"time": "2025-12-09 22:09", "type": "once", "timezone": "CET"}', 1, 1, '0', datetime.datetime(2025, 12, 9, 22, 9, 11), datetime.datetime(2025, 12, 9, 22, 7, 53))
2025-12-29 19:13:25 - Eminder - INFO - log:98 - (35, 'Nu är klockan 07:48!! Fan!', 0, 0, '{"time": "07:48", "type": "daily", "timezone": "CET"}', 1, 1, '0', datetime.datetime(2025, 12, 12, 9, 54, 29), datetime.datetime(2025, 12, 10, 7, 47, 6))
2025-12-29 19:13:25 - Eminder - INFO - log:98 - (36, 'Bara skickar massa skit!!', 0, 0, '{"days": "10", "time": "08:19", "type": "monthly", "timezone": "CET"}', 1, 1, '0', datetime.datetime(2025, 12, 10, 8, 19, 9), datetime.datetime(2025, 12, 10, 8, 18, 13))
2025-12-29 19:13:25 - Eminder - INFO - log:98 - (37, 'dfgre4ergfd', 0, 0, '{"time": "08:22", "type": "interval", "interval": "1", "timezone": "CET"}', 1, 1, '0', None, datetime.datetime(2025, 12, 10, 8, 20, 24))
2025-12-29 19:13:25 - Eminder - INFO - log:98 - (38, 'fdsopfkopefkoekf', 0, 0, '{"time": "16:57", "type": "daily", "timezone": "CET"}', 1, 1, '0', None, datetime.datetime(2025, 12, 10, 16, 55, 25))
2025-12-29 19:13:25 - Eminder - INFO - log:98 - (39, 'fdfopdfkopdkf', 0, 0, '{"time": "2025-12-10 16:58", "type": "once", "timezone": "CET"}', 1, 1, '0', datetime.datetime(2025, 12, 10, 16, 58, 8), datetime.datetime(2025, 12, 10, 16, 56, 20))
2025-12-29 19:13:25 - Eminder - INFO - log:98 - (40, 'Sending random e-mail on Thursdays 05:56!', 0, 0, '{"days": "thu", "time": "05:56", "type": "weekly", "timezone": "CET"}', 1, 1, '0', None, datetime.datetime(2025, 12, 11, 5, 54, 38))
2025-12-29 19:13:25 - Eminder - INFO - log:98 - (41, 'Sending random mail at 05:58!!', 0, 0, '{"days": "thu", "time": "05:58", "type": "weekly", "timezone": "CET"}', 1, 1, '0', datetime.datetime(2025, 12, 11, 5, 58, 12), datetime.datetime(2025, 12, 11, 5, 56, 44))
2025-12-29 19:13:25 - Eminder - INFO - log:98 - (42, 'dfsdfsdf3f32f23', 0, 0, '{"time": "2025-12-11 06:39", "type": "once", "timezone": "CET"}', 1, 1, '0', datetime.datetime(2025, 12, 11, 6, 40, 23), datetime.datetime(2025, 12, 11, 6, 38, 33))
2025-12-29 19:13:25 - Eminder - INFO - log:98 - (43, 'Hej!', 0, 0, '{"time": "2025-12-11 06:48", "type": "once", "timezone": "CET"}', 1, 1, '0', datetime.datetime(2025, 12, 11, 6, 48, 8), datetime.datetime(2025, 12, 11, 6, 48, 2))
2025-12-29 19:13:25 - Eminder - INFO - log:98 - (44, 'Sending one mail every 11th of the month.', 0, 0, '{"days": "11", "time": "06:54", "type": "monthly", "timezone": "CET"}', 1, 1, '0', datetime.datetime(2025, 12, 11, 6, 54, 5), datetime.datetime(2025, 12, 11, 6, 53, 38))
2025-12-29 19:13:25 - Eminder - INFO - log:98 - (45, 'Hej här är meddelande om kommer 11:22 på fredagar', 0, 0, '{"days": "fri", "time": "11:22", "type": "weekly", "timezone": "CET"}', 1, 1, '0', datetime.datetime(2025, 12, 12, 11, 22, 14), datetime.datetime(2025, 12, 12, 11, 20, 24))
