2025-12-11 05:54:38 - Eminder - INFO - log:98 - TaskId 40 has been saved! Message: Sending random e-mail on Thursdays 05:56!. Schedule: {"type": "weekly", "days": "thu", "time": "05:56", "timezone": "CET"}.
2025-12-11 05:54:44 - Eminder - INFO - log:98 - Listing all recipients:
2025-12-11 05:54:44 - Eminder - INFO - log:98 - (1, 'Emil Sjökvist', 'emil.sjoekvist@gmail.com', '+46736487806', 1)
2025-12-11 05:54:44 - Eminder - INFO - log:98 - (3, 'emil.sjokvist@gmail.com', 'emil.sjokvist@gmail.com', '123', 1)
2025-12-11 05:54:44 - Eminder - INFO - log:98 - (5, 'emilthemaster@hotmail.com', 'emilthemaster@hotmail.com', '123455', 1)
2025-12-11 05:54:53 - Eminder - ERROR - error:138 - 1452 (23000): Cannot add or update a child row: a foreign key constraint fails (`emilsschedulerdb`.`taskrecipients`, CONSTRAINT `RecipientId` FOREIGN KEY (`RecipientId`) REFERENCES `recipients` (`RecipientId`) ON DELETE CASCADE)
2025-12-11 05:56:44 - Eminder - INFO - log:98 - TaskId 41 has been saved! Message: Sending random mail at 05:58!!. Schedule: {"type": "weekly", "days": "thu", "time": "05:58", "timezone": "CET"}.
2025-12-11 05:56:49 - Eminder - INFO - log:98 - Listing all recipients:
2025-12-11 05:56:49 - Eminder - INFO - log:98 - (1, 'Emil Sjökvist', 'emil.sjoekvist@gmail.com', '+46736487806', 1)
2025-12-11 05:56:49 - Eminder - INFO - log:98 - (3, 'emil.sjokvist@gmail.com', 'emil.sjokvist@gmail.com', '123', 1)
2025-12-11 05:56:49 - Eminder - INFO - log:98 - (5, 'emilthemaster@hotmail.com', 'emilthemaster@hotmail.com', '123455', 1)
2025-12-11 05:56:52 - Eminder - INFO - log:98 - TaskId 41 has been connected to RecipientId 3.
2025-12-11 05:58:13 - Eminder - INFO - log:98 - Message Id: 19b0bc6213008593
2025-12-11 05:58:14 - Eminder - INFO - log:98 - Last triggered updated to 2025-12-11 05:58:12.168112 On TaskId 41.
2025-12-11 06:38:33 - Eminder - INFO - log:98 - TaskId 42 has been saved! Message: dfsdfsdf3f32f23. Schedule: {"type": "once", "time": "2025-12-11 06:39", "timezone": "CET"}.
2025-12-11 06:38:40 - Eminder - INFO - log:98 - Listing all recipients:
2025-12-11 06:38:40 - Eminder - INFO - log:98 - (1, 'Emil Sjökvist', 'emil.sjoekvist@gmail.com', '+46736487806', 1)
2025-12-11 06:38:40 - Eminder - INFO - log:98 - (3, 'emil.sjokvist@gmail.com', 'emil.sjokvist@gmail.com', '123', 1)
2025-12-11 06:38:40 - Eminder - INFO - log:98 - (5, 'emilthemaster@hotmail.com', 'emilthemaster@hotmail.com', '123455', 1)
2025-12-11 06:38:42 - Eminder - INFO - log:98 - TaskId 42 has been connected to RecipientId 1.
2025-12-11 06:40:25 - Eminder - INFO - log:98 - Message with Id: 19b0becbe0c41e15 has been sent to emil.sjoekvist@gmail.com.
2025-12-11 06:40:25 - Eminder - INFO - log:98 - Last triggered updated to 2025-12-11 06:40:22.932850 On TaskId 42.
2025-12-11 06:48:02 - Eminder - INFO - log:98 - TaskId 43 has been saved! Message: Hej!. Schedule: {"type": "once", "time": "2025-12-11 06:48", "timezone": "CET"}.
2025-12-11 06:48:04 - Eminder - INFO - log:98 - Listing all recipients:
2025-12-11 06:48:04 - Eminder - INFO - log:98 - (1, 'Emil Sjökvist', 'emil.sjoekvist@gmail.com', '+46736487806', 1)
2025-12-11 06:48:04 - Eminder - INFO - log:98 - (3, 'emil.sjokvist@gmail.com', 'emil.sjokvist@gmail.com', '123', 1)
2025-12-11 06:48:04 - Eminder - INFO - log:98 - (5, 'emilthemaster@hotmail.com', 'emilthemaster@hotmail.com', '123455', 1)
2025-12-11 06:48:06 - Eminder - INFO - log:98 - TaskId 43 has been connected to RecipientId 1.
2025-12-11 06:48:10 - Eminder - INFO - log:98 - Message with Id: 19b0bf3d8a2b24c3 has been sent to emil.sjoekvist@gmail.com.
2025-12-11 06:48:10 - Eminder - INFO - log:98 - Operation times: 1.97. Start time: 2025-12-11 06:48:08.205464. Finish time 2025-12-11 06:48:10.171875.
2025-12-11 06:48:10 - Eminder - INFO - log:98 - Last triggered updated to 2025-12-11 06:48:08.186977 On TaskId 43.
2025-12-11 06:53:38 - Eminder - INFO - log:98 - TaskId 44 has been saved! Message: Sending one mail every 11th of the month.. Schedule: {"type": "monthly", "days": "11", "time": "06:54", "timezone": "CET"}.
2025-12-11 06:53:44 - Eminder - INFO - log:98 - Listing all recipients:
2025-12-11 06:53:44 - Eminder - INFO - log:98 - (1, 'Emil Sjökvist', 'emil.sjoekvist@gmail.com', '+46736487806', 1)
2025-12-11 06:53:44 - Eminder - INFO - log:98 - (3, 'emil.sjokvist@gmail.com', 'emil.sjokvist@gmail.com', '123', 1)
2025-12-11 06:53:44 - Eminder - INFO - log:98 - (5, 'emilthemaster@hotmail.com', 'emilthemaster@hotmail.com', '123455', 1)
2025-12-11 06:53:46 - Eminder - INFO - log:98 - TaskId 44 has been connected to RecipientId 3.
2025-12-11 06:54:08 - Eminder - INFO - log:98 - E-mail with Id: 19b0bf94ed807570 has been sent to emil.sjokvist@gmail.com.
2025-12-11 06:54:08 - Eminder - INFO - log:98 - Operation time: 3.44s. Start time: 2025-12-11 06:54:04.592854. Finish time 2025-12-11 06:54:08.030054.
2025-12-11 06:54:08 - Eminder - INFO - log:98 - Last triggered updated to 2025-12-11 06:54:04.562453 On TaskId 44.
